\BOOKMARK [0][-]{chapter.1}{\117\134\124\301\116\313\175\071}{}% 1
\BOOKMARK [1][-]{section.1.1}{\166\356\166\204}{chapter.1}% 2
\BOOKMARK [1][-]{section.1.2}{\145\207\116\366\121\154\175\004}{chapter.1}% 3
\BOOKMARK [1][-]{section.1.3}{\230\020\147\037\213\200\200\005\124\214\225\261\213\200\136\372\213\160}{chapter.1}% 4
\BOOKMARK [1][-]{section.1.4}{\212\010\165\153\173\304\127\015}{chapter.1}% 5
\BOOKMARK [1][-]{section.1.5}{\123\303\200\003\214\307\145\231}{chapter.1}% 6
\BOOKMARK [0][-]{chapter.2}{\176\075\232\324\143\317\217\360}{}% 7
\BOOKMARK [1][-]{section.2.1}{\165\042\124\301\220\017\211\226}{chapter.2}% 8
\BOOKMARK [1][-]{section.2.2}{\165\042\124\301\122\237\200\375}{chapter.2}% 9
\BOOKMARK [1][-]{section.2.3}{\165\(\142\066\230\136\122\045\124\214\162\171\214\352}{chapter.2}% 10
\BOOKMARK [1][-]{section.2.4}{\144\315\117\134\164\260\130\203}{chapter.2}% 11
\BOOKMARK [2][-]{subsection.2.4.1}{\216\337\232\324\227\000\154\102}{section.2.4}% 12
\BOOKMARK [2][-]{subsection.2.4.2}{\170\154\232\324\227\000\154\102}{section.2.4}% 13
\BOOKMARK [1][-]{section.2.5}{\212\055\212\010\124\214\133\346\117\134\116\012\166\204\226\120\122\066}{chapter.2}% 14
\BOOKMARK [1][-]{section.2.6}{\165\(\142\066\145\207\116\366}{chapter.2}% 15
\BOOKMARK [1][-]{section.2.7}{\120\107\212\055\124\214\117\235\214\364}{chapter.2}% 16
\BOOKMARK [0][-]{chapter.3}{\165\114\227\142\211\217\150\074\212\055\212\010}{}% 17
\BOOKMARK [1][-]{section.3.1}{\117\177\165\(\200\005\116\313\227\142}{chapter.3}% 18
\BOOKMARK [1][-]{section.3.2}{\170\154\232\324\165\114\227\142}{chapter.3}% 19
\BOOKMARK [1][-]{section.3.3}{\216\337\232\324\165\114\227\142}{chapter.3}% 20
\BOOKMARK [1][-]{section.3.4}{\220\032\117\341\165\114\227\142}{chapter.3}% 21
\BOOKMARK [0][-]{chapter.4}{\174\373\175\161\122\237\200\375}{}% 22
\BOOKMARK [1][-]{section.4.1}{\123\163\146\102\122\006\147\220\140\305\175\322}{chapter.4}% 23
\BOOKMARK [2][-]{subsection.4.1.1}{\122\237\200\375\145\130\217\360\124\214\121\052\121\110\175\032}{section.4.1}% 24
\BOOKMARK [2][-]{subsection.4.1.2}{\122\072\157\300/\123\315\141\311\136\217\122\027}{section.4.1}% 25
\BOOKMARK [2][-]{subsection.4.1.3}{\122\237\200\375\140\047\227\000\154\102}{section.4.1}% 26
\BOOKMARK [1][-]{section.4.2}{\134\010\151\155\166\204\175\351\124\214\152\137\122\066}{chapter.4}% 27
\BOOKMARK [2][-]{subsection.4.2.1}{\122\237\200\375\145\130\217\360\124\214\121\052\121\110\175\032}{section.4.2}% 28
\BOOKMARK [2][-]{subsection.4.2.2}{\122\072\157\300/\123\315\141\311\136\217\122\027}{section.4.2}% 29
\BOOKMARK [2][-]{subsection.4.2.3}{\122\237\200\375\140\047\227\000\154\102}{section.4.2}% 30
\BOOKMARK [1][-]{section.4.3}{\137\214\172\357\136\163\123\360\120\132\122\006\147\220\217\375\216\144}{chapter.4}% 31
\BOOKMARK [2][-]{subsection.4.3.1}{\122\237\200\375\145\130\217\360\124\214\121\052\121\110\175\032}{section.4.3}% 32
\BOOKMARK [2][-]{subsection.4.3.2}{\122\072\157\300/\123\315\141\311\136\217\122\027}{section.4.3}% 33
\BOOKMARK [2][-]{subsection.4.3.3}{\122\237\200\375\140\047\227\000\154\102}{section.4.3}% 34
\BOOKMARK [0][-]{chapter.5}{\121\166\116\326\227\136\122\237\200\375\140\047\227\000\154\102}{}% 35
\BOOKMARK [1][-]{section.5.1}{\140\047\200\375\227\000\154\102}{chapter.5}% 36
\BOOKMARK [1][-]{section.5.2}{safety\227\000\154\102}{chapter.5}% 37
\BOOKMARK [1][-]{section.5.3}{Security\227\000\154\102}{chapter.5}% 38
\BOOKMARK [1][-]{section.5.4}{\216\337\232\324\121\052\202\157\162\171\214\352}{chapter.5}% 39
\BOOKMARK [1][-]{section.5.5}{\125\106\151\155\211\217\173\304}{chapter.5}% 40
