This is pdfTeX, Version 3.14159265-2.6-1.40.16 (TeX Live 2015/Debian) (preloaded format=pdflatex 2017.12.19)  28 JUN 2018 20:31
entering extended mode
 restricted \write18 enabled.
 %&-line parsing enabled.
**srs.tex
(./srs.tex
LaTeX2e <2016/02/01>
Babel <3.9q> and hyphenation patterns for 81 language(s) loaded.
(./scrreprt.cls
Document Class: scrreprt 2018/03/30 v3.25 KOMA-Script document class (report)
(./scrkbase.sty
Package: scrkbase 2018/03/30 v3.25 KOMA-Script package (KOMA-Script-dependent b
asics and keyval usage)
 (./scrbase.sty
Package: scrbase 2018/03/30 v3.25 KOMA-Script package (KOMA-Script-independent 
basics and keyval usage)

(/usr/share/texlive/texmf-dist/tex/latex/graphics/keyval.sty
Package: keyval 2014/10/28 v1.15 key=value parser (DPC)
\KV@toks@=\toks14
) (./scrlfile.sty
Package: scrlfile 2018/03/30 v3.25 KOMA-Script package (loading files)
))) (./tocbasic.sty
Package: tocbasic 2018/03/30 v3.25 KOMA-Script package (handling toc-files)
\scr@dte@tocline@numberwidth=\skip41
\scr@dte@tocline@numbox=\box26
)
Package tocbasic Info: omitting babel extension for `toc'
(tocbasic)             because of feature `nobabel' available
(tocbasic)             for `toc' on input line 136.
Package tocbasic Info: defining new hook before heading of `' on input line 166
7.
Package scrreprt Info: You've used standard option `12pt'.
(scrreprt)             This is correct!
(scrreprt)             Internally I'm using `fontsize=12pt'.
(scrreprt)             If you'd like to set the option with \KOMAoptions,
(scrreprt)             you'd have to use `fontsize=12pt' there
(scrreprt)             instead of `12pt', too.
Class scrreprt Info: File `scrsize12pt.clo' used to setup font sizes on input l
ine 2328.

(/usr/share/texlive/texmf-dist/tex/latex/koma-script/scrsize12pt.clo

LaTeX Warning: \KOMAScriptVersion  is `2018/03/30 v3.25 KOMA-Script',
               but `2015/10/03 v3.19a KOMA-Script' was expected!
               You should not use classes, packages or files from
               different KOMA-Script versions.

File: scrsize12pt.clo 2018/03/30 v3.25 KOMA-Script font size class option (12pt
)
) (./typearea.sty
Package: typearea 2018/03/30 v3.25 KOMA-Script package (type area)
\ta@bcor=\skip42
\ta@div=\count79
\ta@hblk=\skip43
\ta@vblk=\skip44
\ta@temp=\skip45
\footheight=\skip46
Package typearea Info: These are the values describing the layout:
(typearea)             DIV  = 12
(typearea)             BCOR = 0.0pt
(typearea)             \paperwidth      = 597.50793pt
(typearea)              \textwidth      = 448.13095pt
(typearea)              DIV departure   = -6%
(typearea)              \evensidemargin = 2.4185pt
(typearea)              \oddsidemargin  = 2.4185pt
(typearea)             \paperheight     = 845.04694pt
(typearea)              \textheight     = 635.5pt
(typearea)              \topmargin      = -41.72441pt
(typearea)              \headheight     = 18.125pt
(typearea)              \headsep        = 21.75pt
(typearea)              \topskip        = 12.0pt
(typearea)              \footskip       = 50.75pt
(typearea)              \baselineskip   = 14.5pt
(typearea)              on input line 1706.
)
\c@part=\count80
\c@chapter=\count81
\c@section=\count82
\c@subsection=\count83
\c@subsubsection=\count84
\c@paragraph=\count85
\c@subparagraph=\count86
\scr@dte@part@maxnumwidth=\skip47
\scr@dte@chapter@maxnumwidth=\skip48
\scr@dte@section@maxnumwidth=\skip49
\scr@dte@subsection@maxnumwidth=\skip50
\scr@dte@subsubsection@maxnumwidth=\skip51
\scr@dte@paragraph@maxnumwidth=\skip52
\scr@dte@subparagraph@maxnumwidth=\skip53
\abovecaptionskip=\skip54
\belowcaptionskip=\skip55
\c@pti@nb@sid@b@x=\box27
\scr@dte@figure@maxnumwidth=\skip56
Package tocbasic Info: omitting babel extension for `lof'
(tocbasic)             because of feature `nobabel' available
(tocbasic)             for `lof' on input line 6247.
\c@figure=\count87
\scr@dte@table@maxnumwidth=\skip57
Package tocbasic Info: omitting babel extension for `lot'
(tocbasic)             because of feature `nobabel' available
(tocbasic)             for `lot' on input line 6264.
\c@table=\count88
Class scrreprt Info: Redefining `\numberline' on input line 6433.
\bibindent=\dimen102
)
(/usr/share/texlive/texmf-dist/tex/latex/listings/listings.sty
\lst@mode=\count89
\lst@gtempboxa=\box28
\lst@token=\toks15
\lst@length=\count90
\lst@currlwidth=\dimen103
\lst@column=\count91
\lst@pos=\count92
\lst@lostspace=\dimen104
\lst@width=\dimen105
\lst@newlines=\count93
\lst@lineno=\count94
\lst@maxwidth=\dimen106

(/usr/share/texlive/texmf-dist/tex/latex/listings/lstmisc.sty
File: lstmisc.sty 2015/06/04 1.6 (Carsten Heinz)
\c@lstnumber=\count95
\lst@skipnumbers=\count96
\lst@framebox=\box29
)
(/usr/share/texlive/texmf-dist/tex/latex/listings/listings.cfg
File: listings.cfg 2015/06/04 1.6 listings configuration
))
Package: listings 2015/06/04 1.6 (Carsten Heinz)

(/usr/share/texlive/texmf-dist/tex/latex/booktabs/booktabs.sty
Package: booktabs 2005/04/14 v1.61803 publication quality tables
\heavyrulewidth=\dimen107
\lightrulewidth=\dimen108
\cmidrulewidth=\dimen109
\belowrulesep=\dimen110
\belowbottomsep=\dimen111
\aboverulesep=\dimen112
\abovetopsep=\dimen113
\cmidrulesep=\dimen114
\cmidrulekern=\dimen115
\defaultaddspace=\dimen116
\@cmidla=\count97
\@cmidlb=\count98
\@aboverulesep=\dimen117
\@belowrulesep=\dimen118
\@thisruleclass=\count99
\@lastruleclass=\count100
\@thisrulewidth=\dimen119
)
(/usr/share/texlive/texmf-dist/tex/latex/underscore/underscore.sty
Package: underscore 2006/09/13
LaTeX Info: Redefining \_ on input line 42.
)
(/usr/share/texlive/texmf-dist/tex/latex/multirow/multirow.sty
\bigstrutjot=\dimen120
)
(/usr/share/texlive/texmf-dist/tex/latex/hyperref/hyperref.sty
Package: hyperref 2012/11/06 v6.83m Hypertext links for LaTeX

(/usr/share/texlive/texmf-dist/tex/generic/oberdiek/hobsub-hyperref.sty
Package: hobsub-hyperref 2012/05/28 v1.13 Bundle oberdiek, subset hyperref (HO)


(/usr/share/texlive/texmf-dist/tex/generic/oberdiek/hobsub-generic.sty
Package: hobsub-generic 2012/05/28 v1.13 Bundle oberdiek, subset generic (HO)
Package: hobsub 2012/05/28 v1.13 Construct package bundles (HO)
Package: infwarerr 2010/04/08 v1.3 Providing info/warning/error messages (HO)
Package: ltxcmds 2011/11/09 v1.22 LaTeX kernel commands for general use (HO)
Package: ifluatex 2010/03/01 v1.3 Provides the ifluatex switch (HO)
Package ifluatex Info: LuaTeX not detected.
Package: ifvtex 2010/03/01 v1.5 Detect VTeX and its facilities (HO)
Package ifvtex Info: VTeX not detected.
Package: intcalc 2007/09/27 v1.1 Expandable calculations with integers (HO)
Package: ifpdf 2011/01/30 v2.3 Provides the ifpdf switch (HO)
Package ifpdf Info: pdfTeX in PDF mode is detected.
Package: etexcmds 2011/02/16 v1.5 Avoid name clashes with e-TeX commands (HO)
Package etexcmds Info: Could not find \expanded.
(etexcmds)             That can mean that you are not using pdfTeX 1.50 or
(etexcmds)             that some package has redefined \expanded.
(etexcmds)             In the latter case, load this package earlier.
Package: kvsetkeys 2012/04/25 v1.16 Key value parser (HO)
Package: kvdefinekeys 2011/04/07 v1.3 Define keys (HO)
Package: pdftexcmds 2011/11/29 v0.20 Utility functions of pdfTeX for LuaTeX (HO
)
Package pdftexcmds Info: LuaTeX not detected.
Package pdftexcmds Info: \pdf@primitive is available.
Package pdftexcmds Info: \pdf@ifprimitive is available.
Package pdftexcmds Info: \pdfdraftmode found.
Package: pdfescape 2011/11/25 v1.13 Implements pdfTeX's escape features (HO)
Package: bigintcalc 2012/04/08 v1.3 Expandable calculations on big integers (HO
)
Package: bitset 2011/01/30 v1.1 Handle bit-vector datatype (HO)
Package: uniquecounter 2011/01/30 v1.2 Provide unlimited unique counter (HO)
)
Package hobsub Info: Skipping package `hobsub' (already loaded).
Package: letltxmacro 2010/09/02 v1.4 Let assignment for LaTeX macros (HO)
Package: hopatch 2012/05/28 v1.2 Wrapper for package hooks (HO)
Package: xcolor-patch 2011/01/30 xcolor patch
Package: atveryend 2011/06/30 v1.8 Hooks at the very end of document (HO)
Package atveryend Info: \enddocument detected (standard20110627).
Package: atbegshi 2011/10/05 v1.16 At begin shipout hook (HO)
Package: refcount 2011/10/16 v3.4 Data extraction from label references (HO)
Package: hycolor 2011/01/30 v1.7 Color options for hyperref/bookmark (HO)
)
(/usr/share/texlive/texmf-dist/tex/generic/ifxetex/ifxetex.sty
Package: ifxetex 2010/09/12 v0.6 Provides ifxetex conditional
)
(/usr/share/texlive/texmf-dist/tex/latex/oberdiek/auxhook.sty
Package: auxhook 2011/03/04 v1.3 Hooks for auxiliary files (HO)
)
(/usr/share/texlive/texmf-dist/tex/latex/oberdiek/kvoptions.sty
Package: kvoptions 2011/06/30 v3.11 Key value format for package options (HO)
)
\@linkdim=\dimen121
\Hy@linkcounter=\count101
\Hy@pagecounter=\count102

(/usr/share/texlive/texmf-dist/tex/latex/hyperref/pd1enc.def
File: pd1enc.def 2012/11/06 v6.83m Hyperref: PDFDocEncoding definition (HO)
)
\Hy@SavedSpaceFactor=\count103

(/usr/share/texlive/texmf-dist/tex/latex/latexconfig/hyperref.cfg
File: hyperref.cfg 2002/06/06 v1.2 hyperref configuration of TeXLive
)
Package hyperref Info: Option `bookmarks' set `true' on input line 4319.
Package hyperref Info: Hyper figures OFF on input line 4443.
Package hyperref Info: Link nesting OFF on input line 4448.
Package hyperref Info: Hyper index ON on input line 4451.
Package hyperref Info: Plain pages OFF on input line 4458.
Package hyperref Info: Backreferencing OFF on input line 4463.
Package hyperref Info: Implicit mode ON; LaTeX internals redefined.
Package hyperref Info: Bookmarks ON on input line 4688.
\c@Hy@tempcnt=\count104

(/usr/share/texlive/texmf-dist/tex/latex/url/url.sty
\Urlmuskip=\muskip10
Package: url 2013/09/16  ver 3.4  Verb mode for urls, etc.
)
LaTeX Info: Redefining \url on input line 5041.
\XeTeXLinkMargin=\dimen122
\Fld@menulength=\count105
\Field@Width=\dimen123
\Fld@charsize=\dimen124
Package hyperref Info: Hyper figures OFF on input line 6295.
Package hyperref Info: Link nesting OFF on input line 6300.
Package hyperref Info: Hyper index ON on input line 6303.
Package hyperref Info: backreferencing OFF on input line 6310.
Package hyperref Info: Link coloring OFF on input line 6315.
Package hyperref Info: Link coloring with OCG OFF on input line 6320.
Package hyperref Info: PDF/A mode OFF on input line 6325.
LaTeX Info: Redefining \ref on input line 6365.
LaTeX Info: Redefining \pageref on input line 6369.
\Hy@abspage=\count106
\c@Item=\count107
\c@Hfootnote=\count108
)

Package hyperref Message: Driver (autodetected): hpdftex.

(/usr/share/texlive/texmf-dist/tex/latex/hyperref/hpdftex.def
File: hpdftex.def 2012/11/06 v6.83m Hyperref driver for pdfTeX
\Fld@listcount=\count109
\c@bookmark@seq@number=\count110

(/usr/share/texlive/texmf-dist/tex/latex/oberdiek/rerunfilecheck.sty
Package: rerunfilecheck 2011/04/15 v1.7 Rerun checks for auxiliary files (HO)
Package uniquecounter Info: New unique counter `rerunfilecheck' on input line 2
82.
)
\Hy@SectionHShift=\skip58
)
(/usr/share/texlive/texmf-dist/tex/latex/base/inputenc.sty
Package: inputenc 2015/03/17 v1.2c Input encoding file
\inpenc@prehook=\toks16
\inpenc@posthook=\toks17

(/usr/share/texlive/texmf-dist/tex/latex/base/utf8.def
File: utf8.def 2015/12/03 v1.1r UTF-8 support for inputenc
Now handling font encoding OML ...
... no UTF-8 mapping file for font encoding OML
Now handling font encoding T1 ...
... processing UTF-8 mapping file for font encoding T1

(/usr/share/texlive/texmf-dist/tex/latex/base/t1enc.dfu
File: t1enc.dfu 2015/12/03 v1.1r UTF-8 support for inputenc
   defining Unicode char U+00A0 (decimal 160)
   defining Unicode char U+00A1 (decimal 161)
   defining Unicode char U+00A3 (decimal 163)
   defining Unicode char U+00AB (decimal 171)
   defining Unicode char U+00AD (decimal 173)
   defining Unicode char U+00BB (decimal 187)
   defining Unicode char U+00BF (decimal 191)
   defining Unicode char U+00C0 (decimal 192)
   defining Unicode char U+00C1 (decimal 193)
   defining Unicode char U+00C2 (decimal 194)
   defining Unicode char U+00C3 (decimal 195)
   defining Unicode char U+00C4 (decimal 196)
   defining Unicode char U+00C5 (decimal 197)
   defining Unicode char U+00C6 (decimal 198)
   defining Unicode char U+00C7 (decimal 199)
   defining Unicode char U+00C8 (decimal 200)
   defining Unicode char U+00C9 (decimal 201)
   defining Unicode char U+00CA (decimal 202)
   defining Unicode char U+00CB (decimal 203)
   defining Unicode char U+00CC (decimal 204)
   defining Unicode char U+00CD (decimal 205)
   defining Unicode char U+00CE (decimal 206)
   defining Unicode char U+00CF (decimal 207)
   defining Unicode char U+00D0 (decimal 208)
   defining Unicode char U+00D1 (decimal 209)
   defining Unicode char U+00D2 (decimal 210)
   defining Unicode char U+00D3 (decimal 211)
   defining Unicode char U+00D4 (decimal 212)
   defining Unicode char U+00D5 (decimal 213)
   defining Unicode char U+00D6 (decimal 214)
   defining Unicode char U+00D8 (decimal 216)
   defining Unicode char U+00D9 (decimal 217)
   defining Unicode char U+00DA (decimal 218)
   defining Unicode char U+00DB (decimal 219)
   defining Unicode char U+00DC (decimal 220)
   defining Unicode char U+00DD (decimal 221)
   defining Unicode char U+00DE (decimal 222)
   defining Unicode char U+00DF (decimal 223)
   defining Unicode char U+00E0 (decimal 224)
   defining Unicode char U+00E1 (decimal 225)
   defining Unicode char U+00E2 (decimal 226)
   defining Unicode char U+00E3 (decimal 227)
   defining Unicode char U+00E4 (decimal 228)
   defining Unicode char U+00E5 (decimal 229)
   defining Unicode char U+00E6 (decimal 230)
   defining Unicode char U+00E7 (decimal 231)
   defining Unicode char U+00E8 (decimal 232)
   defining Unicode char U+00E9 (decimal 233)
   defining Unicode char U+00EA (decimal 234)
   defining Unicode char U+00EB (decimal 235)
   defining Unicode char U+00EC (decimal 236)
   defining Unicode char U+00ED (decimal 237)
   defining Unicode char U+00EE (decimal 238)
   defining Unicode char U+00EF (decimal 239)
   defining Unicode char U+00F0 (decimal 240)
   defining Unicode char U+00F1 (decimal 241)
   defining Unicode char U+00F2 (decimal 242)
   defining Unicode char U+00F3 (decimal 243)
   defining Unicode char U+00F4 (decimal 244)
   defining Unicode char U+00F5 (decimal 245)
   defining Unicode char U+00F6 (decimal 246)
   defining Unicode char U+00F8 (decimal 248)
   defining Unicode char U+00F9 (decimal 249)
   defining Unicode char U+00FA (decimal 250)
   defining Unicode char U+00FB (decimal 251)
   defining Unicode char U+00FC (decimal 252)
   defining Unicode char U+00FD (decimal 253)
   defining Unicode char U+00FE (decimal 254)
   defining Unicode char U+00FF (decimal 255)
   defining Unicode char U+0100 (decimal 256)
   defining Unicode char U+0101 (decimal 257)
   defining Unicode char U+0102 (decimal 258)
   defining Unicode char U+0103 (decimal 259)
   defining Unicode char U+0104 (decimal 260)
   defining Unicode char U+0105 (decimal 261)
   defining Unicode char U+0106 (decimal 262)
   defining Unicode char U+0107 (decimal 263)
   defining Unicode char U+0108 (decimal 264)
   defining Unicode char U+0109 (decimal 265)
   defining Unicode char U+010A (decimal 266)
   defining Unicode char U+010B (decimal 267)
   defining Unicode char U+010C (decimal 268)
   defining Unicode char U+010D (decimal 269)
   defining Unicode char U+010E (decimal 270)
   defining Unicode char U+010F (decimal 271)
   defining Unicode char U+0110 (decimal 272)
   defining Unicode char U+0111 (decimal 273)
   defining Unicode char U+0112 (decimal 274)
   defining Unicode char U+0113 (decimal 275)
   defining Unicode char U+0114 (decimal 276)
   defining Unicode char U+0115 (decimal 277)
   defining Unicode char U+0116 (decimal 278)
   defining Unicode char U+0117 (decimal 279)
   defining Unicode char U+0118 (decimal 280)
   defining Unicode char U+0119 (decimal 281)
   defining Unicode char U+011A (decimal 282)
   defining Unicode char U+011B (decimal 283)
   defining Unicode char U+011C (decimal 284)
   defining Unicode char U+011D (decimal 285)
   defining Unicode char U+011E (decimal 286)
   defining Unicode char U+011F (decimal 287)
   defining Unicode char U+0120 (decimal 288)
   defining Unicode char U+0121 (decimal 289)
   defining Unicode char U+0122 (decimal 290)
   defining Unicode char U+0123 (decimal 291)
   defining Unicode char U+0124 (decimal 292)
   defining Unicode char U+0125 (decimal 293)
   defining Unicode char U+0128 (decimal 296)
   defining Unicode char U+0129 (decimal 297)
   defining Unicode char U+012A (decimal 298)
   defining Unicode char U+012B (decimal 299)
   defining Unicode char U+012C (decimal 300)
   defining Unicode char U+012D (decimal 301)
   defining Unicode char U+012E (decimal 302)
   defining Unicode char U+012F (decimal 303)
   defining Unicode char U+0130 (decimal 304)
   defining Unicode char U+0131 (decimal 305)
   defining Unicode char U+0132 (decimal 306)
   defining Unicode char U+0133 (decimal 307)
   defining Unicode char U+0134 (decimal 308)
   defining Unicode char U+0135 (decimal 309)
   defining Unicode char U+0136 (decimal 310)
   defining Unicode char U+0137 (decimal 311)
   defining Unicode char U+0139 (decimal 313)
   defining Unicode char U+013A (decimal 314)
   defining Unicode char U+013B (decimal 315)
   defining Unicode char U+013C (decimal 316)
   defining Unicode char U+013D (decimal 317)
   defining Unicode char U+013E (decimal 318)
   defining Unicode char U+0141 (decimal 321)
   defining Unicode char U+0142 (decimal 322)
   defining Unicode char U+0143 (decimal 323)
   defining Unicode char U+0144 (decimal 324)
   defining Unicode char U+0145 (decimal 325)
   defining Unicode char U+0146 (decimal 326)
   defining Unicode char U+0147 (decimal 327)
   defining Unicode char U+0148 (decimal 328)
   defining Unicode char U+014A (decimal 330)
   defining Unicode char U+014B (decimal 331)
   defining Unicode char U+014C (decimal 332)
   defining Unicode char U+014D (decimal 333)
   defining Unicode char U+014E (decimal 334)
   defining Unicode char U+014F (decimal 335)
   defining Unicode char U+0150 (decimal 336)
   defining Unicode char U+0151 (decimal 337)
   defining Unicode char U+0152 (decimal 338)
   defining Unicode char U+0153 (decimal 339)
   defining Unicode char U+0154 (decimal 340)
   defining Unicode char U+0155 (decimal 341)
   defining Unicode char U+0156 (decimal 342)
   defining Unicode char U+0157 (decimal 343)
   defining Unicode char U+0158 (decimal 344)
   defining Unicode char U+0159 (decimal 345)
   defining Unicode char U+015A (decimal 346)
   defining Unicode char U+015B (decimal 347)
   defining Unicode char U+015C (decimal 348)
   defining Unicode char U+015D (decimal 349)
   defining Unicode char U+015E (decimal 350)
   defining Unicode char U+015F (decimal 351)
   defining Unicode char U+0160 (decimal 352)
   defining Unicode char U+0161 (decimal 353)
   defining Unicode char U+0162 (decimal 354)
   defining Unicode char U+0163 (decimal 355)
   defining Unicode char U+0164 (decimal 356)
   defining Unicode char U+0165 (decimal 357)
   defining Unicode char U+0168 (decimal 360)
   defining Unicode char U+0169 (decimal 361)
   defining Unicode char U+016A (decimal 362)
   defining Unicode char U+016B (decimal 363)
   defining Unicode char U+016C (decimal 364)
   defining Unicode char U+016D (decimal 365)
   defining Unicode char U+016E (decimal 366)
   defining Unicode char U+016F (decimal 367)
   defining Unicode char U+0170 (decimal 368)
   defining Unicode char U+0171 (decimal 369)
   defining Unicode char U+0172 (decimal 370)
   defining Unicode char U+0173 (decimal 371)
   defining Unicode char U+0174 (decimal 372)
   defining Unicode char U+0175 (decimal 373)
   defining Unicode char U+0176 (decimal 374)
   defining Unicode char U+0177 (decimal 375)
   defining Unicode char U+0178 (decimal 376)
   defining Unicode char U+0179 (decimal 377)
   defining Unicode char U+017A (decimal 378)
   defining Unicode char U+017B (decimal 379)
   defining Unicode char U+017C (decimal 380)
   defining Unicode char U+017D (decimal 381)
   defining Unicode char U+017E (decimal 382)
   defining Unicode char U+01CD (decimal 461)
   defining Unicode char U+01CE (decimal 462)
   defining Unicode char U+01CF (decimal 463)
   defining Unicode char U+01D0 (decimal 464)
   defining Unicode char U+01D1 (decimal 465)
   defining Unicode char U+01D2 (decimal 466)
   defining Unicode char U+01D3 (decimal 467)
   defining Unicode char U+01D4 (decimal 468)
   defining Unicode char U+01E2 (decimal 482)
   defining Unicode char U+01E3 (decimal 483)
   defining Unicode char U+01E6 (decimal 486)
   defining Unicode char U+01E7 (decimal 487)
   defining Unicode char U+01E8 (decimal 488)
   defining Unicode char U+01E9 (decimal 489)
   defining Unicode char U+01EA (decimal 490)
   defining Unicode char U+01EB (decimal 491)
   defining Unicode char U+01F0 (decimal 496)
   defining Unicode char U+01F4 (decimal 500)
   defining Unicode char U+01F5 (decimal 501)
   defining Unicode char U+0218 (decimal 536)
   defining Unicode char U+0219 (decimal 537)
   defining Unicode char U+021A (decimal 538)
   defining Unicode char U+021B (decimal 539)
   defining Unicode char U+01E02 (decimal 7682)
   defining Unicode char U+01E03 (decimal 7683)
   defining Unicode char U+200C (decimal 8204)
   defining Unicode char U+2013 (decimal 8211)
   defining Unicode char U+2014 (decimal 8212)
   defining Unicode char U+2018 (decimal 8216)
   defining Unicode char U+2019 (decimal 8217)
   defining Unicode char U+201A (decimal 8218)
   defining Unicode char U+201C (decimal 8220)
   defining Unicode char U+201D (decimal 8221)
   defining Unicode char U+201E (decimal 8222)
   defining Unicode char U+2030 (decimal 8240)
   defining Unicode char U+2031 (decimal 8241)
   defining Unicode char U+2039 (decimal 8249)
   defining Unicode char U+203A (decimal 8250)
   defining Unicode char U+2423 (decimal 9251)
)
Now handling font encoding OT1 ...
... processing UTF-8 mapping file for font encoding OT1

(/usr/share/texlive/texmf-dist/tex/latex/base/ot1enc.dfu
File: ot1enc.dfu 2015/12/03 v1.1r UTF-8 support for inputenc
   defining Unicode char U+00A0 (decimal 160)
   defining Unicode char U+00A1 (decimal 161)
   defining Unicode char U+00A3 (decimal 163)
   defining Unicode char U+00AD (decimal 173)
   defining Unicode char U+00B8 (decimal 184)
   defining Unicode char U+00BF (decimal 191)
   defining Unicode char U+00C5 (decimal 197)
   defining Unicode char U+00C6 (decimal 198)
   defining Unicode char U+00D8 (decimal 216)
   defining Unicode char U+00DF (decimal 223)
   defining Unicode char U+00E6 (decimal 230)
   defining Unicode char U+00EC (decimal 236)
   defining Unicode char U+00ED (decimal 237)
   defining Unicode char U+00EE (decimal 238)
   defining Unicode char U+00EF (decimal 239)
   defining Unicode char U+00F8 (decimal 248)
   defining Unicode char U+0131 (decimal 305)
   defining Unicode char U+0141 (decimal 321)
   defining Unicode char U+0142 (decimal 322)
   defining Unicode char U+0152 (decimal 338)
   defining Unicode char U+0153 (decimal 339)
   defining Unicode char U+0174 (decimal 372)
   defining Unicode char U+0175 (decimal 373)
   defining Unicode char U+0176 (decimal 374)
   defining Unicode char U+0177 (decimal 375)
   defining Unicode char U+0218 (decimal 536)
   defining Unicode char U+0219 (decimal 537)
   defining Unicode char U+021A (decimal 538)
   defining Unicode char U+021B (decimal 539)
   defining Unicode char U+2013 (decimal 8211)
   defining Unicode char U+2014 (decimal 8212)
   defining Unicode char U+2018 (decimal 8216)
   defining Unicode char U+2019 (decimal 8217)
   defining Unicode char U+201C (decimal 8220)
   defining Unicode char U+201D (decimal 8221)
)
Now handling font encoding OMS ...
... processing UTF-8 mapping file for font encoding OMS

(/usr/share/texlive/texmf-dist/tex/latex/base/omsenc.dfu
File: omsenc.dfu 2015/12/03 v1.1r UTF-8 support for inputenc
   defining Unicode char U+00A7 (decimal 167)
   defining Unicode char U+00B6 (decimal 182)
   defining Unicode char U+00B7 (decimal 183)
   defining Unicode char U+2020 (decimal 8224)
   defining Unicode char U+2021 (decimal 8225)
   defining Unicode char U+2022 (decimal 8226)
)
Now handling font encoding OMX ...
... no UTF-8 mapping file for font encoding OMX
Now handling font encoding U ...
... no UTF-8 mapping file for font encoding U
Now handling font encoding PD1 ...
... no UTF-8 mapping file for font encoding PD1
   defining Unicode char U+00A9 (decimal 169)
   defining Unicode char U+00AA (decimal 170)
   defining Unicode char U+00AE (decimal 174)
   defining Unicode char U+00BA (decimal 186)
   defining Unicode char U+02C6 (decimal 710)
   defining Unicode char U+02DC (decimal 732)
   defining Unicode char U+200C (decimal 8204)
   defining Unicode char U+2026 (decimal 8230)
   defining Unicode char U+2122 (decimal 8482)
   defining Unicode char U+2423 (decimal 9251)
))
(/usr/share/texlive/texmf-dist/tex/latex/graphics/graphicx.sty
Package: graphicx 2014/10/28 v1.0g Enhanced LaTeX Graphics (DPC,SPQR)

(/usr/share/texlive/texmf-dist/tex/latex/graphics/graphics.sty
Package: graphics 2016/01/03 v1.0q Standard LaTeX Graphics (DPC,SPQR)

(/usr/share/texlive/texmf-dist/tex/latex/graphics/trig.sty
Package: trig 2016/01/03 v1.10 sin cos tan (DPC)
)
(/usr/share/texlive/texmf-dist/tex/latex/latexconfig/graphics.cfg
File: graphics.cfg 2010/04/23 v1.9 graphics configuration of TeX Live
)
Package graphics Info: Driver file: pdftex.def on input line 95.

(/usr/share/texlive/texmf-dist/tex/latex/pdftex-def/pdftex.def
File: pdftex.def 2011/05/27 v0.06d Graphics/color for pdfTeX
\Gread@gobject=\count111
))
\Gin@req@height=\dimen125
\Gin@req@width=\dimen126
)
(/usr/share/texlive/texmf-dist/tex/latex/diagbox/diagbox.sty
Package: diagbox 2016/02/24 v2.1 Making table heads with diagonal lines

(/usr/share/texlive/texmf-dist/tex/latex/pict2e/pict2e.sty
Package: pict2e 2016/02/05 v0.3b Improved picture commands (HjG,RN,JT)

(/usr/share/texlive/texmf-dist/tex/latex/pict2e/pict2e.cfg
File: pict2e.cfg 2016/02/05 v0.1u pict2e configuration for teTeX/TeXLive
)
Package pict2e Info: Driver file: pdftex.def on input line 119.
Package pict2e Info: Driver file for pict2e: p2e-pdftex.def on input line 121.

(/usr/share/texlive/texmf-dist/tex/latex/pict2e/p2e-pdftex.def
File: p2e-pdftex.def 2016/02/05 v0.1u Driver-dependant file (RN,HjG,JT)
)
\pIIe@GRAPH=\toks18
\@arclen=\dimen127
\@arcrad=\dimen128
\@tempdimd=\dimen129
)
(/usr/share/texlive/texmf-dist/tex/latex/fp/fp.sty
Package: fp 1995/04/02

`Fixed Point Package', Version 0.8, April 2, 1995 (C) Michael Mehlich
(/usr/share/texlive/texmf-dist/tex/latex/fp/defpattern.sty
Package: defpattern 1994/10/12
\actioncount=\count112
)
(/usr/share/texlive/texmf-dist/tex/latex/fp/fp-basic.sty
Package: fp-basic 1996/05/13
\FP@xs=\count113
\FP@xia=\count114
\FP@xib=\count115
\FP@xfa=\count116
\FP@xfb=\count117
\FP@rega=\count118
\FP@regb=\count119
\FP@regs=\count120
\FP@times=\count121
)
(/usr/share/texlive/texmf-dist/tex/latex/fp/fp-addons.sty
Package: fp-addons 1995/03/15
)
(/usr/share/texlive/texmf-dist/tex/latex/fp/fp-snap.sty
Package: fp-snap 1995/04/05
)
(/usr/share/texlive/texmf-dist/tex/latex/fp/fp-exp.sty
Package: fp-exp 1995/04/03
)
(/usr/share/texlive/texmf-dist/tex/latex/fp/fp-trigo.sty
Package: fp-trigo 1995/04/14
)
(/usr/share/texlive/texmf-dist/tex/latex/fp/fp-pas.sty
Package: fp-pas 1994/08/29
)
(/usr/share/texlive/texmf-dist/tex/latex/fp/fp-random.sty
Package: fp-random 1995/02/23
\FPseed=\count122
)
(/usr/share/texlive/texmf-dist/tex/latex/fp/fp-eqn.sty
Package: fp-eqn 1995/04/03
)
(/usr/share/texlive/texmf-dist/tex/latex/fp/fp-upn.sty
Package: fp-upn 1996/10/21
)
(/usr/share/texlive/texmf-dist/tex/latex/fp/fp-eval.sty
Package: fp-eval 1995/04/03
))
(/usr/share/texlive/texmf-dist/tex/latex/tools/array.sty
Package: array 2014/10/28 v2.4c Tabular extension package (FMi)
\col@sep=\dimen130
\extrarowheight=\dimen131
\NC@list=\toks19
\extratabsurround=\skip59
\backup@length=\skip60
)
\diagbox@boxa=\box30
\diagbox@boxb=\box31
\diagbox@boxm=\box32
\diagbox@wd=\dimen132
\diagbox@ht=\dimen133
\diagbox@insepl=\dimen134
\diagbox@insepr=\dimen135
\diagbox@outsepl=\dimen136
\diagbox@outsepr=\dimen137
)
(/usr/share/texlive/texmf-dist/tex/generic/babel/babel.sty
Package: babel 2016/02/24 3.9q The Babel package

(/usr/share/texlive/texmf-dist/tex/generic/babel-english/english.ldf
Language: english 2012/08/20 v3.3p English support from the babel system

(/usr/share/texlive/texmf-dist/tex/generic/babel/babel.def
File: babel.def 2016/02/24 3.9q Babel common definitions
\babel@savecnt=\count123
\U@D=\dimen138
)
\l@canadian = a dialect from \language\l@american 
\l@australian = a dialect from \language\l@british 
\l@newzealand = a dialect from \language\l@british 
))
(/usr/share/texmf/tex/latex/CJK/CJKutf8.sty
Package: CJKutf8 2015/04/18 4.8.4

(/usr/share/texmf/tex/latex/CJK/CJK.sty
Package: CJK 2015/04/18 4.8.4

(/usr/share/texmf/tex/latex/CJK/mule/MULEenc.sty
Package: MULEenc 2015/04/18 4.8.4
)
(/usr/share/texmf/tex/latex/CJK/CJK.enc
File: CJK.enc 2015/04/18 4.8.4
Now handling font encoding C00 ...
... no UTF-8 mapping file for font encoding C00
Now handling font encoding C05 ...
... no UTF-8 mapping file for font encoding C05
Now handling font encoding C09 ...
... no UTF-8 mapping file for font encoding C09
Now handling font encoding C10 ...
... no UTF-8 mapping file for font encoding C10
Now handling font encoding C20 ...
... no UTF-8 mapping file for font encoding C20
Now handling font encoding C19 ...
... no UTF-8 mapping file for font encoding C19
Now handling font encoding C40 ...
... no UTF-8 mapping file for font encoding C40
Now handling font encoding C42 ...
... no UTF-8 mapping file for font encoding C42
Now handling font encoding C43 ...
... no UTF-8 mapping file for font encoding C43
Now handling font encoding C50 ...
... no UTF-8 mapping file for font encoding C50
Now handling font encoding C52 ...
... no UTF-8 mapping file for font encoding C52
Now handling font encoding C49 ...
... no UTF-8 mapping file for font encoding C49
Now handling font encoding C60 ...
... no UTF-8 mapping file for font encoding C60
Now handling font encoding C61 ...
... no UTF-8 mapping file for font encoding C61
Now handling font encoding C63 ...
... no UTF-8 mapping file for font encoding C63
Now handling font encoding C64 ...
... no UTF-8 mapping file for font encoding C64
Now handling font encoding C65 ...
... no UTF-8 mapping file for font encoding C65
Now handling font encoding C70 ...
... no UTF-8 mapping file for font encoding C70
Now handling font encoding C31 ...
... no UTF-8 mapping file for font encoding C31
Now handling font encoding C32 ...
... no UTF-8 mapping file for font encoding C32
Now handling font encoding C33 ...
... no UTF-8 mapping file for font encoding C33
Now handling font encoding C34 ...
... no UTF-8 mapping file for font encoding C34
Now handling font encoding C35 ...
... no UTF-8 mapping file for font encoding C35
Now handling font encoding C36 ...
... no UTF-8 mapping file for font encoding C36
Now handling font encoding C37 ...
... no UTF-8 mapping file for font encoding C37
Now handling font encoding C80 ...
... no UTF-8 mapping file for font encoding C80
Now handling font encoding C81 ...
... no UTF-8 mapping file for font encoding C81
Now handling font encoding C01 ...
... no UTF-8 mapping file for font encoding C01
Now handling font encoding C11 ...
... no UTF-8 mapping file for font encoding C11
Now handling font encoding C21 ...
... no UTF-8 mapping file for font encoding C21
Now handling font encoding C41 ...
... no UTF-8 mapping file for font encoding C41
Now handling font encoding C62 ...
... no UTF-8 mapping file for font encoding C62
)
LaTeX Info: Redefining \selectfont on input line 755.
\CJK@indent=\box33
)
(/usr/share/texlive/texmf-dist/tex/latex/base/fontenc.sty
Package: fontenc 2005/09/27 v1.99g Standard LaTeX package
))
(/usr/share/texlive/texmf-dist/tex/latex/cite/cite.sty
LaTeX Info: Redefining \cite on input line 302.
LaTeX Info: Redefining \nocite on input line 332.
Package: cite 2015/02/27  v 5.5
)
(/usr/share/texlive/texmf-dist/tex/latex/tools/indentfirst.sty
Package: indentfirst 1995/11/23 v1.03 Indent first paragraph (DPC)
)

Package hyperref Warning: Option `bookmarks' has already been used,
(hyperref)                setting the option has no effect on input line 45.

Package hyperref Info: Option `colorlinks' set `true' on input line 45.
(./srs.aux)
\openout1 = `srs.aux'.

LaTeX Font Info:    Checking defaults for OML/cmm/m/it on input line 63.
LaTeX Font Info:    ... okay on input line 63.
LaTeX Font Info:    Checking defaults for T1/cmr/m/n on input line 63.
LaTeX Font Info:    ... okay on input line 63.
LaTeX Font Info:    Checking defaults for OT1/cmr/m/n on input line 63.
LaTeX Font Info:    ... okay on input line 63.
LaTeX Font Info:    Checking defaults for OMS/cmsy/m/n on input line 63.
LaTeX Font Info:    ... okay on input line 63.
LaTeX Font Info:    Checking defaults for OMX/cmex/m/n on input line 63.
LaTeX Font Info:    ... okay on input line 63.
LaTeX Font Info:    Checking defaults for U/cmr/m/n on input line 63.
LaTeX Font Info:    ... okay on input line 63.
LaTeX Font Info:    Checking defaults for PD1/pdf/m/n on input line 63.
LaTeX Font Info:    ... okay on input line 63.
LaTeX Font Info:    Checking defaults for C00/song/m/n on input line 63.
LaTeX Font Info:    ... okay on input line 63.
LaTeX Font Info:    Checking defaults for C05/song/m/n on input line 63.
LaTeX Font Info:    ... okay on input line 63.
LaTeX Font Info:    Checking defaults for C09/song/m/n on input line 63.
LaTeX Font Info:    ... okay on input line 63.
LaTeX Font Info:    Checking defaults for C10/song/m/n on input line 63.
LaTeX Font Info:    ... okay on input line 63.
LaTeX Font Info:    Checking defaults for C20/song/m/n on input line 63.
LaTeX Font Info:    ... okay on input line 63.
LaTeX Font Info:    Checking defaults for C19/song/m/n on input line 63.
LaTeX Font Info:    ... okay on input line 63.
LaTeX Font Info:    Checking defaults for C40/song/m/n on input line 63.
LaTeX Font Info:    ... okay on input line 63.
LaTeX Font Info:    Checking defaults for C42/song/m/n on input line 63.
LaTeX Font Info:    ... okay on input line 63.
LaTeX Font Info:    Checking defaults for C43/song/m/n on input line 63.
LaTeX Font Info:    ... okay on input line 63.
LaTeX Font Info:    Checking defaults for C50/song/m/n on input line 63.
LaTeX Font Info:    ... okay on input line 63.
LaTeX Font Info:    Checking defaults for C52/song/m/n on input line 63.
LaTeX Font Info:    ... okay on input line 63.
LaTeX Font Info:    Checking defaults for C49/song/m/n on input line 63.
LaTeX Font Info:    ... okay on input line 63.
LaTeX Font Info:    Checking defaults for C60/mj/m/n on input line 63.
LaTeX Font Info:    ... okay on input line 63.
LaTeX Font Info:    Checking defaults for C61/mj/m/n on input line 63.
LaTeX Font Info:    ... okay on input line 63.
LaTeX Font Info:    Checking defaults for C63/mj/m/n on input line 63.
LaTeX Font Info:    ... okay on input line 63.
LaTeX Font Info:    Checking defaults for C64/mj/m/n on input line 63.
LaTeX Font Info:    ... okay on input line 63.
LaTeX Font Info:    Checking defaults for C65/mj/m/n on input line 63.
LaTeX Font Info:    ... okay on input line 63.
LaTeX Font Info:    Checking defaults for C70/song/m/n on input line 63.
LaTeX Font Info:    ... okay on input line 63.
LaTeX Font Info:    Checking defaults for C31/song/m/n on input line 63.
LaTeX Font Info:    ... okay on input line 63.
LaTeX Font Info:    Checking defaults for C32/song/m/n on input line 63.
LaTeX Font Info:    ... okay on input line 63.
LaTeX Font Info:    Checking defaults for C33/song/m/n on input line 63.
LaTeX Font Info:    ... okay on input line 63.
LaTeX Font Info:    Checking defaults for C34/song/m/n on input line 63.
LaTeX Font Info:    ... okay on input line 63.
LaTeX Font Info:    Checking defaults for C35/song/m/n on input line 63.
LaTeX Font Info:    ... okay on input line 63.
LaTeX Font Info:    Checking defaults for C36/song/m/n on input line 63.
LaTeX Font Info:    ... okay on input line 63.
LaTeX Font Info:    Checking defaults for C37/song/m/n on input line 63.
LaTeX Font Info:    ... okay on input line 63.
LaTeX Font Info:    Checking defaults for C80/song/m/n on input line 63.
LaTeX Font Info:    ... okay on input line 63.
LaTeX Font Info:    Checking defaults for C81/song/m/n on input line 63.
LaTeX Font Info:    ... okay on input line 63.
LaTeX Font Info:    Checking defaults for C01/song/m/n on input line 63.
LaTeX Font Info:    ... okay on input line 63.
LaTeX Font Info:    Checking defaults for C11/song/m/n on input line 63.
LaTeX Font Info:    ... okay on input line 63.
LaTeX Font Info:    Checking defaults for C21/song/m/n on input line 63.
LaTeX Font Info:    ... okay on input line 63.
LaTeX Font Info:    Checking defaults for C41/song/m/n on input line 63.
LaTeX Font Info:    ... okay on input line 63.
LaTeX Font Info:    Checking defaults for C62/song/m/n on input line 63.
LaTeX Font Info:    ... okay on input line 63.
\c@lstlisting=\count124
\AtBeginShipoutBox=\box34
 (/usr/share/texlive/texmf-dist/tex/latex/graphics/color.sty
Package: color 2016/01/03 v1.1b Standard LaTeX Color (DPC)

(/usr/share/texlive/texmf-dist/tex/latex/latexconfig/color.cfg
File: color.cfg 2007/01/18 v1.5 color configuration of teTeX/TeXLive
)
Package color Info: Driver file: pdftex.def on input line 143.
)
Package hyperref Info: Link coloring ON on input line 63.

(/usr/share/texlive/texmf-dist/tex/latex/hyperref/nameref.sty
Package: nameref 2012/10/27 v2.43 Cross-referencing by name of section

(/usr/share/texlive/texmf-dist/tex/generic/oberdiek/gettitlestring.sty
Package: gettitlestring 2010/12/03 v1.4 Cleanup title references (HO)
)
\c@section@level=\count125
)
LaTeX Info: Redefining \ref on input line 63.
LaTeX Info: Redefining \pageref on input line 63.
LaTeX Info: Redefining \nameref on input line 63.

(./srs.out) (./srs.out)
\@outlinefile=\write3
\openout3 = `srs.out'.


(/usr/share/texlive/texmf-dist/tex/context/base/supp-pdf.mkii
[Loading MPS to PDF converter (version 2006.09.02).]
\scratchcounter=\count126
\scratchdimen=\dimen139
\scratchbox=\box35
\nofMPsegments=\count127
\nofMParguments=\count128
\everyMPshowfont=\toks20
\MPscratchCnt=\count129
\MPscratchDim=\dimen140
\MPnumerator=\count130
\makeMPintoPDFobject=\count131
\everyMPtoPDFconversion=\toks21
) (/usr/share/texlive/texmf-dist/tex/latex/oberdiek/epstopdf-base.sty
Package: epstopdf-base 2010/02/09 v2.5 Base part for package epstopdf

(/usr/share/texlive/texmf-dist/tex/latex/oberdiek/grfext.sty
Package: grfext 2010/08/19 v1.1 Manage graphics extensions (HO)
)
Package grfext Info: Graphics extension search list:
(grfext)             [.png,.pdf,.jpg,.mps,.jpeg,.jbig2,.jb2,.PNG,.PDF,.JPG,.JPE
G,.JBIG2,.JB2,.eps]
(grfext)             \AppendGraphicsExtensions on input line 452.

(/usr/share/texlive/texmf-dist/tex/latex/latexconfig/epstopdf-sys.cfg
File: epstopdf-sys.cfg 2010/07/13 v1.3 Configuration of (r)epstopdf for TeX Liv
e
))
(/usr/share/texmf/tex/latex/CJK/UTF8/UTF8.bdg
File: UTF8.bdg 2015/04/18 4.8.4
)
(/usr/share/texmf/tex/latex/CJK/UTF8/UTF8.enc
File: UTF8.enc 2015/04/18 4.8.4
)
(/usr/share/texmf/tex/latex/CJK/UTF8/UTF8.chr
File: UTF8.chr 2015/04/18 4.8.4
)
LaTeX Font Info:    Try loading font information for C70+bkai on input line 67.


(/usr/share/texmf/tex/latex/CJK/UTF8/c70bkai.fd
File: c70bkai.fd 2008/10/03 4.8.1
)
(/usr/share/texmf/tex/latex/CJK/UTF8/c70bkai.fdx
File: c70bkai.fdx 2012/05/07 4.8.3
) [1

{/var/lib/texmf/fonts/map/pdftex/updmap/pdftex.map}] (./srs.toc
LaTeX Font Info:    External font `cmex10' loaded for size
(Font)              <12> on input line 3.
LaTeX Font Info:    External font `cmex10' loaded for size
(Font)              <8> on input line 3.
LaTeX Font Info:    External font `cmex10' loaded for size
(Font)              <6> on input line 3.
 [2

])
\tf@toc=\write4
\openout4 = `srs.toc'.

 [3] [4

]
chapter 1.

Class scrreprt Warning: \float@addtolists detected!
(scrreprt)              Implementation of \float@addtolist became
(scrreprt)              deprecated in KOMA-Script v3.01 2008/11/14 and
(scrreprt)              has been replaced by several more flexible
(scrreprt)              features of package `tocbasic`.
(scrreprt)              Since Version 3.12 support for deprecated
(scrreprt)              \float@addtolist interface has been
(scrreprt)              restricted to only some of the KOMA-Script
(scrreprt)              features and been removed from others.
(scrreprt)              Loading of package `scrhack' may help to
(scrreprt)              avoid this warning, if you are using a
(scrreprt)              a package that still implements the
(scrreprt)              deprecated \float@addtolist interface .

[5

]
LaTeX Font Info:    Try loading font information for OMS+cmr on input line 157.

 (/usr/share/texlive/texmf-dist/tex/latex/base/omscmr.fd
File: omscmr.fd 2014/09/29 v2.5h Standard LaTeX font definitions
)
LaTeX Font Info:    Font shape `OMS/cmr/m/n' in size <12> not available
(Font)              Font shape `OMS/cmsy/m/n' tried instead on input line 157.

Overfull \hbox (16.30255pt too wide) in paragraph at lines 157--158
[]\OT1/cmr/m/n/12 http://big5.gov.cn/gate/big5/www.gov.cn/fwxx/kp/2008-01/17/co
ntent[]-861306.htm 
 []

[6]
chapter 2.
<./figs/diagrams/tracy.pdf, id=351, 1228.59pt x 668.4975pt>
File: ./figs/diagrams/tracy.pdf Graphic file (type pdf)

<use ./figs/diagrams/tracy.pdf>
Package pdftex.def Info: ./figs/diagrams/tracy.pdf used on input line 180.
(pdftex.def)             Requested size: 380.91403pt x 207.26268pt.
 [7

 <./figs/diagrams/tracy.pdf>]
<./figs/diagrams/UserAndServer.pdf, id=407, 980.91469pt x 691.08188pt>
File: ./figs/diagrams/UserAndServer.pdf Graphic file (type pdf)

<use ./figs/diagrams/UserAndServer.pdf>
Package pdftex.def Info: ./figs/diagrams/UserAndServer.pdf used on input line 2
08.
(pdftex.def)             Requested size: 403.31511pt x 284.14682pt.

<./figs/diagrams/ComponentDiagram.pdf, id=410, 1611.01875pt x 619.56468pt>
File: ./figs/diagrams/ComponentDiagram.pdf Graphic file (type pdf)

<use ./figs/diagrams/ComponentDiagram.pdf>
Package pdftex.def Info: ./figs/diagrams/ComponentDiagram.pdf used on input lin
e 218.
(pdftex.def)             Requested size: 425.72302pt x 163.72061pt.


LaTeX Warning: `!h' float specifier changed to `!ht'.

[8 <./figs/diagrams/UserAndServer.pdf>] [9 <./figs/diagrams/ComponentDiagram.pd
f>] [10]
chapter 3.
<./figs/DetectResult-2.pdf, id=489, 710.655pt x 383.93437pt>
File: ./figs/DetectResult-2.pdf Graphic file (type pdf)

<use ./figs/DetectResult-2.pdf>
Package pdftex.def Info: ./figs/DetectResult-2.pdf used on input line 302.
(pdftex.def)             Requested size: 313.69029pt x 169.47647pt.

<./figs/Web.pdf, id=491, 2168.85281pt x 884.55469pt>
File: ./figs/Web.pdf Graphic file (type pdf)
 <use ./figs/Web.pdf>
Package pdftex.def Info: ./figs/Web.pdf used on input line 312.
(pdftex.def)             Requested size: 448.13095pt x 182.76558pt.


LaTeX Warning: `!h' float specifier changed to `!ht'.

<./figs/hardware.pdf, id=493, 703.87968pt x 363.60844pt>
File: ./figs/hardware.pdf Graphic file (type pdf)

<use ./figs/hardware.pdf>
Package pdftex.def Info: ./figs/hardware.pdf used on input line 324.
(pdftex.def)             Requested size: 358.50612pt x 185.19373pt.
 [11

 <./figs/DetectResult-2.pdf>] [12 <./figs/Web.pdf> <./figs/hardware.pdf

pdfTeX warning: pdflatex (file ./figs/hardware.pdf): PDF inclusion: multiple pd
fs with page group included in a single page
>]
<./figs/diagrams/class/client-ClassDiagram.pdf, id=584, 947.03813pt x 639.89063
pt>
File: ./figs/diagrams/class/client-ClassDiagram.pdf Graphic file (type pdf)
 <use ./figs/diagrams/class/client-ClassDiagram.pdf>
Package pdftex.def Info: ./figs/diagrams/class/client-ClassDiagram.pdf used on 
input line 346.
(pdftex.def)             Requested size: 358.50612pt x 242.23338pt.

Overfull \hbox (37.33733pt too wide) in paragraph at lines 357--358
\C70/bkai/bx/n/12/81 Û\OT1/cmr/m/n/12 database\C70/bkai/bx/n/12/ff ^^L \C70/bka
i/bx/n/12/62 ^^Q \C70/bkai/m/n/12/50 ^^Q \C70/bkai/m/n/12/63 ° \C70/bkai/m/n/12
/75 (\OT1/cmr/m/n/12 getcollection\C70/bkai/m/n/12/50 Z \C70/bkai/m/n/12/70 ∫ \
C70/bkai/m/n/12/6a K ^^Q \C70/bkai/bx/n/12/ff ^^L \C70/bkai/m/n/12/51 v \C70/bk
ai/m/n/12/4e - \C70/bkai/bx/n/12/53 ^^E \C70/bkai/m/n/12/54 +\OT1/cmr/m/n/12 IP
\C70/bkai/m/n/12/30 ^^A\OT1/cmr/m/n/12 port\C70/bkai/m/n/12/30 ^^A\OT1/cmr/m/n/
12 account\C70/bkai/m/n/12/30 ^^A\OT1/cmr/m/n/12 password\C70/bkai/m/n/12/30 ^^
A\OT1/cmr/m/n/12 req\C70/bkai/m/n/12/7b I
 []


Underfull \hbox (badness 10000) in paragraph at lines 357--358

 []

[13 <./figs/diagrams/class/client-ClassDiagram.pdf>]
<./figs/diagrams/class/server-ClassDiagram.pdf, id=612, 1351.29843pt x 752.0597
pt>
File: ./figs/diagrams/class/server-ClassDiagram.pdf Graphic file (type pdf)
 <use ./figs/diagrams/class/server-ClassDiagram.pdf>
Package pdftex.def Info: ./figs/diagrams/class/server-ClassDiagram.pdf used on 
input line 363.
(pdftex.def)             Requested size: 358.50612pt x 199.52438pt.

Overfull \hbox (6.18887pt too wide) in paragraph at lines 372--374
\OT1/cmr/m/n/12 tal\C70/bkai/m/n/12/30 ^^A\OT1/cmr/m/n/12 happy[]-daily\C70/bka
i/bx/n/12/4f Ü \C70/bkai/m/n/12/54 H \C70/bkai/m/n/12/73 ˛ \C70/bkai/m/n/12/7d 
/ \C70/bkai/bx/n/12/8a ^^H \C70/bkai/m/n/12/7d q \C70/bkai/bx/n/12/8a ^^H \C70/
bkai/m/n/12/4e Â \C70/bkai/bx/n/12/53   \C70/bkai/m/n/12/75 v \C70/bkai/bx/n/12
/65 Â \C70/bkai/m/n/12/7d q \C70/bkai/bx/n/12/8a ^^H \C70/bkai/m/n/12/95 ã \C70
/bkai/bx/n/12/5f √ \C70/bkai/m/n/12/63 ^^G \C70/bkai/bx/n/12/65 x \C70/bkai/bx/
n/12/ff ^^L \C70/bkai/m/n/12/4e Â \OT1/cmr/m/n/12 un-happy[]-to-tal\C70/bkai/m/
n/12/30 ^^A\OT1/cmr/m/n/12 unhappy[]-
 []

[14 <./figs/diagrams/class/server-ClassDiagram.pdf>]
Overfull \hbox (4.97551pt too wide) in paragraph at lines 394--395
[]\C70/bkai/m/n/12/67 , \C70/bkai/m/n/12/75 " \C70/bkai/m/n/12/54 ¡ \C70/bkai/m
/n/12/4e K \C70/bkai/m/n/12/90 ^^Z \C70/bkai/bx/n/12/4f · \C70/bkai/m/n/12/75 L
 \C70/bkai/bx/n/12/97 b \C70/bkai/m/n/12/7d P \C70/bkai/m/n/12/69 À \C70/bkai/m
/n/12/57 ^^V \C70/bkai/bx/n/12/ff ^^L \C70/bkai/bx/n/12/59 Ç \C70/bkai/m/n/12/5
7 ^^V[][]\OT1/cmr/m/n/12 3.6[][]\C70/bkai/bx/n/12/62 @ \C70/bkai/m/n/12/79 : \C
70/bkai/bx/n/12/ff ^^L \C70/bkai/bx/n/12/62 @ \C70/bkai/m/n/12/67 	 \C70/bkai/m
/n/12/51 C \C70/bkai/m/n/12/4e ˆ \C70/bkai/m/n/12/57 G \C70/bkai/m/n/12/67 ∂ \C
70/bkai/bx/n/12/8a - \C70/bkai/m/n/12/57 ( \C70/bkai/m/n/12/4e ; \C70/bkai/bx/n
/12/89 Å \C70/bkai/m/n/12/76 Ñ \C70/bkai/m/n/12/4e 	 \C70/bkai/m/n/12/50 \OT1/
cmr/m/n/12 server\C70/bkai/m/n/12/4e 
 \C70/bkai/bx/n/12/ff ^^L
 []

<./figs/diagrams/StructuralDiagram.pdf, id=651, 998.22937pt x 625.58719pt>
File: ./figs/diagrams/StructuralDiagram.pdf Graphic file (type pdf)

<use ./figs/diagrams/StructuralDiagram.pdf>
Package pdftex.def Info: ./figs/diagrams/StructuralDiagram.pdf used on input li
ne 398.
(pdftex.def)             Requested size: 349.54158pt x 219.05424pt.
 [15 <./figs/diagrams/StructuralDiagram.pdf>] [16]
chapter 4.
<./figs/framework-version2.pdf, id=709, 1786.42406pt x 355.3275pt>
File: ./figs/framework-version2.pdf Graphic file (type pdf)

<use ./figs/framework-version2.pdf>
Package pdftex.def Info: ./figs/framework-version2.pdf used on input line 419.
(pdftex.def)             Requested size: 448.13095pt x 89.13527pt.

Underfull \hbox (badness 10000) in paragraph at lines 434--435

 []

[17

 <./figs/framework-version2.pdf>]
<./figs/framework-version3.pdf, id=783, 727.96968pt x 326.72063pt>
File: ./figs/framework-version3.pdf Graphic file (type pdf)

<use ./figs/framework-version3.pdf>
Package pdftex.def Info: ./figs/framework-version3.pdf used on input line 439.
(pdftex.def)             Requested size: 448.13095pt x 201.1339pt.

<./figs/FrameworkSecond.pdf, id=785, 645.16031pt x 184.43906pt>
File: ./figs/FrameworkSecond.pdf Graphic file (type pdf)

<use ./figs/FrameworkSecond.pdf>
Package pdftex.def Info: ./figs/FrameworkSecond.pdf used on input line 451.
(pdftex.def)             Requested size: 403.31511pt x 115.29944pt.
 [18 <./figs/framework-version3.pdf> <./figs/FrameworkSecond.pdf

pdfTeX warning: pdflatex (file ./figs/FrameworkSecond.pdf): PDF inclusion: mult
iple pdfs with page group included in a single page
>] [19]
Overfull \hbox (21.07852pt too wide) in paragraph at lines 542--543
\C70/bkai/m/n/12/51 e\OT1/cmr/m/n/12 Database\C70/bkai/bx/n/12/96 ® \C70/bkai/b
x/n/12/6a _ \C70/bkai/bx/n/12/53 ÷ \C70/bkai/m/n/12/51 ˙ \C70/bkai/m/n/12/4e ^^
@ \C70/bkai/m/n/12/7d D \C70/bkai/bx/n/12/60 ≈ \C70/bkai/m/n/12/7d “ \C70/bkai/
m/n/12/76 ¯ \C70/bkai/m/n/12/5c ^^M \C70/bkai/m/n/12/61 … \C70/bkai/m/n/12/76 Ñ
 \C70/bkai/bx/n/12/95 ‹ \C70/bkai/bx/n/12/93 u \C70/bkai/bx/n/12/5b W\OT1/cmr/m
/n/12 (Keyword)\C70/bkai/bx/n/12/ff ^^L \C70/bkai/m/n/12/4e & \C70/bkai/m/n/12/
5c ^^G \C70/bkai/bx/n/12/5f ó \C70/bkai/bx/n/12/52 0 \C70/bkai/m/n/12/76 Ñ \C70
/bkai/bx/n/12/95 ‹ \C70/bkai/bx/n/12/93 u \C70/bkai/bx/n/12/5b W\OT1/cmr/m/n/12
 (Keyword)\C70/bkai/bx/n/12/50 ≥
 []

[20]
<./figs/diagrams/user/client-UserDiagram.pdf, id=891, 836.3747pt x 465.99094pt>
File: ./figs/diagrams/user/client-UserDiagram.pdf Graphic file (type pdf)
<use ./figs/diagrams/user/client-UserDiagram.pdf>
Package pdftex.def Info: ./figs/diagrams/user/client-UserDiagram.pdf used on in
put line 569.
(pdftex.def)             Requested size: 403.31511pt x 224.71123pt.
 [21 <./figs/diagrams/user/client-UserDiagram.pdf>]
<./figs/FrameworkThird.pdf, id=917, 555.57562pt x 362.10281pt>
File: ./figs/FrameworkThird.pdf Graphic file (type pdf)

<use ./figs/FrameworkThird.pdf>
Package pdftex.def Info: ./figs/FrameworkThird.pdf used on input line 601.
(pdftex.def)             Requested size: 224.06548pt x 146.03752pt.


LaTeX Warning: `!h' float specifier changed to `!ht'.

[22]
Underfull \hbox (badness 10000) in paragraph at lines 619--620

 []

File: ./figs/Web.pdf Graphic file (type pdf)
<use ./figs/Web.pdf>
Package pdftex.def Info: ./figs/Web.pdf used on input line 623.
(pdftex.def)             Requested size: 448.13095pt x 182.76558pt.


LaTeX Warning: `!h' float specifier changed to `!ht'.

[23 <./figs/FrameworkThird.pdf>]
Overfull \hbox (20.08395pt too wide) in paragraph at lines 652--653
[]\C70/bkai/bx/n/12/7b , \C70/bkai/m/n/12/51 m \C70/bkai/m/n/12/30 ^^A \C70/bka
i/m/n/12/4e ^^C \C70/bkai/m/n/12/6b e \C70/bkai/m/n/12/9a _ \C70/bkai/bx/n/12/f
f ^^L \C70/bkai/m/n/12/57 (\OT1/cmr/m/n/12 summary.html\C70/bkai/m/n/12/4e - \C
70/bkai/bx/n/12/ff ^^L \C70/bkai/bx/n/12/62 ^^Q \C70/bkai/bx/n/12/50 ^^Q \C70/b
kai/m/n/12/5c ^^G \C70/bkai/bx/n/12/52 ) \C70/bkai/m/n/12/75 ( \C70/bkai/bx/n/1
2/4f ^^? \C70/bkai/m/n/12/75 ( \C70/bkai/bx/n/12/80 ^^E \C70/bkai/bx/n/12/5e 3 
\C70/bkai/m/n/12/86 _\OT1/cmr/m/n/12 (account)\C70/bkai/bx/n/12/ff ^^L \C70/bka
i/m/n/12/54 ^^Q\OT1/cmr/m/n/12 Views.py\C70/bkai/bx/n/12/8a À
 []


Overfull \hbox (34.87306pt too wide) in paragraph at lines 654--655
\C70/bkai/bx/n/12/8a ^^H \C70/bkai/bx/n/12/52 ^^F \C70/bkai/bx/n/12/67 ê \C70/b
kai/m/n/12/90 ^^Y \C70/bkai/m/n/12/4e õ \C70/bkai/bx/n/12/8a ^^X \C70/bkai/bx/n
/12/93 ^^D \C70/bkai/bx/n/12/5f å \C70/bkai/bx/n/12/ff ^^L \C70/bkai/bx/n/12/56
 ﬁ \C70/bkai/bx/n/12/50 ≥ \C70/bkai/bx/n/12/8a À \C70/bkai/bx/n/12/6c B \C70/bk
ai/bx/n/12/8c « \C70/bkai/bx/n/12/65 ô \C70/bkai/bx/n/12/81 Û\OT1/cmr/m/n/12 su
mmary.html\C70/bkai/bx/n/12/ff ^^L \C70/bkai/m/n/12/51 ç \C70/bkai/m/n/12/4e Â 
\C70/bkai/bx/n/12/89 ñ ∫ \C70/bkai/bx/n/12/53 ^^V \C70/bkai/bx/n/12/65 π \C70/b
kai/bx/n/12/5f ^^O \C70/bkai/m/n/12/54 H \C70/bkai/m/n/12/73 ˛ \C70/bkai/bx/n/1
2/65 º\OT1/cmr/m/n/12 summary.html\C70/bkai/m/n/12/7d ≤
 []

[24]
<./figs/diagrams/user/server-UserDiagram.pdf, id=974, 953.81343pt x 485.56406pt
>
File: ./figs/diagrams/user/server-UserDiagram.pdf Graphic file (type pdf)
 <use ./figs/diagrams/user/server-UserDiagram.pdf>
Package pdftex.def Info: ./figs/diagrams/user/server-UserDiagram.pdf used on in
put line 691.
(pdftex.def)             Requested size: 403.31511pt x 205.32101pt.
 [25 <./figs/diagrams/user/server-UserDiagram.pdf>]
chapter 5.
[26

]
Underfull \hbox (badness 10000) in paragraph at lines 767--768

 []

[27] [28]
Package atveryend Info: Empty hook `BeforeClearDocument' on input line 783.
Package atveryend Info: Empty hook `AfterLastShipout' on input line 783.
 (./srs.aux)
Package atveryend Info: Executing hook `AtVeryEndDocument' on input line 783.
Package atveryend Info: Executing hook `AtEndAfterFileList' on input line 783.
Package rerunfilecheck Info: File `srs.out' has not changed.
(rerunfilecheck)             Checksum: C7EFAAA22E7D59E77496E0F8FF720BB5;2952.
Package atveryend Info: Empty hook `AtVeryVeryEnd' on input line 783.
 ) 
Here is how much of TeX's memory you used:
 14575 strings out of 493029
 219897 string characters out of 6136233
 413169 words of memory out of 5000000
 17468 multiletter control sequences out of 15000+600000
 59795 words of font info for 210 fonts, out of 8000000 for 9000
 1141 hyphenation exceptions out of 8191
 41i,17n,66p,9103b,1736s stack positions out of 5000i,500n,10000p,200000b,80000s
</usr/share/texmf/fonts/type1/arphic/bkaiu/bkaiu00.pfb></usr/share/texmf/font
s/type1/arphic/bkaiu/bkaiu03.pfb></usr/share/texmf/fonts/type1/arphic/bkaiu/bka
iu25.pfb></usr/share/texmf/fonts/type1/arphic/bkaiu/bkaiu30.pfb></usr/share/tex
mf/fonts/type1/arphic/bkaiu/bkaiu4e.pfb></usr/share/texmf/fonts/type1/arphic/bk
aiu/bkaiu4f.pfb></usr/share/texmf/fonts/type1/arphic/bkaiu/bkaiu50.pfb></usr/sh
are/texmf/fonts/type1/arphic/bkaiu/bkaiu51.pfb></usr/share/texmf/fonts/type1/ar
phic/bkaiu/bkaiu52.pfb></usr/share/texmf/fonts/type1/arphic/bkaiu/bkaiu53.pfb><
/usr/share/texmf/fonts/type1/arphic/bkaiu/bkaiu54.pfb></usr/share/texmf/fonts/t
ype1/arphic/bkaiu/bkaiu55.pfb></usr/share/texmf/fonts/type1/arphic/bkaiu/bkaiu5
6.pfb></usr/share/texmf/fonts/type1/arphic/bkaiu/bkaiu57.pfb></usr/share/texmf/
fonts/type1/arphic/bkaiu/bkaiu58.pfb></usr/share/texmf/fonts/type1/arphic/bkaiu
/bkaiu59.pfb></usr/share/texmf/fonts/type1/arphic/bkaiu/bkaiu5b.pfb></usr/share
/texmf/fonts/type1/arphic/bkaiu/bkaiu5c.pfb></usr/share/texmf/fonts/type1/arphi
c/bkaiu/bkaiu5d.pfb></usr/share/texmf/fonts/type1/arphic/bkaiu/bkaiu5e.pfb></us
r/share/texmf/fonts/type1/arphic/bkaiu/bkaiu5f.pfb></usr/share/texmf/fonts/type
1/arphic/bkaiu/bkaiu60.pfb></usr/share/texmf/fonts/type1/arphic/bkaiu/bkaiu61.p
fb></usr/share/texmf/fonts/type1/arphic/bkaiu/bkaiu62.pfb></usr/share/texmf/fon
ts/type1/arphic/bkaiu/bkaiu63.pfb></usr/share/texmf/fonts/type1/arphic/bkaiu/bk
aiu64.pfb></usr/share/texmf/fonts/type1/arphic/bkaiu/bkaiu65.pfb></usr/share/te
xmf/fonts/type1/arphic/bkaiu/bkaiu66.pfb></usr/share/texmf/fonts/type1/arphic/b
kaiu/bkaiu67.pfb></usr/share/texmf/fonts/type1/arphic/bkaiu/bkaiu68.pfb></usr/s
hare/texmf/fonts/type1/arphic/bkaiu/bkaiu69.pfb></usr/share/texmf/fonts/type1/a
rphic/bkaiu/bkaiu6a.pfb></usr/share/texmf/fonts/type1/arphic/bkaiu/bkaiu6b.pfb>
</usr/share/texmf/fonts/type1/arphic/bkaiu/bkaiu6c.pfb></usr/share/texmf/fonts/
type1/arphic/bkaiu/bkaiu6d.pfb></usr/share/texmf/fonts/type1/arphic/bkaiu/bkaiu
6e.pfb></usr/share/texmf/fonts/type1/arphic/bkaiu/bkaiu6f.pfb></usr/share/texmf
/fonts/type1/arphic/bkaiu/bkaiu70.pfb></usr/share/texmf/fonts/type1/arphic/bkai
u/bkaiu71.pfb></usr/share/texmf/fonts/type1/arphic/bkaiu/bkaiu72.pfb></usr/shar
e/texmf/fonts/type1/arphic/bkaiu/bkaiu73.pfb></usr/share/texmf/fonts/type1/arph
ic/bkaiu/bkaiu74.pfb></usr/share/texmf/fonts/type1/arphic/bkaiu/bkaiu75.pfb></u
sr/share/texmf/fonts/type1/arphic/bkaiu/bkaiu76.pfb></usr/share/texmf/fonts/typ
e1/arphic/bkaiu/bkaiu77.pfb></usr/share/texmf/fonts/type1/arphic/bkaiu/bkaiu78.
pfb></usr/share/texmf/fonts/type1/arphic/bkaiu/bkaiu79.pfb></usr/share/texmf/fo
nts/type1/arphic/bkaiu/bkaiu7a.pfb></usr/share/texmf/fonts/type1/arphic/bkaiu/b
kaiu7b.pfb></usr/share/texmf/fonts/type1/arphic/bkaiu/bkaiu7c.pfb></usr/share/t
exmf/fonts/type1/arphic/bkaiu/bkaiu7d.pfb></usr/share/texmf/fonts/type1/arphic/
bkaiu/bkaiu7e.pfb></usr/share/texmf/fonts/type1/arphic/bkaiu/bkaiu7f.pfb></usr/
share/texmf/fonts/type1/arphic/bkaiu/bkaiu80.pfb></usr/share/texmf/fonts/type1/
arphic/bkaiu/bkaiu81.pfb></usr/share/texmf/fonts/type1/arphic/bkaiu/bkaiu82.pfb
></usr/share/texmf/fonts/type1/arphic/bkaiu/bkaiu84.pfb></usr/share/texmf/fonts
/type1/arphic/bkaiu/bkaiu85.pfb></usr/share/texmf/fonts/type1/arphic/bkaiu/bkai
u86.pfb></usr/share/texmf/fonts/type1/arphic/bkaiu/bkaiu87.pfb></usr/share/texm
f/fonts/type1/arphic/bkaiu/bkaiu88.pfb></usr/share/texmf/fonts/type1/arphic/bka
iu/bkaiu89.pfb></usr/share/texmf/fonts/type1/arphic/bkaiu/bkaiu8a.pfb></usr/sha
re/texmf/fonts/type1/arphic/bkaiu/bkaiu8b.pfb></usr/share/texmf/fonts/type1/arp
hic/bkaiu/bkaiu8c.pfb></usr/share/texmf/fonts/type1/arphic/bkaiu/bkaiu8d.pfb></
usr/share/texmf/fonts/type1/arphic/bkaiu/bkaiu8e.pfb></usr/share/texmf/fonts/ty
pe1/arphic/bkaiu/bkaiu8f.pfb></usr/share/texmf/fonts/type1/arphic/bkaiu/bkaiu90
.pfb></usr/share/texmf/fonts/type1/arphic/bkaiu/bkaiu91.pfb></usr/share/texmf/f
onts/type1/arphic/bkaiu/bkaiu92.pfb></usr/share/texmf/fonts/type1/arphic/bkaiu/
bkaiu93.pfb></usr/share/texmf/fonts/type1/arphic/bkaiu/bkaiu94.pfb></usr/share/
texmf/fonts/type1/arphic/bkaiu/bkaiu95.pfb></usr/share/texmf/fonts/type1/arphic
/bkaiu/bkaiu96.pfb></usr/share/texmf/fonts/type1/arphic/bkaiu/bkaiu97.pfb></usr
/share/texmf/fonts/type1/arphic/bkaiu/bkaiu98.pfb></usr/share/texmf/fonts/type1
/arphic/bkaiu/bkaiu99.pfb></usr/share/texmf/fonts/type1/arphic/bkaiu/bkaiu9a.pf
b></usr/share/texmf/fonts/type1/arphic/bkaiu/bkaiu9b.pfb></usr/share/texmf/font
s/type1/arphic/bkaiu/bkaiu9e.pfb></usr/share/texmf/fonts/type1/arphic/bkaiu/bka
iu9f.pfb></usr/share/texmf/fonts/type1/arphic/bkaiu/bkaiufe.pfb></usr/share/tex
mf/fonts/type1/arphic/bkaiu/bkaiuff.pfb></usr/share/texlive/texmf-dist/fonts/ty
pe1/public/amsfonts/cm/cmbx12.pfb></usr/share/texlive/texmf-dist/fonts/type1/pu
blic/amsfonts/cm/cmr12.pfb></usr/share/texlive/texmf-dist/fonts/type1/public/am
sfonts/cm/cmssbx10.pfb></usr/share/texlive/texmf-dist/fonts/type1/public/amsfon
ts/cm/cmsy10.pfb>
Output written on srs.pdf (28 pages, 5454414 bytes).
PDF statistics:
 1318 PDF objects out of 1440 (max. 8388607)
 844 compressed objects within 9 object streams
 84 named destinations out of 1000 (max. 500000)
 684 words of extra memory for PDF output out of 10000 (max. 10000000)

