This is pdfTeX, Version 3.14159265-2.6-1.40.19 (MiKTeX 2.9.6630 64-bit) (preloaded format=pdflatex 2018.6.25)  26 JUN 2018 21:54
entering extended mode
**./srs.tex
(srs.tex
LaTeX2e <2017-04-15>
Babel <3.18> and hyphenation patterns for 75 language(s) loaded.
(scrreprt.cls
Document Class: scrreprt 2018/03/30 v3.25 KOMA-Script document class (report)
(scrkbase.sty
Package: scrkbase 2018/03/30 v3.25 KOMA-Script package (KOMA-Script-dependent b
asics and keyval usage)
 (scrbase.sty
Package: scrbase 2018/03/30 v3.25 KOMA-Script package (KOMA-Script-independent 
basics and keyval usage)

("C:\Users\1413\AppData\Local\Programs\MiKTeX 2.9\tex\latex\graphics\keyval.sty
"
Package: keyval 2014/10/28 v1.15 key=value parser (DPC)
\KV@toks@=\toks14
) (scrlfile.sty
Package: scrlfile 2018/03/30 v3.25 KOMA-Script package (loading files)
))) (tocbasic.sty
Package: tocbasic 2018/03/30 v3.25 KOMA-Script package (handling toc-files)
\scr@dte@tocline@numberwidth=\skip41
\scr@dte@tocline@numbox=\box26
)
Package tocbasic Info: omitting babel extension for `toc'
(tocbasic)             because of feature `nobabel' available
(tocbasic)             for `toc' on input line 136.
Package tocbasic Info: defining new hook before heading of `' on input line 166
7.
Package scrreprt Info: You've used standard option `12pt'.
(scrreprt)             This is correct!
(scrreprt)             Internally I'm using `fontsize=12pt'.
(scrreprt)             If you'd like to set the option with \KOMAoptions,
(scrreprt)             you'd have to use `fontsize=12pt' there
(scrreprt)             instead of `12pt', too.
Class scrreprt Info: File `scrsize12pt.clo' used to setup font sizes on input l
ine 2328.

("C:\Users\1413\AppData\Local\Programs\MiKTeX 2.9\tex\latex\koma-script\scrsize
12pt.clo"
File: scrsize12pt.clo 2018/03/30 v3.25 KOMA-Script font size class option (12pt
)
) (typearea.sty
Package: typearea 2018/03/30 v3.25 KOMA-Script package (type area)
\ta@bcor=\skip42
\ta@div=\count79
\ta@hblk=\skip43
\ta@vblk=\skip44
\ta@temp=\skip45
\footheight=\skip46
Package typearea Info: These are the values describing the layout:
(typearea)             DIV  = 12
(typearea)             BCOR = 0.0pt
(typearea)             \paperwidth      = 597.50793pt
(typearea)              \textwidth      = 448.13095pt
(typearea)              DIV departure   = -6%
(typearea)              \evensidemargin = 2.4185pt
(typearea)              \oddsidemargin  = 2.4185pt
(typearea)             \paperheight     = 845.04694pt
(typearea)              \textheight     = 635.5pt
(typearea)              \topmargin      = -41.72441pt
(typearea)              \headheight     = 18.125pt
(typearea)              \headsep        = 21.75pt
(typearea)              \topskip        = 12.0pt
(typearea)              \footskip       = 50.75pt
(typearea)              \baselineskip   = 14.5pt
(typearea)              on input line 1706.
)
\c@part=\count80
\c@chapter=\count81
\c@section=\count82
\c@subsection=\count83
\c@subsubsection=\count84
\c@paragraph=\count85
\c@subparagraph=\count86
\scr@dte@part@maxnumwidth=\skip47
\scr@dte@chapter@maxnumwidth=\skip48
\scr@dte@section@maxnumwidth=\skip49
\scr@dte@subsection@maxnumwidth=\skip50
\scr@dte@subsubsection@maxnumwidth=\skip51
\scr@dte@paragraph@maxnumwidth=\skip52
\scr@dte@subparagraph@maxnumwidth=\skip53
\abovecaptionskip=\skip54
\belowcaptionskip=\skip55
\c@pti@nb@sid@b@x=\box27
\scr@dte@figure@maxnumwidth=\skip56
Package tocbasic Info: omitting babel extension for `lof'
(tocbasic)             because of feature `nobabel' available
(tocbasic)             for `lof' on input line 6247.
\c@figure=\count87
\scr@dte@table@maxnumwidth=\skip57
Package tocbasic Info: omitting babel extension for `lot'
(tocbasic)             because of feature `nobabel' available
(tocbasic)             for `lot' on input line 6264.
\c@table=\count88
Class scrreprt Info: Redefining `\numberline' on input line 6433.
\bibindent=\dimen102
)
("C:\Users\1413\AppData\Local\Programs\MiKTeX 2.9\tex\latex\listings\listings.s
ty"
\lst@mode=\count89
\lst@gtempboxa=\box28
\lst@token=\toks15
\lst@length=\count90
\lst@currlwidth=\dimen103
\lst@column=\count91
\lst@pos=\count92
\lst@lostspace=\dimen104
\lst@width=\dimen105
\lst@newlines=\count93
\lst@lineno=\count94
\lst@maxwidth=\dimen106

("C:\Users\1413\AppData\Local\Programs\MiKTeX 2.9\tex\latex\listings\lstmisc.st
y"
File: lstmisc.sty 2015/06/04 1.6 (Carsten Heinz)
\c@lstnumber=\count95
\lst@skipnumbers=\count96
\lst@framebox=\box29
)
("C:\Users\1413\AppData\Local\Programs\MiKTeX 2.9\tex\latex\listings\listings.c
fg"
File: listings.cfg 2015/06/04 1.6 listings configuration
))
Package: listings 2015/06/04 1.6 (Carsten Heinz)
 (C:\Users\1413\AppData\Roaming\MiKTeX\2.9\tex\latex\booktabs\booktabs.sty
Package: booktabs 2005/04/14 v1.61803 publication quality tables
\heavyrulewidth=\dimen107
\lightrulewidth=\dimen108
\cmidrulewidth=\dimen109
\belowrulesep=\dimen110
\belowbottomsep=\dimen111
\aboverulesep=\dimen112
\abovetopsep=\dimen113
\cmidrulesep=\dimen114
\cmidrulekern=\dimen115
\defaultaddspace=\dimen116
\@cmidla=\count97
\@cmidlb=\count98
\@aboverulesep=\dimen117
\@belowrulesep=\dimen118
\@thisruleclass=\count99
\@lastruleclass=\count100
\@thisrulewidth=\dimen119
)
("C:\Users\1413\AppData\Local\Programs\MiKTeX 2.9\tex\latex\underscore\undersco
re.sty"
Package: underscore 2006/09/13
LaTeX Info: Redefining \_ on input line 42.
)
("C:\Users\1413\AppData\Local\Programs\MiKTeX 2.9\tex\latex\multirow\multirow.s
ty"
Package: multirow 2016/11/25 v2.2 Span multiple rows of a table
\multirow@colwidth=\skip58
\multirow@cntb=\count101
\multirow@dima=\skip59
\bigstrutjot=\dimen120
)
("C:\Users\1413\AppData\Local\Programs\MiKTeX 2.9\tex\latex\hyperref\hyperref.s
ty"
Package: hyperref 2018/02/06 v6.86b Hypertext links for LaTeX

("C:\Users\1413\AppData\Local\Programs\MiKTeX 2.9\tex\generic\oberdiek\hobsub-h
yperref.sty"
Package: hobsub-hyperref 2016/05/16 v1.14 Bundle oberdiek, subset hyperref (HO)


("C:\Users\1413\AppData\Local\Programs\MiKTeX 2.9\tex\generic\oberdiek\hobsub-g
eneric.sty"
Package: hobsub-generic 2016/05/16 v1.14 Bundle oberdiek, subset generic (HO)
Package: hobsub 2016/05/16 v1.14 Construct package bundles (HO)
Package: infwarerr 2016/05/16 v1.4 Providing info/warning/error messages (HO)
Package: ltxcmds 2016/05/16 v1.23 LaTeX kernel commands for general use (HO)
Package: ifluatex 2016/05/16 v1.4 Provides the ifluatex switch (HO)
Package ifluatex Info: LuaTeX not detected.
Package: ifvtex 2016/05/16 v1.6 Detect VTeX and its facilities (HO)
Package ifvtex Info: VTeX not detected.
Package: intcalc 2016/05/16 v1.2 Expandable calculations with integers (HO)
Package: ifpdf 2017/03/15 v3.2 Provides the ifpdf switch
Package: etexcmds 2016/05/16 v1.6 Avoid name clashes with e-TeX commands (HO)
Package etexcmds Info: Could not find \expanded.
(etexcmds)             That can mean that you are not using pdfTeX 1.50 or
(etexcmds)             that some package has redefined \expanded.
(etexcmds)             In the latter case, load this package earlier.
Package: kvsetkeys 2016/05/16 v1.17 Key value parser (HO)
Package: kvdefinekeys 2016/05/16 v1.4 Define keys (HO)
Package: pdftexcmds 2018/01/21 v0.26 Utility functions of pdfTeX for LuaTeX (HO
)
Package pdftexcmds Info: LuaTeX not detected.
Package pdftexcmds Info: \pdf@primitive is available.
Package pdftexcmds Info: \pdf@ifprimitive is available.
Package pdftexcmds Info: \pdfdraftmode found.
Package: pdfescape 2016/05/16 v1.14 Implements pdfTeX's escape features (HO)
Package: bigintcalc 2016/05/16 v1.4 Expandable calculations on big integers (HO
)
Package: bitset 2016/05/16 v1.2 Handle bit-vector datatype (HO)
Package: uniquecounter 2016/05/16 v1.3 Provide unlimited unique counter (HO)
)
Package hobsub Info: Skipping package `hobsub' (already loaded).
Package: letltxmacro 2016/05/16 v1.5 Let assignment for LaTeX macros (HO)
Package: hopatch 2016/05/16 v1.3 Wrapper for package hooks (HO)
Package: xcolor-patch 2016/05/16 xcolor patch
Package: atveryend 2016/05/16 v1.9 Hooks at the very end of document (HO)
Package atveryend Info: \enddocument detected (standard20110627).
Package: atbegshi 2016/06/09 v1.18 At begin shipout hook (HO)
Package: refcount 2016/05/16 v3.5 Data extraction from label references (HO)
Package: hycolor 2016/05/16 v1.8 Color options for hyperref/bookmark (HO)
)
("C:\Users\1413\AppData\Local\Programs\MiKTeX 2.9\tex\generic\ifxetex\ifxetex.s
ty"
Package: ifxetex 2010/09/12 v0.6 Provides ifxetex conditional
)
("C:\Users\1413\AppData\Local\Programs\MiKTeX 2.9\tex\latex\oberdiek\auxhook.st
y"
Package: auxhook 2016/05/16 v1.4 Hooks for auxiliary files (HO)
)
("C:\Users\1413\AppData\Local\Programs\MiKTeX 2.9\tex\latex\oberdiek\kvoptions.
sty"
Package: kvoptions 2016/05/16 v3.12 Key value format for package options (HO)
)
\@linkdim=\dimen121
\Hy@linkcounter=\count102
\Hy@pagecounter=\count103

("C:\Users\1413\AppData\Local\Programs\MiKTeX 2.9\tex\latex\hyperref\pd1enc.def
"
File: pd1enc.def 2018/02/06 v6.86b Hyperref: PDFDocEncoding definition (HO)
)
\Hy@SavedSpaceFactor=\count104

("C:\Users\1413\AppData\Local\Programs\MiKTeX 2.9\tex\latex\00miktex\hyperref.c
fg"
File: hyperref.cfg 2002/06/06 v1.2 hyperref configuration of TeXLive
)
Package hyperref Info: Option `bookmarks' set `true' on input line 4383.
Package hyperref Info: Hyper figures OFF on input line 4509.
Package hyperref Info: Link nesting OFF on input line 4514.
Package hyperref Info: Hyper index ON on input line 4517.
Package hyperref Info: Plain pages OFF on input line 4524.
Package hyperref Info: Backreferencing OFF on input line 4529.
Package hyperref Info: Implicit mode ON; LaTeX internals redefined.
Package hyperref Info: Bookmarks ON on input line 4762.
\c@Hy@tempcnt=\count105
 ("C:\Users\1413\AppData\Local\Programs\MiKTeX 2.9\tex\latex\url\url.sty"
\Urlmuskip=\muskip10
Package: url 2013/09/16  ver 3.4  Verb mode for urls, etc.
)
LaTeX Info: Redefining \url on input line 5115.
\XeTeXLinkMargin=\dimen122
\Fld@menulength=\count106
\Field@Width=\dimen123
\Fld@charsize=\dimen124
Package hyperref Info: Hyper figures OFF on input line 6369.
Package hyperref Info: Link nesting OFF on input line 6374.
Package hyperref Info: Hyper index ON on input line 6377.
Package hyperref Info: backreferencing OFF on input line 6384.
Package hyperref Info: Link coloring OFF on input line 6389.
Package hyperref Info: Link coloring with OCG OFF on input line 6394.
Package hyperref Info: PDF/A mode OFF on input line 6399.
LaTeX Info: Redefining \ref on input line 6439.
LaTeX Info: Redefining \pageref on input line 6443.
\Hy@abspage=\count107
\c@Item=\count108
\c@Hfootnote=\count109
)
Package hyperref Info: Driver (autodetected): hpdftex.

("C:\Users\1413\AppData\Local\Programs\MiKTeX 2.9\tex\latex\hyperref\hpdftex.de
f"
File: hpdftex.def 2018/02/06 v6.86b Hyperref driver for pdfTeX
\Fld@listcount=\count110
\c@bookmark@seq@number=\count111

("C:\Users\1413\AppData\Local\Programs\MiKTeX 2.9\tex\latex\oberdiek\rerunfilec
heck.sty"
Package: rerunfilecheck 2016/05/16 v1.8 Rerun checks for auxiliary files (HO)
Package uniquecounter Info: New unique counter `rerunfilecheck' on input line 2
82.
)
\Hy@SectionHShift=\skip60
)
("C:\Users\1413\AppData\Local\Programs\MiKTeX 2.9\tex\latex\base\inputenc.sty"
Package: inputenc 2015/03/17 v1.2c Input encoding file
\inpenc@prehook=\toks16
\inpenc@posthook=\toks17

("C:\Users\1413\AppData\Local\Programs\MiKTeX 2.9\tex\latex\base\utf8.def"
File: utf8.def 2017/01/28 v1.1t UTF-8 support for inputenc
Now handling font encoding OML ...
... no UTF-8 mapping file for font encoding OML
Now handling font encoding T1 ...
... processing UTF-8 mapping file for font encoding T1

("C:\Users\1413\AppData\Local\Programs\MiKTeX 2.9\tex\latex\base\t1enc.dfu"
File: t1enc.dfu 2017/01/28 v1.1t UTF-8 support for inputenc
   defining Unicode char U+00A0 (decimal 160)
   defining Unicode char U+00A1 (decimal 161)
   defining Unicode char U+00A3 (decimal 163)
   defining Unicode char U+00AB (decimal 171)
   defining Unicode char U+00AD (decimal 173)
   defining Unicode char U+00BB (decimal 187)
   defining Unicode char U+00BF (decimal 191)
   defining Unicode char U+00C0 (decimal 192)
   defining Unicode char U+00C1 (decimal 193)
   defining Unicode char U+00C2 (decimal 194)
   defining Unicode char U+00C3 (decimal 195)
   defining Unicode char U+00C4 (decimal 196)
   defining Unicode char U+00C5 (decimal 197)
   defining Unicode char U+00C6 (decimal 198)
   defining Unicode char U+00C7 (decimal 199)
   defining Unicode char U+00C8 (decimal 200)
   defining Unicode char U+00C9 (decimal 201)
   defining Unicode char U+00CA (decimal 202)
   defining Unicode char U+00CB (decimal 203)
   defining Unicode char U+00CC (decimal 204)
   defining Unicode char U+00CD (decimal 205)
   defining Unicode char U+00CE (decimal 206)
   defining Unicode char U+00CF (decimal 207)
   defining Unicode char U+00D0 (decimal 208)
   defining Unicode char U+00D1 (decimal 209)
   defining Unicode char U+00D2 (decimal 210)
   defining Unicode char U+00D3 (decimal 211)
   defining Unicode char U+00D4 (decimal 212)
   defining Unicode char U+00D5 (decimal 213)
   defining Unicode char U+00D6 (decimal 214)
   defining Unicode char U+00D8 (decimal 216)
   defining Unicode char U+00D9 (decimal 217)
   defining Unicode char U+00DA (decimal 218)
   defining Unicode char U+00DB (decimal 219)
   defining Unicode char U+00DC (decimal 220)
   defining Unicode char U+00DD (decimal 221)
   defining Unicode char U+00DE (decimal 222)
   defining Unicode char U+00DF (decimal 223)
   defining Unicode char U+00E0 (decimal 224)
   defining Unicode char U+00E1 (decimal 225)
   defining Unicode char U+00E2 (decimal 226)
   defining Unicode char U+00E3 (decimal 227)
   defining Unicode char U+00E4 (decimal 228)
   defining Unicode char U+00E5 (decimal 229)
   defining Unicode char U+00E6 (decimal 230)
   defining Unicode char U+00E7 (decimal 231)
   defining Unicode char U+00E8 (decimal 232)
   defining Unicode char U+00E9 (decimal 233)
   defining Unicode char U+00EA (decimal 234)
   defining Unicode char U+00EB (decimal 235)
   defining Unicode char U+00EC (decimal 236)
   defining Unicode char U+00ED (decimal 237)
   defining Unicode char U+00EE (decimal 238)
   defining Unicode char U+00EF (decimal 239)
   defining Unicode char U+00F0 (decimal 240)
   defining Unicode char U+00F1 (decimal 241)
   defining Unicode char U+00F2 (decimal 242)
   defining Unicode char U+00F3 (decimal 243)
   defining Unicode char U+00F4 (decimal 244)
   defining Unicode char U+00F5 (decimal 245)
   defining Unicode char U+00F6 (decimal 246)
   defining Unicode char U+00F8 (decimal 248)
   defining Unicode char U+00F9 (decimal 249)
   defining Unicode char U+00FA (decimal 250)
   defining Unicode char U+00FB (decimal 251)
   defining Unicode char U+00FC (decimal 252)
   defining Unicode char U+00FD (decimal 253)
   defining Unicode char U+00FE (decimal 254)
   defining Unicode char U+00FF (decimal 255)
   defining Unicode char U+0100 (decimal 256)
   defining Unicode char U+0101 (decimal 257)
   defining Unicode char U+0102 (decimal 258)
   defining Unicode char U+0103 (decimal 259)
   defining Unicode char U+0104 (decimal 260)
   defining Unicode char U+0105 (decimal 261)
   defining Unicode char U+0106 (decimal 262)
   defining Unicode char U+0107 (decimal 263)
   defining Unicode char U+0108 (decimal 264)
   defining Unicode char U+0109 (decimal 265)
   defining Unicode char U+010A (decimal 266)
   defining Unicode char U+010B (decimal 267)
   defining Unicode char U+010C (decimal 268)
   defining Unicode char U+010D (decimal 269)
   defining Unicode char U+010E (decimal 270)
   defining Unicode char U+010F (decimal 271)
   defining Unicode char U+0110 (decimal 272)
   defining Unicode char U+0111 (decimal 273)
   defining Unicode char U+0112 (decimal 274)
   defining Unicode char U+0113 (decimal 275)
   defining Unicode char U+0114 (decimal 276)
   defining Unicode char U+0115 (decimal 277)
   defining Unicode char U+0116 (decimal 278)
   defining Unicode char U+0117 (decimal 279)
   defining Unicode char U+0118 (decimal 280)
   defining Unicode char U+0119 (decimal 281)
   defining Unicode char U+011A (decimal 282)
   defining Unicode char U+011B (decimal 283)
   defining Unicode char U+011C (decimal 284)
   defining Unicode char U+011D (decimal 285)
   defining Unicode char U+011E (decimal 286)
   defining Unicode char U+011F (decimal 287)
   defining Unicode char U+0120 (decimal 288)
   defining Unicode char U+0121 (decimal 289)
   defining Unicode char U+0122 (decimal 290)
   defining Unicode char U+0123 (decimal 291)
   defining Unicode char U+0124 (decimal 292)
   defining Unicode char U+0125 (decimal 293)
   defining Unicode char U+0128 (decimal 296)
   defining Unicode char U+0129 (decimal 297)
   defining Unicode char U+012A (decimal 298)
   defining Unicode char U+012B (decimal 299)
   defining Unicode char U+012C (decimal 300)
   defining Unicode char U+012D (decimal 301)
   defining Unicode char U+012E (decimal 302)
   defining Unicode char U+012F (decimal 303)
   defining Unicode char U+0130 (decimal 304)
   defining Unicode char U+0131 (decimal 305)
   defining Unicode char U+0132 (decimal 306)
   defining Unicode char U+0133 (decimal 307)
   defining Unicode char U+0134 (decimal 308)
   defining Unicode char U+0135 (decimal 309)
   defining Unicode char U+0136 (decimal 310)
   defining Unicode char U+0137 (decimal 311)
   defining Unicode char U+0139 (decimal 313)
   defining Unicode char U+013A (decimal 314)
   defining Unicode char U+013B (decimal 315)
   defining Unicode char U+013C (decimal 316)
   defining Unicode char U+013D (decimal 317)
   defining Unicode char U+013E (decimal 318)
   defining Unicode char U+0141 (decimal 321)
   defining Unicode char U+0142 (decimal 322)
   defining Unicode char U+0143 (decimal 323)
   defining Unicode char U+0144 (decimal 324)
   defining Unicode char U+0145 (decimal 325)
   defining Unicode char U+0146 (decimal 326)
   defining Unicode char U+0147 (decimal 327)
   defining Unicode char U+0148 (decimal 328)
   defining Unicode char U+014A (decimal 330)
   defining Unicode char U+014B (decimal 331)
   defining Unicode char U+014C (decimal 332)
   defining Unicode char U+014D (decimal 333)
   defining Unicode char U+014E (decimal 334)
   defining Unicode char U+014F (decimal 335)
   defining Unicode char U+0150 (decimal 336)
   defining Unicode char U+0151 (decimal 337)
   defining Unicode char U+0152 (decimal 338)
   defining Unicode char U+0153 (decimal 339)
   defining Unicode char U+0154 (decimal 340)
   defining Unicode char U+0155 (decimal 341)
   defining Unicode char U+0156 (decimal 342)
   defining Unicode char U+0157 (decimal 343)
   defining Unicode char U+0158 (decimal 344)
   defining Unicode char U+0159 (decimal 345)
   defining Unicode char U+015A (decimal 346)
   defining Unicode char U+015B (decimal 347)
   defining Unicode char U+015C (decimal 348)
   defining Unicode char U+015D (decimal 349)
   defining Unicode char U+015E (decimal 350)
   defining Unicode char U+015F (decimal 351)
   defining Unicode char U+0160 (decimal 352)
   defining Unicode char U+0161 (decimal 353)
   defining Unicode char U+0162 (decimal 354)
   defining Unicode char U+0163 (decimal 355)
   defining Unicode char U+0164 (decimal 356)
   defining Unicode char U+0165 (decimal 357)
   defining Unicode char U+0168 (decimal 360)
   defining Unicode char U+0169 (decimal 361)
   defining Unicode char U+016A (decimal 362)
   defining Unicode char U+016B (decimal 363)
   defining Unicode char U+016C (decimal 364)
   defining Unicode char U+016D (decimal 365)
   defining Unicode char U+016E (decimal 366)
   defining Unicode char U+016F (decimal 367)
   defining Unicode char U+0170 (decimal 368)
   defining Unicode char U+0171 (decimal 369)
   defining Unicode char U+0172 (decimal 370)
   defining Unicode char U+0173 (decimal 371)
   defining Unicode char U+0174 (decimal 372)
   defining Unicode char U+0175 (decimal 373)
   defining Unicode char U+0176 (decimal 374)
   defining Unicode char U+0177 (decimal 375)
   defining Unicode char U+0178 (decimal 376)
   defining Unicode char U+0179 (decimal 377)
   defining Unicode char U+017A (decimal 378)
   defining Unicode char U+017B (decimal 379)
   defining Unicode char U+017C (decimal 380)
   defining Unicode char U+017D (decimal 381)
   defining Unicode char U+017E (decimal 382)
   defining Unicode char U+01CD (decimal 461)
   defining Unicode char U+01CE (decimal 462)
   defining Unicode char U+01CF (decimal 463)
   defining Unicode char U+01D0 (decimal 464)
   defining Unicode char U+01D1 (decimal 465)
   defining Unicode char U+01D2 (decimal 466)
   defining Unicode char U+01D3 (decimal 467)
   defining Unicode char U+01D4 (decimal 468)
   defining Unicode char U+01E2 (decimal 482)
   defining Unicode char U+01E3 (decimal 483)
   defining Unicode char U+01E6 (decimal 486)
   defining Unicode char U+01E7 (decimal 487)
   defining Unicode char U+01E8 (decimal 488)
   defining Unicode char U+01E9 (decimal 489)
   defining Unicode char U+01EA (decimal 490)
   defining Unicode char U+01EB (decimal 491)
   defining Unicode char U+01F0 (decimal 496)
   defining Unicode char U+01F4 (decimal 500)
   defining Unicode char U+01F5 (decimal 501)
   defining Unicode char U+0218 (decimal 536)
   defining Unicode char U+0219 (decimal 537)
   defining Unicode char U+021A (decimal 538)
   defining Unicode char U+021B (decimal 539)
   defining Unicode char U+0232 (decimal 562)
   defining Unicode char U+0233 (decimal 563)
   defining Unicode char U+1E02 (decimal 7682)
   defining Unicode char U+1E03 (decimal 7683)
   defining Unicode char U+200C (decimal 8204)
   defining Unicode char U+2010 (decimal 8208)
   defining Unicode char U+2011 (decimal 8209)
   defining Unicode char U+2012 (decimal 8210)
   defining Unicode char U+2013 (decimal 8211)
   defining Unicode char U+2014 (decimal 8212)
   defining Unicode char U+2015 (decimal 8213)
   defining Unicode char U+2018 (decimal 8216)
   defining Unicode char U+2019 (decimal 8217)
   defining Unicode char U+201A (decimal 8218)
   defining Unicode char U+201C (decimal 8220)
   defining Unicode char U+201D (decimal 8221)
   defining Unicode char U+201E (decimal 8222)
   defining Unicode char U+2030 (decimal 8240)
   defining Unicode char U+2031 (decimal 8241)
   defining Unicode char U+2039 (decimal 8249)
   defining Unicode char U+203A (decimal 8250)
   defining Unicode char U+2423 (decimal 9251)
   defining Unicode char U+1E20 (decimal 7712)
   defining Unicode char U+1E21 (decimal 7713)
)
Now handling font encoding OT1 ...
... processing UTF-8 mapping file for font encoding OT1

("C:\Users\1413\AppData\Local\Programs\MiKTeX 2.9\tex\latex\base\ot1enc.dfu"
File: ot1enc.dfu 2017/01/28 v1.1t UTF-8 support for inputenc
   defining Unicode char U+00A0 (decimal 160)
   defining Unicode char U+00A1 (decimal 161)
   defining Unicode char U+00A3 (decimal 163)
   defining Unicode char U+00AD (decimal 173)
   defining Unicode char U+00B8 (decimal 184)
   defining Unicode char U+00BF (decimal 191)
   defining Unicode char U+00C5 (decimal 197)
   defining Unicode char U+00C6 (decimal 198)
   defining Unicode char U+00D8 (decimal 216)
   defining Unicode char U+00DF (decimal 223)
   defining Unicode char U+00E6 (decimal 230)
   defining Unicode char U+00EC (decimal 236)
   defining Unicode char U+00ED (decimal 237)
   defining Unicode char U+00EE (decimal 238)
   defining Unicode char U+00EF (decimal 239)
   defining Unicode char U+00F8 (decimal 248)
   defining Unicode char U+0131 (decimal 305)
   defining Unicode char U+0141 (decimal 321)
   defining Unicode char U+0142 (decimal 322)
   defining Unicode char U+0152 (decimal 338)
   defining Unicode char U+0153 (decimal 339)
   defining Unicode char U+0174 (decimal 372)
   defining Unicode char U+0175 (decimal 373)
   defining Unicode char U+0176 (decimal 374)
   defining Unicode char U+0177 (decimal 375)
   defining Unicode char U+0218 (decimal 536)
   defining Unicode char U+0219 (decimal 537)
   defining Unicode char U+021A (decimal 538)
   defining Unicode char U+021B (decimal 539)
   defining Unicode char U+2013 (decimal 8211)
   defining Unicode char U+2014 (decimal 8212)
   defining Unicode char U+2018 (decimal 8216)
   defining Unicode char U+2019 (decimal 8217)
   defining Unicode char U+201C (decimal 8220)
   defining Unicode char U+201D (decimal 8221)
)
Now handling font encoding OMS ...
... processing UTF-8 mapping file for font encoding OMS

("C:\Users\1413\AppData\Local\Programs\MiKTeX 2.9\tex\latex\base\omsenc.dfu"
File: omsenc.dfu 2017/01/28 v1.1t UTF-8 support for inputenc
   defining Unicode char U+00A7 (decimal 167)
   defining Unicode char U+00B6 (decimal 182)
   defining Unicode char U+00B7 (decimal 183)
   defining Unicode char U+2020 (decimal 8224)
   defining Unicode char U+2021 (decimal 8225)
   defining Unicode char U+2022 (decimal 8226)
)
Now handling font encoding OMX ...
... no UTF-8 mapping file for font encoding OMX
Now handling font encoding U ...
... no UTF-8 mapping file for font encoding U
Now handling font encoding PD1 ...
... no UTF-8 mapping file for font encoding PD1
   defining Unicode char U+00A9 (decimal 169)
   defining Unicode char U+00AA (decimal 170)
   defining Unicode char U+00AE (decimal 174)
   defining Unicode char U+00BA (decimal 186)
   defining Unicode char U+02C6 (decimal 710)
   defining Unicode char U+02DC (decimal 732)
   defining Unicode char U+200C (decimal 8204)
   defining Unicode char U+2026 (decimal 8230)
   defining Unicode char U+2122 (decimal 8482)
   defining Unicode char U+2423 (decimal 9251)
))
("C:\Users\1413\AppData\Local\Programs\MiKTeX 2.9\tex\latex\graphics\graphicx.s
ty"
Package: graphicx 2017/06/01 v1.1a Enhanced LaTeX Graphics (DPC,SPQR)

("C:\Users\1413\AppData\Local\Programs\MiKTeX 2.9\tex\latex\graphics\graphics.s
ty"
Package: graphics 2017/06/25 v1.2c Standard LaTeX Graphics (DPC,SPQR)

("C:\Users\1413\AppData\Local\Programs\MiKTeX 2.9\tex\latex\graphics\trig.sty"
Package: trig 2016/01/03 v1.10 sin cos tan (DPC)
)
("C:\Users\1413\AppData\Local\Programs\MiKTeX 2.9\tex\latex\graphics-cfg\graphi
cs.cfg"
File: graphics.cfg 2016/06/04 v1.11 sample graphics configuration
)
Package graphics Info: Driver file: pdftex.def on input line 99.

("C:\Users\1413\AppData\Local\Programs\MiKTeX 2.9\tex\latex\graphics-def\pdftex
.def"
File: pdftex.def 2018/01/08 v1.0l Graphics/color driver for pdftex
))
\Gin@req@height=\dimen125
\Gin@req@width=\dimen126
)
(C:\Users\1413\AppData\Roaming\MiKTeX\2.9\tex\latex\diagbox\diagbox.sty
Package: diagbox 2016/12/28 v2.2 Making table heads with diagonal lines

(C:\Users\1413\AppData\Roaming\MiKTeX\2.9\tex\latex\pict2e\pict2e.sty
Package: pict2e 2016/02/05 v0.3b Improved picture commands (HjG,RN,JT)

(C:\Users\1413\AppData\Roaming\MiKTeX\2.9\tex\latex\pict2e\pict2e.cfg
File: pict2e.cfg 2016/02/05 v0.1u pict2e configuration for teTeX/TeXLive
)
Package pict2e Info: Driver file: pdftex.def on input line 119.
Package pict2e Info: Driver file for pict2e: p2e-pdftex.def on input line 121.

(C:\Users\1413\AppData\Roaming\MiKTeX\2.9\tex\latex\pict2e\p2e-pdftex.def
File: p2e-pdftex.def 2016/02/05 v0.1u Driver-dependant file (RN,HjG,JT)
)
\pIIe@GRAPH=\toks18
\@arclen=\dimen127
\@arcrad=\dimen128
\@tempdimd=\dimen129
)
(C:\Users\1413\AppData\Roaming\MiKTeX\2.9\tex\latex\fp\fp.sty
Package: fp 1995/04/02

`Fixed Point Package', Version 0.8, April 2, 1995 (C) Michael Mehlich
(C:\Users\1413\AppData\Roaming\MiKTeX\2.9\tex\latex\fp\defpattern.sty
Package: defpattern 1994/10/12
\actioncount=\count112
)
(C:\Users\1413\AppData\Roaming\MiKTeX\2.9\tex\latex\fp\fp-basic.sty
Package: fp-basic 1996/05/13
\FP@xs=\count113
\FP@xia=\count114
\FP@xib=\count115
\FP@xfa=\count116
\FP@xfb=\count117
\FP@rega=\count118
\FP@regb=\count119
\FP@regs=\count120
\FP@times=\count121
)
(C:\Users\1413\AppData\Roaming\MiKTeX\2.9\tex\latex\fp\fp-addons.sty
Package: fp-addons 1995/03/15
)
(C:\Users\1413\AppData\Roaming\MiKTeX\2.9\tex\latex\fp\fp-snap.sty
Package: fp-snap 1995/04/05
)
(C:\Users\1413\AppData\Roaming\MiKTeX\2.9\tex\latex\fp\fp-exp.sty
Package: fp-exp 1995/04/03
)
(C:\Users\1413\AppData\Roaming\MiKTeX\2.9\tex\latex\fp\fp-trigo.sty
Package: fp-trigo 1995/04/14
)
(C:\Users\1413\AppData\Roaming\MiKTeX\2.9\tex\latex\fp\fp-pas.sty
Package: fp-pas 1994/08/29
)
(C:\Users\1413\AppData\Roaming\MiKTeX\2.9\tex\latex\fp\fp-random.sty
Package: fp-random 1995/02/23
\FPseed=\count122
)
(C:\Users\1413\AppData\Roaming\MiKTeX\2.9\tex\latex\fp\fp-eqn.sty
Package: fp-eqn 1995/04/03
)
(C:\Users\1413\AppData\Roaming\MiKTeX\2.9\tex\latex\fp\fp-upn.sty
Package: fp-upn 1996/10/21
)
(C:\Users\1413\AppData\Roaming\MiKTeX\2.9\tex\latex\fp\fp-eval.sty
Package: fp-eval 1995/04/03
))
("C:\Users\1413\AppData\Local\Programs\MiKTeX 2.9\tex\latex\tools\calc.sty"
Package: calc 2014/10/28 v4.3 Infix arithmetic (KKT,FJ)
\calc@Acount=\count123
\calc@Bcount=\count124
\calc@Adimen=\dimen130
\calc@Bdimen=\dimen131
\calc@Askip=\skip61
\calc@Bskip=\skip62
LaTeX Info: Redefining \setlength on input line 80.
LaTeX Info: Redefining \addtolength on input line 81.
\calc@Ccount=\count125
\calc@Cskip=\skip63
)
("C:\Users\1413\AppData\Local\Programs\MiKTeX 2.9\tex\latex\tools\array.sty"
Package: array 2016/10/06 v2.4d Tabular extension package (FMi)
\col@sep=\dimen132
\extrarowheight=\dimen133
\NC@list=\toks19
\extratabsurround=\skip64
\backup@length=\skip65
)
\diagbox@boxa=\box30
\diagbox@boxb=\box31
\diagbox@boxm=\box32
\diagbox@wd=\dimen134
\diagbox@ht=\dimen135
\diagbox@insepl=\dimen136
\diagbox@insepr=\dimen137
\diagbox@outsepl=\dimen138
\diagbox@outsepr=\dimen139
)
("C:\Users\1413\AppData\Local\Programs\MiKTeX 2.9\tex\generic\babel\babel.sty"
Package: babel 2018/02/14 3.18 The Babel package

("C:\Users\1413\AppData\Local\Programs\MiKTeX 2.9\tex\generic\babel\switch.def"
File: switch.def 2018/02/14 3.18 Babel switching mechanism
)
*************************************
* Local config file bblopts.cfg used
*
("C:\Users\1413\AppData\Local\Programs\MiKTeX 2.9\tex\latex\arabi\bblopts.cfg"
File: bblopts.cfg 2005/09/08 v0.1 add Arabic and Farsi to "declared" options of
 babel
)
("C:\Users\1413\AppData\Local\Programs\MiKTeX 2.9\tex\latex\babel-english\engli
sh.ldf"
Language: english 2017/06/06 v3.3r English support from the babel system

("C:\Users\1413\AppData\Local\Programs\MiKTeX 2.9\tex\generic\babel\babel.def"
File: babel.def 2018/02/14 3.18 Babel common definitions
\babel@savecnt=\count126
\U@D=\dimen140

("C:\Users\1413\AppData\Local\Programs\MiKTeX 2.9\tex\generic\babel\txtbabel.de
f")
\bbl@dirlevel=\count127
)
\l@canadian = a dialect from \language\l@american 
\l@australian = a dialect from \language\l@british 
\l@newzealand = a dialect from \language\l@british 
)) (C:\Users\1413\AppData\Roaming\MiKTeX\2.9\tex\latex\cjk\CJKutf8.sty
Package: CJKutf8 2015/04/18 4.8.4

(C:\Users\1413\AppData\Roaming\MiKTeX\2.9\tex\latex\cjk\CJK.sty
Package: CJK 2015/04/18 4.8.4

(C:\Users\1413\AppData\Roaming\MiKTeX\2.9\tex\latex\cjk\mule\MULEenc.sty
Package: MULEenc 2015/04/18 4.8.4
)
(C:\Users\1413\AppData\Roaming\MiKTeX\2.9\tex\latex\cjk\CJK.enc
File: CJK.enc 2015/04/18 4.8.4
Now handling font encoding C00 ...
... no UTF-8 mapping file for font encoding C00
Now handling font encoding C05 ...
... no UTF-8 mapping file for font encoding C05
Now handling font encoding C09 ...
... no UTF-8 mapping file for font encoding C09
Now handling font encoding C10 ...
... no UTF-8 mapping file for font encoding C10
Now handling font encoding C20 ...
... no UTF-8 mapping file for font encoding C20
Now handling font encoding C19 ...
... no UTF-8 mapping file for font encoding C19
Now handling font encoding C40 ...
... no UTF-8 mapping file for font encoding C40
Now handling font encoding C42 ...
... no UTF-8 mapping file for font encoding C42
Now handling font encoding C43 ...
... no UTF-8 mapping file for font encoding C43
Now handling font encoding C50 ...
... no UTF-8 mapping file for font encoding C50
Now handling font encoding C52 ...
... no UTF-8 mapping file for font encoding C52
Now handling font encoding C49 ...
... no UTF-8 mapping file for font encoding C49
Now handling font encoding C60 ...
... no UTF-8 mapping file for font encoding C60
Now handling font encoding C61 ...
... no UTF-8 mapping file for font encoding C61
Now handling font encoding C63 ...
... no UTF-8 mapping file for font encoding C63
Now handling font encoding C64 ...
... no UTF-8 mapping file for font encoding C64
Now handling font encoding C65 ...
... no UTF-8 mapping file for font encoding C65
Now handling font encoding C70 ...
... no UTF-8 mapping file for font encoding C70
Now handling font encoding C31 ...
... no UTF-8 mapping file for font encoding C31
Now handling font encoding C32 ...
... no UTF-8 mapping file for font encoding C32
Now handling font encoding C33 ...
... no UTF-8 mapping file for font encoding C33
Now handling font encoding C34 ...
... no UTF-8 mapping file for font encoding C34
Now handling font encoding C35 ...
... no UTF-8 mapping file for font encoding C35
Now handling font encoding C36 ...
... no UTF-8 mapping file for font encoding C36
Now handling font encoding C37 ...
... no UTF-8 mapping file for font encoding C37
Now handling font encoding C80 ...
... no UTF-8 mapping file for font encoding C80
Now handling font encoding C81 ...
... no UTF-8 mapping file for font encoding C81
Now handling font encoding C01 ...
... no UTF-8 mapping file for font encoding C01
Now handling font encoding C11 ...
... no UTF-8 mapping file for font encoding C11
Now handling font encoding C21 ...
... no UTF-8 mapping file for font encoding C21
Now handling font encoding C41 ...
... no UTF-8 mapping file for font encoding C41
Now handling font encoding C62 ...
... no UTF-8 mapping file for font encoding C62
)
LaTeX Info: Redefining \selectfont on input line 755.
\CJK@indent=\box33
)
("C:\Users\1413\AppData\Local\Programs\MiKTeX 2.9\tex\latex\base\fontenc.sty"
Package: fontenc 2017/04/05 v2.0i Standard LaTeX package
)) (C:\Users\1413\AppData\Roaming\MiKTeX\2.9\tex\latex\cite\cite.sty
LaTeX Info: Redefining \cite on input line 302.
LaTeX Info: Redefining \nocite on input line 332.
Package: cite 2015/02/27  v 5.5
)
("C:\Users\1413\AppData\Local\Programs\MiKTeX 2.9\tex\latex\tools\indentfirst.s
ty"
Package: indentfirst 1995/11/23 v1.03 Indent first paragraph (DPC)
)

Package hyperref Warning: Option `bookmarks' has already been used,
(hyperref)                setting the option has no effect on input line 44.

Package hyperref Info: Option `colorlinks' set `true' on input line 44.
(srs.aux)
\openout1 = `srs.aux'.

LaTeX Font Info:    Checking defaults for OML/cmm/m/it on input line 63.
LaTeX Font Info:    ... okay on input line 63.
LaTeX Font Info:    Checking defaults for T1/cmr/m/n on input line 63.
LaTeX Font Info:    ... okay on input line 63.
LaTeX Font Info:    Checking defaults for OT1/cmr/m/n on input line 63.
LaTeX Font Info:    ... okay on input line 63.
LaTeX Font Info:    Checking defaults for OMS/cmsy/m/n on input line 63.
LaTeX Font Info:    ... okay on input line 63.
LaTeX Font Info:    Checking defaults for OMX/cmex/m/n on input line 63.
LaTeX Font Info:    ... okay on input line 63.
LaTeX Font Info:    Checking defaults for U/cmr/m/n on input line 63.
LaTeX Font Info:    ... okay on input line 63.
LaTeX Font Info:    Checking defaults for PD1/pdf/m/n on input line 63.
LaTeX Font Info:    ... okay on input line 63.
LaTeX Font Info:    Checking defaults for C00/song/m/n on input line 63.
LaTeX Font Info:    ... okay on input line 63.
LaTeX Font Info:    Checking defaults for C05/song/m/n on input line 63.
LaTeX Font Info:    ... okay on input line 63.
LaTeX Font Info:    Checking defaults for C09/song/m/n on input line 63.
LaTeX Font Info:    ... okay on input line 63.
LaTeX Font Info:    Checking defaults for C10/song/m/n on input line 63.
LaTeX Font Info:    ... okay on input line 63.
LaTeX Font Info:    Checking defaults for C20/song/m/n on input line 63.
LaTeX Font Info:    ... okay on input line 63.
LaTeX Font Info:    Checking defaults for C19/song/m/n on input line 63.
LaTeX Font Info:    ... okay on input line 63.
LaTeX Font Info:    Checking defaults for C40/song/m/n on input line 63.
LaTeX Font Info:    ... okay on input line 63.
LaTeX Font Info:    Checking defaults for C42/song/m/n on input line 63.
LaTeX Font Info:    ... okay on input line 63.
LaTeX Font Info:    Checking defaults for C43/song/m/n on input line 63.
LaTeX Font Info:    ... okay on input line 63.
LaTeX Font Info:    Checking defaults for C50/song/m/n on input line 63.
LaTeX Font Info:    ... okay on input line 63.
LaTeX Font Info:    Checking defaults for C52/song/m/n on input line 63.
LaTeX Font Info:    ... okay on input line 63.
LaTeX Font Info:    Checking defaults for C49/song/m/n on input line 63.
LaTeX Font Info:    ... okay on input line 63.
LaTeX Font Info:    Checking defaults for C60/mj/m/n on input line 63.
LaTeX Font Info:    ... okay on input line 63.
LaTeX Font Info:    Checking defaults for C61/mj/m/n on input line 63.
LaTeX Font Info:    ... okay on input line 63.
LaTeX Font Info:    Checking defaults for C63/mj/m/n on input line 63.
LaTeX Font Info:    ... okay on input line 63.
LaTeX Font Info:    Checking defaults for C64/mj/m/n on input line 63.
LaTeX Font Info:    ... okay on input line 63.
LaTeX Font Info:    Checking defaults for C65/mj/m/n on input line 63.
LaTeX Font Info:    ... okay on input line 63.
LaTeX Font Info:    Checking defaults for C70/song/m/n on input line 63.
LaTeX Font Info:    ... okay on input line 63.
LaTeX Font Info:    Checking defaults for C31/song/m/n on input line 63.
LaTeX Font Info:    ... okay on input line 63.
LaTeX Font Info:    Checking defaults for C32/song/m/n on input line 63.
LaTeX Font Info:    ... okay on input line 63.
LaTeX Font Info:    Checking defaults for C33/song/m/n on input line 63.
LaTeX Font Info:    ... okay on input line 63.
LaTeX Font Info:    Checking defaults for C34/song/m/n on input line 63.
LaTeX Font Info:    ... okay on input line 63.
LaTeX Font Info:    Checking defaults for C35/song/m/n on input line 63.
LaTeX Font Info:    ... okay on input line 63.
LaTeX Font Info:    Checking defaults for C36/song/m/n on input line 63.
LaTeX Font Info:    ... okay on input line 63.
LaTeX Font Info:    Checking defaults for C37/song/m/n on input line 63.
LaTeX Font Info:    ... okay on input line 63.
LaTeX Font Info:    Checking defaults for C80/song/m/n on input line 63.
LaTeX Font Info:    ... okay on input line 63.
LaTeX Font Info:    Checking defaults for C81/song/m/n on input line 63.
LaTeX Font Info:    ... okay on input line 63.
LaTeX Font Info:    Checking defaults for C01/song/m/n on input line 63.
LaTeX Font Info:    ... okay on input line 63.
LaTeX Font Info:    Checking defaults for C11/song/m/n on input line 63.
LaTeX Font Info:    ... okay on input line 63.
LaTeX Font Info:    Checking defaults for C21/song/m/n on input line 63.
LaTeX Font Info:    ... okay on input line 63.
LaTeX Font Info:    Checking defaults for C41/song/m/n on input line 63.
LaTeX Font Info:    ... okay on input line 63.
LaTeX Font Info:    Checking defaults for C62/song/m/n on input line 63.
LaTeX Font Info:    ... okay on input line 63.
\c@lstlisting=\count128
\AtBeginShipoutBox=\box34

("C:\Users\1413\AppData\Local\Programs\MiKTeX 2.9\tex\latex\graphics\color.sty"
Package: color 2016/07/10 v1.1e Standard LaTeX Color (DPC)

("C:\Users\1413\AppData\Local\Programs\MiKTeX 2.9\tex\latex\graphics-cfg\color.
cfg"
File: color.cfg 2016/01/02 v1.6 sample color configuration
)
Package color Info: Driver file: pdftex.def on input line 147.
)
Package hyperref Info: Link coloring ON on input line 63.

("C:\Users\1413\AppData\Local\Programs\MiKTeX 2.9\tex\latex\hyperref\nameref.st
y"
Package: nameref 2016/05/21 v2.44 Cross-referencing by name of section

("C:\Users\1413\AppData\Local\Programs\MiKTeX 2.9\tex\generic\oberdiek\gettitle
string.sty"
Package: gettitlestring 2016/05/16 v1.5 Cleanup title references (HO)
)
\c@section@level=\count129
)
LaTeX Info: Redefining \ref on input line 63.
LaTeX Info: Redefining \pageref on input line 63.
LaTeX Info: Redefining \nameref on input line 63.
 (srs.out) (srs.out)
\@outlinefile=\write3
\openout3 = `srs.out'.


(C:\Users\1413\AppData\Roaming\MiKTeX\2.9\tex\context\base\supp-pdf.mkii
[Loading MPS to PDF converter (version 2006.09.02).]
\scratchcounter=\count130
\scratchdimen=\dimen141
\scratchbox=\box35
\nofMPsegments=\count131
\nofMParguments=\count132
\everyMPshowfont=\toks20
\MPscratchCnt=\count133
\MPscratchDim=\dimen142
\MPnumerator=\count134
\makeMPintoPDFobject=\count135
\everyMPtoPDFconversion=\toks21
)
("C:\Users\1413\AppData\Local\Programs\MiKTeX 2.9\tex\latex\oberdiek\epstopdf-b
ase.sty"
Package: epstopdf-base 2016/05/15 v2.6 Base part for package epstopdf

("C:\Users\1413\AppData\Local\Programs\MiKTeX 2.9\tex\latex\oberdiek\grfext.sty
"
Package: grfext 2016/05/16 v1.2 Manage graphics extensions (HO)
)
Package epstopdf-base Info: Redefining graphics rule for `.eps' on input line 4
38.
Package grfext Info: Graphics extension search list:
(grfext)             [.pdf,.png,.jpg,.mps,.jpeg,.jbig2,.jb2,.PDF,.PNG,.JPG,.JPE
G,.JBIG2,.JB2,.eps]
(grfext)             \AppendGraphicsExtensions on input line 456.
) (C:\Users\1413\AppData\Roaming\MiKTeX\2.9\tex\latex\cjk\UTF8\UTF8.bdg
File: UTF8.bdg 2015/04/18 4.8.4
)
(C:\Users\1413\AppData\Roaming\MiKTeX\2.9\tex\latex\cjk\UTF8\UTF8.enc
File: UTF8.enc 2015/04/18 4.8.4
)
(C:\Users\1413\AppData\Roaming\MiKTeX\2.9\tex\latex\cjk\UTF8\UTF8.chr
File: UTF8.chr 2015/04/18 4.8.4
)
LaTeX Font Info:    Try loading font information for C70+bkai on input line 65.


(C:\Users\1413\AppData\Roaming\MiKTeX\2.9\tex\latex\cjk\UTF8\c70bkai.fd
File: c70bkai.fd 2015/04/18 4.8.4
)
(C:\Users\1413\AppData\Roaming\MiKTeX\2.9\tex\latex\cjk\UTF8\c70bkai.fdx
File: c70bkai.fdx 2015/04/18 4.8.4
)
[1

{C:/Users/1413/AppData/Local/MiKTeX/2.9/pdftex/config/pdftex.map}] (srs.toc
LaTeX Font Info:    External font `cmex10' loaded for size
(Font)              <12> on input line 3.
LaTeX Font Info:    External font `cmex10' loaded for size
(Font)              <8> on input line 3.
LaTeX Font Info:    External font `cmex10' loaded for size
(Font)              <6> on input line 3.

[2

])
\tf@toc=\write4
\openout4 = `srs.toc'.

 [3] [4

]
chapter 1.

Class scrreprt Warning: \float@addtolists detected!
(scrreprt)              Implementation of \float@addtolist became
(scrreprt)              deprecated in KOMA-Script v3.01 2008/11/14 and
(scrreprt)              has been replaced by several more flexible
(scrreprt)              features of package `tocbasic`.
(scrreprt)              Since Version 3.12 support for deprecated
(scrreprt)              \float@addtolist interface has been
(scrreprt)              restricted to only some of the KOMA-Script
(scrreprt)              features and been removed from others.
(scrreprt)              Loading of package `scrhack' may help to
(scrreprt)              avoid this warning, if you are using a
(scrreprt)              a package that still implements the
(scrreprt)              deprecated \float@addtolist interface .

LaTeX Font Info:    Try loading font information for OMS+cmr on input line 153.

("C:\Users\1413\AppData\Local\Programs\MiKTeX 2.9\tex\latex\base\omscmr.fd"
File: omscmr.fd 2014/09/29 v2.5h Standard LaTeX font definitions
)
LaTeX Font Info:    Font shape `OMS/cmr/m/n' in size <12> not available
(Font)              Font shape `OMS/cmsy/m/n' tried instead on input line 153.

Overfull \hbox (16.30255pt too wide) in paragraph at lines 153--154
[]\OT1/cmr/m/n/12 http://big5.gov.cn/gate/big5/www.gov.cn/fwxx/kp/2008-01/17/co
ntent[]-861306.htm 
 []

[5

] [6]
chapter 2.
[7

]
Overfull \hbox (9.18182pt too wide) in paragraph at lines 221--223
[]\C70/bkai/m/n/12/67 , \C70/bkai/m/n/12/75 " \C70/bkai/m/n/12/54 Á \C70/bkai/b
x/n/12/4f  \C70/bkai/m/n/12/75 ( \C70/bkai/m/n/12/76 „ \C70/bkai/bx/n/12/59 W 
\C70/bkai/m/n/12/4e ö \C70/bkai/bx/n/12/53  \C70/bkai/m/n/12/54 + \C70/bkai/bx
/n/12/ff \OT1/cmr/m/n/12 NumPy\C70/bkai/m/n/12/30 \OT1/cmr/m/n/12 OpenCV\C70/
bkai/m/n/12/30 \OT1/cmr/m/n/12 Tensorflow\C70/bkai/m/n/12/30 \OT1/cmr/m/n/12 
Keras\C70/bkai/m/n/12/30 \OT1/cmr/m/n/12 BeautifulSoup\C70/bkai/m/n/12/30 
 []

[8]
chapter 3.
<./figs/DetectResult-2.pdf, id=367, 710.655pt x 383.93437pt>
File: ./figs/DetectResult-2.pdf Graphic file (type pdf)
<use ./figs/DetectResult-2.pdf>
Package pdftex.def Info: ./figs/DetectResult-2.pdf  used on input line 251.
(pdftex.def)             Requested size: 313.69029pt x 169.47647pt.
<./figs/Web.pdf, id=369, 2168.85281pt x 884.55469pt>
File: ./figs/Web.pdf Graphic file (type pdf)
<use ./figs/Web.pdf>
Package pdftex.def Info: ./figs/Web.pdf  used on input line 261.
(pdftex.def)             Requested size: 448.13095pt x 182.76558pt.

LaTeX Warning: `!h' float specifier changed to `!ht'.

<./figs/hardware.pdf, id=371, 703.87968pt x 363.60844pt>
File: ./figs/hardware.pdf Graphic file (type pdf)
<use ./figs/hardware.pdf>
Package pdftex.def Info: ./figs/hardware.pdf  used on input line 273.
(pdftex.def)             Requested size: 358.50612pt x 185.19373pt.
[9

 <./figs/DetectResult-2.pdf>] [10 <./figs/Web.pdf> <./figs/hardware.pdf

pdfTeX warning: miktex-pdftex.exe (file ./figs/hardware.pdf): PDF inclusion: mu
ltiple pdfs with page group included in a single page
>] [11]
chapter 4.
<./figs/framework-version2.pdf, id=468, 1786.42406pt x 355.3275pt>
File: ./figs/framework-version2.pdf Graphic file (type pdf)
<use ./figs/framework-version2.pdf>
Package pdftex.def Info: ./figs/framework-version2.pdf  used on input line 309.

(pdftex.def)             Requested size: 448.13095pt x 89.13527pt.

Underfull \hbox (badness 10000) in paragraph at lines 321--322

 []

[12

 <./figs/framework-version2.pdf>]
Underfull \hbox (badness 10000) in paragraph at lines 327--328

 []


Underfull \hbox (badness 10000) in paragraph at lines 352--353

 []

[13]
Underfull \hbox (badness 10000) in paragraph at lines 376--377

 []


Underfull \hbox (badness 10000) in paragraph at lines 380--381

 []


Underfull \hbox (badness 10000) in paragraph at lines 384--385

 []


Underfull \hbox (badness 10000) in paragraph at lines 386--387

 []

[14]
<./figs/FrameworkFirstAndSecond.pdf, id=565, 1209.01688pt x 352.31625pt>
File: ./figs/FrameworkFirstAndSecond.pdf Graphic file (type pdf)
<use ./figs/FrameworkFirstAndSecond.pdf>
Package pdftex.def Info: ./figs/FrameworkFirstAndSecond.pdf  used on input line
 393.
(pdftex.def)             Requested size: 448.13095pt x 130.58612pt.
 [15 <./figs/FrameworkFirstAndSecond.pdf>]
File: ./figs/Web.pdf Graphic file (type pdf)
<use ./figs/Web.pdf>
Package pdftex.def Info: ./figs/Web.pdf  used on input line 432.
(pdftex.def)             Requested size: 448.13095pt x 182.76558pt.
 [16] [17] [18]
chapter 5.
[19

]
Underfull \hbox (badness 10000) in paragraph at lines 510--511

 []

[20] [21]
Package atveryend Info: Empty hook `BeforeClearDocument' on input line 842.
Package atveryend Info: Empty hook `AfterLastShipout' on input line 842.
 (srs.aux)
Package atveryend Info: Executing hook `AtVeryEndDocument' on input line 842.
Package atveryend Info: Executing hook `AtEndAfterFileList' on input line 842.
Package rerunfilecheck Info: File `srs.out' has not changed.
(rerunfilecheck)             Checksum: 04FDC6BE1B806A3E9D433D62E1A473EC;3104.
Package atveryend Info: Empty hook `AtVeryVeryEnd' on input line 842.
 ) 
Here is how much of TeX's memory you used:
 14489 strings out of 493305
 221508 string characters out of 3130237
 414328 words of memory out of 3000000
 17431 multiletter control sequences out of 15000+200000
 61133 words of font info for 214 fonts, out of 3000000 for 9000
 1141 hyphenation exceptions out of 8191
 41i,17n,66p,9105b,1626s stack positions out of 5000i,500n,10000p,200000b,50000s
<C:/Users/1413/AppData/Roaming/MiKTeX/2.9/fonts/type1/arphic/bkaiu/bkaiu00.pf
b><C:/Users/1413/AppData/Roaming/MiKTeX/2.9/fonts/type1/arphic/bkaiu/bkaiu03.pf
b><C:/Users/1413/AppData/Roaming/MiKTeX/2.9/fonts/type1/arphic/bkaiu/bkaiu25.pf
b><C:/Users/1413/AppData/Roaming/MiKTeX/2.9/fonts/type1/arphic/bkaiu/bkaiu30.pf
b><C:/Users/1413/AppData/Roaming/MiKTeX/2.9/fonts/type1/arphic/bkaiu/bkaiu4e.pf
b><C:/Users/1413/AppData/Roaming/MiKTeX/2.9/fonts/type1/arphic/bkaiu/bkaiu4f.pf
b><C:/Users/1413/AppData/Roaming/MiKTeX/2.9/fonts/type1/arphic/bkaiu/bkaiu50.pf
b><C:/Users/1413/AppData/Roaming/MiKTeX/2.9/fonts/type1/arphic/bkaiu/bkaiu51.pf
b><C:/Users/1413/AppData/Roaming/MiKTeX/2.9/fonts/type1/arphic/bkaiu/bkaiu52.pf
b><C:/Users/1413/AppData/Roaming/MiKTeX/2.9/fonts/type1/arphic/bkaiu/bkaiu53.pf
b><C:/Users/1413/AppData/Roaming/MiKTeX/2.9/fonts/type1/arphic/bkaiu/bkaiu54.pf
b><C:/Users/1413/AppData/Roaming/MiKTeX/2.9/fonts/type1/arphic/bkaiu/bkaiu55.pf
b><C:/Users/1413/AppData/Roaming/MiKTeX/2.9/fonts/type1/arphic/bkaiu/bkaiu56.pf
b><C:/Users/1413/AppData/Roaming/MiKTeX/2.9/fonts/type1/arphic/bkaiu/bkaiu57.pf
b><C:/Users/1413/AppData/Roaming/MiKTeX/2.9/fonts/type1/arphic/bkaiu/bkaiu58.pf
b><C:/Users/1413/AppData/Roaming/MiKTeX/2.9/fonts/type1/arphic/bkaiu/bkaiu59.pf
b><C:/Users/1413/AppData/Roaming/MiKTeX/2.9/fonts/type1/arphic/bkaiu/bkaiu5b.pf
b><C:/Users/1413/AppData/Roaming/MiKTeX/2.9/fonts/type1/arphic/bkaiu/bkaiu5c.pf
b><C:/Users/1413/AppData/Roaming/MiKTeX/2.9/fonts/type1/arphic/bkaiu/bkaiu5d.pf
b><C:/Users/1413/AppData/Roaming/MiKTeX/2.9/fonts/type1/arphic/bkaiu/bkaiu5e.pf
b><C:/Users/1413/AppData/Roaming/MiKTeX/2.9/fonts/type1/arphic/bkaiu/bkaiu5f.pf
b><C:/Users/1413/AppData/Roaming/MiKTeX/2.9/fonts/type1/arphic/bkaiu/bkaiu60.pf
b><C:/Users/1413/AppData/Roaming/MiKTeX/2.9/fonts/type1/arphic/bkaiu/bkaiu61.pf
b><C:/Users/1413/AppData/Roaming/MiKTeX/2.9/fonts/type1/arphic/bkaiu/bkaiu62.pf
b><C:/Users/1413/AppData/Roaming/MiKTeX/2.9/fonts/type1/arphic/bkaiu/bkaiu63.pf
b><C:/Users/1413/AppData/Roaming/MiKTeX/2.9/fonts/type1/arphic/bkaiu/bkaiu64.pf
b><C:/Users/1413/AppData/Roaming/MiKTeX/2.9/fonts/type1/arphic/bkaiu/bkaiu65.pf
b><C:/Users/1413/AppData/Roaming/MiKTeX/2.9/fonts/type1/arphic/bkaiu/bkaiu66.pf
b><C:/Users/1413/AppData/Roaming/MiKTeX/2.9/fonts/type1/arphic/bkaiu/bkaiu67.pf
b><C:/Users/1413/AppData/Roaming/MiKTeX/2.9/fonts/type1/arphic/bkaiu/bkaiu68.pf
b><C:/Users/1413/AppData/Roaming/MiKTeX/2.9/fonts/type1/arphic/bkaiu/bkaiu69.pf
b><C:/Users/1413/AppData/Roaming/MiKTeX/2.9/fonts/type1/arphic/bkaiu/bkaiu6a.pf
b><C:/Users/1413/AppData/Roaming/MiKTeX/2.9/fonts/type1/arphic/bkaiu/bkaiu6b.pf
b><C:/Users/1413/AppData/Roaming/MiKTeX/2.9/fonts/type1/arphic/bkaiu/bkaiu6c.pf
b><C:/Users/1413/AppData/Roaming/MiKTeX/2.9/fonts/type1/arphic/bkaiu/bkaiu6d.pf
b><C:/Users/1413/AppData/Roaming/MiKTeX/2.9/fonts/type1/arphic/bkaiu/bkaiu6e.pf
b><C:/Users/1413/AppData/Roaming/MiKTeX/2.9/fonts/type1/arphic/bkaiu/bkaiu6f.pf
b><C:/Users/1413/AppData/Roaming/MiKTeX/2.9/fonts/type1/arphic/bkaiu/bkaiu70.pf
b><C:/Users/1413/AppData/Roaming/MiKTeX/2.9/fonts/type1/arphic/bkaiu/bkaiu71.pf
b><C:/Users/1413/AppData/Roaming/MiKTeX/2.9/fonts/type1/arphic/bkaiu/bkaiu72.pf
b><C:/Users/1413/AppData/Roaming/MiKTeX/2.9/fonts/type1/arphic/bkaiu/bkaiu73.pf
b><C:/Users/1413/AppData/Roaming/MiKTeX/2.9/fonts/type1/arphic/bkaiu/bkaiu74.pf
b><C:/Users/1413/AppData/Roaming/MiKTeX/2.9/fonts/type1/arphic/bkaiu/bkaiu75.pf
b><C:/Users/1413/AppData/Roaming/MiKTeX/2.9/fonts/type1/arphic/bkaiu/bkaiu76.pf
b><C:/Users/1413/AppData/Roaming/MiKTeX/2.9/fonts/type1/arphic/bkaiu/bkaiu77.pf
b><C:/Users/1413/AppData/Roaming/MiKTeX/2.9/fonts/type1/arphic/bkaiu/bkaiu78.pf
b><C:/Users/1413/AppData/Roaming/MiKTeX/2.9/fonts/type1/arphic/bkaiu/bkaiu79.pf
b><C:/Users/1413/AppData/Roaming/MiKTeX/2.9/fonts/type1/arphic/bkaiu/bkaiu7a.pf
b><C:/Users/1413/AppData/Roaming/MiKTeX/2.9/fonts/type1/arphic/bkaiu/bkaiu7b.pf
b><C:/Users/1413/AppData/Roaming/MiKTeX/2.9/fonts/type1/arphic/bkaiu/bkaiu7c.pf
b><C:/Users/1413/AppData/Roaming/MiKTeX/2.9/fonts/type1/arphic/bkaiu/bkaiu7d.pf
b><C:/Users/1413/AppData/Roaming/MiKTeX/2.9/fonts/type1/arphic/bkaiu/bkaiu7e.pf
b><C:/Users/1413/AppData/Roaming/MiKTeX/2.9/fonts/type1/arphic/bkaiu/bkaiu7f.pf
b><C:/Users/1413/AppData/Roaming/MiKTeX/2.9/fonts/type1/arphic/bkaiu/bkaiu80.pf
b><C:/Users/1413/AppData/Roaming/MiKTeX/2.9/fonts/type1/arphic/bkaiu/bkaiu81.pf
b><C:/Users/1413/AppData/Roaming/MiKTeX/2.9/fonts/type1/arphic/bkaiu/bkaiu82.pf
b><C:/Users/1413/AppData/Roaming/MiKTeX/2.9/fonts/type1/arphic/bkaiu/bkaiu84.pf
b><C:/Users/1413/AppData/Roaming/MiKTeX/2.9/fonts/type1/arphic/bkaiu/bkaiu85.pf
b><C:/Users/1413/AppData/Roaming/MiKTeX/2.9/fonts/type1/arphic/bkaiu/bkaiu86.pf
b><C:/Users/1413/AppData/Roaming/MiKTeX/2.9/fonts/type1/arphic/bkaiu/bkaiu87.pf
b><C:/Users/1413/AppData/Roaming/MiKTeX/2.9/fonts/type1/arphic/bkaiu/bkaiu88.pf
b><C:/Users/1413/AppData/Roaming/MiKTeX/2.9/fonts/type1/arphic/bkaiu/bkaiu89.pf
b><C:/Users/1413/AppData/Roaming/MiKTeX/2.9/fonts/type1/arphic/bkaiu/bkaiu8a.pf
b><C:/Users/1413/AppData/Roaming/MiKTeX/2.9/fonts/type1/arphic/bkaiu/bkaiu8b.pf
b><C:/Users/1413/AppData/Roaming/MiKTeX/2.9/fonts/type1/arphic/bkaiu/bkaiu8c.pf
b><C:/Users/1413/AppData/Roaming/MiKTeX/2.9/fonts/type1/arphic/bkaiu/bkaiu8d.pf
b><C:/Users/1413/AppData/Roaming/MiKTeX/2.9/fonts/type1/arphic/bkaiu/bkaiu8e.pf
b><C:/Users/1413/AppData/Roaming/MiKTeX/2.9/fonts/type1/arphic/bkaiu/bkaiu8f.pf
b><C:/Users/1413/AppData/Roaming/MiKTeX/2.9/fonts/type1/arphic/bkaiu/bkaiu90.pf
b><C:/Users/1413/AppData/Roaming/MiKTeX/2.9/fonts/type1/arphic/bkaiu/bkaiu91.pf
b><C:/Users/1413/AppData/Roaming/MiKTeX/2.9/fonts/type1/arphic/bkaiu/bkaiu92.pf
b><C:/Users/1413/AppData/Roaming/MiKTeX/2.9/fonts/type1/arphic/bkaiu/bkaiu93.pf
b><C:/Users/1413/AppData/Roaming/MiKTeX/2.9/fonts/type1/arphic/bkaiu/bkaiu95.pf
b><C:/Users/1413/AppData/Roaming/MiKTeX/2.9/fonts/type1/arphic/bkaiu/bkaiu96.pf
b><C:/Users/1413/AppData/Roaming/MiKTeX/2.9/fonts/type1/arphic/bkaiu/bkaiu97.pf
b><C:/Users/1413/AppData/Roaming/MiKTeX/2.9/fonts/type1/arphic/bkaiu/bkaiu98.pf
b><C:/Users/1413/AppData/Roaming/MiKTeX/2.9/fonts/type1/arphic/bkaiu/bkaiu99.pf
b><C:/Users/1413/AppData/Roaming/MiKTeX/2.9/fonts/type1/arphic/bkaiu/bkaiu9a.pf
b><C:/Users/1413/AppData/Roaming/MiKTeX/2.9/fonts/type1/arphic/bkaiu/bkaiu9b.pf
b><C:/Users/1413/AppData/Roaming/MiKTeX/2.9/fonts/type1/arphic/bkaiu/bkaiu9e.pf
b><C:/Users/1413/AppData/Roaming/MiKTeX/2.9/fonts/type1/arphic/bkaiu/bkaiu9f.pf
b><C:/Users/1413/AppData/Roaming/MiKTeX/2.9/fonts/type1/arphic/bkaiu/bkaiufe.pf
b><C:/Users/1413/AppData/Roaming/MiKTeX/2.9/fonts/type1/arphic/bkaiu/bkaiuff.pf
b><C:/Users/1413/AppData/Local/Programs/MiKTeX 2.9/fonts/type1/public/amsfonts/
cm/cmbx12.pfb><C:/Users/1413/AppData/Local/Programs/MiKTeX 2.9/fonts/type1/publ
ic/amsfonts/cm/cmmi12.pfb><C:/Users/1413/AppData/Local/Programs/MiKTeX 2.9/font
s/type1/public/amsfonts/cm/cmr12.pfb><C:/Users/1413/AppData/Local/Programs/MiKT
eX 2.9/fonts/type1/public/amsfonts/cm/cmssbx10.pfb><C:/Users/1413/AppData/Local
/Programs/MiKTeX 2.9/fonts/type1/public/amsfonts/cm/cmsy10.pfb>
Output written on srs.pdf (21 pages, 2359957 bytes).
PDF statistics:
 943 PDF objects out of 1000 (max. 8388607)
 68 named destinations out of 1000 (max. 500000)
 638 words of extra memory for PDF output out of 10000 (max. 10000000)

