\BOOKMARK [0][-]{chapter.1}{\165\042\124\301\116\313\175\071}{}% 1
\BOOKMARK [1][-]{section.1.1}{\166\356\166\204}{chapter.1}% 2
\BOOKMARK [1][-]{section.1.2}{\230\020\147\037\213\200\200\005\124\214\225\261\213\200\136\372\213\160}{chapter.1}% 3
\BOOKMARK [1][-]{section.1.3}{\212\010\165\153\173\304\127\015}{chapter.1}% 4
\BOOKMARK [1][-]{section.1.4}{\123\303\200\003\214\307\145\231}{chapter.1}% 5
\BOOKMARK [0][-]{chapter.2}{\176\075\232\324\143\317\217\360}{}% 6
\BOOKMARK [1][-]{section.2.1}{\165\042\124\301\220\017\211\226}{chapter.2}% 7
\BOOKMARK [1][-]{section.2.2}{\165\042\124\301\122\237\200\375}{chapter.2}% 8
\BOOKMARK [1][-]{section.2.3}{\165\(\142\066\230\136\122\045\124\214\162\171\214\352}{chapter.2}% 9
\BOOKMARK [1][-]{section.2.4}{\144\315\117\134\164\260\130\203}{chapter.2}% 10
\BOOKMARK [2][-]{subsection.2.4.1}{\216\337\232\324\227\000\154\102}{section.2.4}% 11
\BOOKMARK [2][-]{subsection.2.4.2}{\170\154\232\324\227\000\154\102}{section.2.4}% 12
\BOOKMARK [1][-]{section.2.5}{\212\055\212\010\124\214\133\346\117\134\116\012\166\204\226\120\122\066}{chapter.2}% 13
\BOOKMARK [1][-]{section.2.6}{\165\(\142\066\145\207\116\366}{chapter.2}% 14
\BOOKMARK [1][-]{section.2.7}{\174\373\175\161\120\107\212\055\124\214\117\235\214\364}{chapter.2}% 15
\BOOKMARK [0][-]{chapter.3}{\116\313\227\142\211\217\150\074\212\055\212\010}{}% 16
\BOOKMARK [1][-]{section.3.1}{\117\177\165\(\200\005\116\313\227\142}{chapter.3}% 17
\BOOKMARK [1][-]{section.3.2}{\170\154\232\324\116\313\227\142}{chapter.3}% 18
\BOOKMARK [1][-]{section.3.3}{\216\337\232\324\116\313\227\142}{chapter.3}% 19
\BOOKMARK [1][-]{section.3.4}{\220\032\117\341\116\313\227\142}{chapter.3}% 20
\BOOKMARK [0][-]{chapter.4}{\174\373\175\161\122\237\200\375}{}% 21
\BOOKMARK [1][-]{section.4.1}{\117\177\165\(\200\005\172\357}{chapter.4}% 22
\BOOKMARK [2][-]{subsection.4.1.1}{\123\163\146\102\122\006\147\220\140\305\175\322\123\312\140\305\175\322\175\351\124\214}{section.4.1}% 23
\BOOKMARK [2][-]{subsection.4.1.2}{\117\177\165\(\150\110\117\213\127\026}{section.4.1}% 24
\BOOKMARK [2][-]{subsection.4.1.3}{\122\237\200\375\140\047\227\000\154\102}{section.4.1}% 25
\BOOKMARK [1][-]{section.4.2}{\117\072\147\015\126\150\172\357}{chapter.4}% 26
\BOOKMARK [2][-]{subsection.4.2.1}{\137\303\227\110\226\152\117\064\122\006\147\220\136\163\123\360}{section.4.2}% 27
\BOOKMARK [2][-]{subsection.4.2.2}{\117\177\165\(\150\110\117\213\127\026}{section.4.2}% 28
\BOOKMARK [2][-]{subsection.4.2.3}{\122\237\200\375\140\047\227\000\154\102}{section.4.2}% 29
\BOOKMARK [0][-]{chapter.5}{\121\166\116\326\227\136\122\237\200\375\140\047\227\000\154\102}{}% 30
\BOOKMARK [1][-]{section.5.1}{\140\047\200\375\227\000\154\102}{chapter.5}% 31
\BOOKMARK [1][-]{section.5.2}{Safety\227\000\154\102}{chapter.5}% 32
\BOOKMARK [1][-]{section.5.3}{Security\227\000\154\102}{chapter.5}% 33
\BOOKMARK [1][-]{section.5.4}{\216\337\232\324\121\052\202\157\162\171\214\352}{chapter.5}% 34
