This is pdfTeX, Version 3.1415926-2.3-1.40.12 (MiKTeX 2.9 64-bit) (preloaded format=pdflatex 2017.11.22)  22 JUN 2018 10:35
entering extended mode
**AI_Comforter.tex
(Z:\資工系\大三下\開放平台\Latex_Slide\AI_Comforter.tex
LaTeX2e <2011/06/27>
Babel <v3.8m> and hyphenation patterns for english, afrikaans, ancientgreek, ar
abic, armenian, assamese, basque, bengali, bokmal, bulgarian, catalan, coptic, 
croatian, czech, danish, dutch, esperanto, estonian, farsi, finnish, french, ga
lician, german, german-x-2009-06-19, greek, gujarati, hindi, hungarian, iceland
ic, indonesian, interlingua, irish, italian, kannada, kurmanji, lao, latin, lat
vian, lithuanian, malayalam, marathi, mongolian, mongolianlmc, monogreek, ngerm
an, ngerman-x-2009-06-19, nynorsk, oriya, panjabi, pinyin, polish, portuguese, 
romanian, russian, sanskrit, serbian, slovak, slovenian, spanish, swedish, swis
sgerman, tamil, telugu, turkish, turkmen, ukenglish, ukrainian, uppersorbian, u
senglishmax, welsh, loaded.
("C:\Program Files\MiKTeX 2.9\tex\latex\beamer\beamer.cls"
Document Class: beamer 2018/02/20 v3.50 A class for typesetting presentations
("C:\Program Files\MiKTeX 2.9\tex\latex\beamer\beamerbasemodes.sty"
("C:\Users\rain\AppData\Local\Programs\MiKTeX 2.9\tex\latex\etoolbox\etoolbox.s
ty"
Package: etoolbox 2018/02/11 v2.5e e-TeX tools for LaTeX (JAW)

("C:\Users\rain\AppData\Local\Programs\MiKTeX 2.9\tex\latex\etex-pkg\etex.sty"
Package: etex 2016/08/01 v2.7 eTeX basic definition package (PEB,DPC)
\et@xins=\count79
)
\etb@tempcnta=\count80
)
\beamer@tempbox=\box26
\beamer@tempcount=\count81
\c@beamerpauses=\count82
 ("C:\Program Files\MiKTeX 2.9\tex\latex\beamer\beamerbasedecode.sty"
\beamer@slideinframe=\count83
\beamer@minimum=\count84
)
\beamer@commentbox=\box27
\beamer@modecount=\count85
)
("C:\Users\rain\AppData\Local\Programs\MiKTeX 2.9\tex\generic\oberdiek\ifpdf.st
y"
Package: ifpdf 2017/03/15 v3.2 Provides the ifpdf switch
)
\headdp=\dimen102
\footheight=\dimen103
\sidebarheight=\dimen104
\beamer@tempdim=\dimen105
\beamer@finalheight=\dimen106
\beamer@animht=\dimen107
\beamer@animdp=\dimen108
\beamer@animwd=\dimen109
\beamer@leftmargin=\dimen110
\beamer@rightmargin=\dimen111
\beamer@leftsidebar=\dimen112
\beamer@rightsidebar=\dimen113
\beamer@boxsize=\dimen114
\beamer@vboxoffset=\dimen115
\beamer@descdefault=\dimen116
\beamer@descriptionwidth=\dimen117
\beamer@lastskip=\skip41
\beamer@areabox=\box28
\beamer@animcurrent=\box29
\beamer@animshowbox=\box30
\beamer@sectionbox=\box31
\beamer@logobox=\box32
\beamer@linebox=\box33
\beamer@sectioncount=\count86
\beamer@subsubsectionmax=\count87
\beamer@subsectionmax=\count88
\beamer@sectionmax=\count89
\beamer@totalheads=\count90
\beamer@headcounter=\count91
\beamer@partstartpage=\count92
\beamer@sectionstartpage=\count93
\beamer@subsectionstartpage=\count94
\beamer@animationtempa=\count95
\beamer@animationtempb=\count96
\beamer@xpos=\count97
\beamer@ypos=\count98
\beamer@ypos@offset=\count99
\beamer@showpartnumber=\count100
\beamer@currentsubsection=\count101
\beamer@coveringdepth=\count102
\beamer@sectionadjust=\count103
\beamer@tocsectionnumber=\count104
 ("C:\Program Files\MiKTeX 2.9\tex\latex\beamer\beamerbaseoptions.sty"
("C:\Users\rain\AppData\Local\Programs\MiKTeX 2.9\tex\latex\graphics\keyval.sty
"
Package: keyval 2014/10/28 v1.15 key=value parser (DPC)
\KV@toks@=\toks14
))
\beamer@paperwidth=\skip42
\beamer@paperheight=\skip43

("C:\Users\rain\AppData\Local\Programs\MiKTeX 2.9\tex\latex\geometry\geometry.s
ty"
Package: geometry 2010/09/12 v5.6 Page Geometry

("C:\Users\rain\AppData\Local\Programs\MiKTeX 2.9\tex\generic\oberdiek\ifvtex.s
ty"
Package: ifvtex 2016/05/16 v1.6 Detect VTeX and its facilities (HO)
Package ifvtex Info: VTeX not detected.
)
("C:\Users\rain\AppData\Local\Programs\MiKTeX 2.9\tex\generic\ifxetex\ifxetex.s
ty"
Package: ifxetex 2010/09/12 v0.6 Provides ifxetex conditional
)
\Gm@cnth=\count105
\Gm@cntv=\count106
\c@Gm@tempcnt=\count107
\Gm@bindingoffset=\dimen118
\Gm@wd@mp=\dimen119
\Gm@odd@mp=\dimen120
\Gm@even@mp=\dimen121
\Gm@layoutwidth=\dimen122
\Gm@layoutheight=\dimen123
\Gm@layouthoffset=\dimen124
\Gm@layoutvoffset=\dimen125
\Gm@dimlist=\toks15

("C:\Users\rain\AppData\Local\Programs\MiKTeX 2.9\tex\latex\geometry\geometry.c
fg"))
("C:\Users\rain\AppData\Local\Programs\MiKTeX 2.9\tex\latex\base\size10.clo"
File: size10.clo 2014/09/29 v1.4h Standard LaTeX file (size option)
)
("C:\Program Files\MiKTeX 2.9\tex\latex\pgf\basiclayer\pgfcore.sty"
("C:\Users\rain\AppData\Local\Programs\MiKTeX 2.9\tex\latex\graphics\graphicx.s
ty"
Package: graphicx 2017/06/01 v1.1a Enhanced LaTeX Graphics (DPC,SPQR)

("C:\Users\rain\AppData\Local\Programs\MiKTeX 2.9\tex\latex\graphics\graphics.s
ty"
Package: graphics 2017/06/25 v1.2c Standard LaTeX Graphics (DPC,SPQR)

("C:\Users\rain\AppData\Local\Programs\MiKTeX 2.9\tex\latex\graphics\trig.sty"
Package: trig 2016/01/03 v1.10 sin cos tan (DPC)
)
("C:\Users\rain\AppData\Local\Programs\MiKTeX 2.9\tex\latex\graphics-cfg\graphi
cs.cfg"
File: graphics.cfg 2016/06/04 v1.11 sample graphics configuration
)
Package graphics Info: Driver file: pdftex.def on input line 99.

("C:\Users\rain\AppData\Local\Programs\MiKTeX 2.9\tex\latex\graphics-def\pdftex
.def"
File: pdftex.def 2018/01/08 v1.0l Graphics/color driver for pdftex
))
\Gin@req@height=\dimen126
\Gin@req@width=\dimen127
) ("C:\Program Files\MiKTeX 2.9\tex\latex\pgf\systemlayer\pgfsys.sty"
("C:\Program Files\MiKTeX 2.9\tex\latex\pgf\utilities\pgfrcs.sty"
("C:\Program Files\MiKTeX 2.9\tex\generic\pgf\utilities\pgfutil-common.tex"
\pgfutil@everybye=\toks16
\pgfutil@tempdima=\dimen128
\pgfutil@tempdimb=\dimen129

("C:\Program Files\MiKTeX 2.9\tex\generic\pgf\utilities\pgfutil-common-lists.te
x")) ("C:\Program Files\MiKTeX 2.9\tex\generic\pgf\utilities\pgfutil-latex.def"
\pgfutil@abb=\box34
(Z:\資工系\大三下\開放平台\Latex_Slide\everyshi.sty
Package: everyshi 1999/06/08 v2.03 EveryShipout Package (MS)
))
("C:\Program Files\MiKTeX 2.9\tex\generic\pgf\utilities\pgfrcs.code.tex"
Package: pgfrcs 2015/08/07 v3.0.1a (rcs-revision 1.31)
))
("C:\Program Files\MiKTeX 2.9\tex\generic\pgf\systemlayer\pgfsys.code.tex"
Package: pgfsys 2014/07/09 v3.0.1a (rcs-revision 1.48)

("C:\Program Files\MiKTeX 2.9\tex\generic\pgf\utilities\pgfkeys.code.tex"
\pgfkeys@pathtoks=\toks17
\pgfkeys@temptoks=\toks18

("C:\Program Files\MiKTeX 2.9\tex\generic\pgf\utilities\pgfkeysfiltered.code.te
x"
\pgfkeys@tmptoks=\toks19
))
\pgf@x=\dimen130
\pgf@y=\dimen131
\pgf@xa=\dimen132
\pgf@ya=\dimen133
\pgf@xb=\dimen134
\pgf@yb=\dimen135
\pgf@xc=\dimen136
\pgf@yc=\dimen137
\w@pgf@writea=\write3
\r@pgf@reada=\read1
\c@pgf@counta=\count108
\c@pgf@countb=\count109
\c@pgf@countc=\count110
\c@pgf@countd=\count111
\t@pgf@toka=\toks20
\t@pgf@tokb=\toks21
\t@pgf@tokc=\toks22
 ("C:\Program Files\MiKTeX 2.9\tex\generic\pgf\systemlayer\pgf.cfg"
File: pgf.cfg 2008/05/14  (rcs-revision 1.7)
)
Driver file for pgf: pgfsys-pdftex.def

("C:\Program Files\MiKTeX 2.9\tex\generic\pgf\systemlayer\pgfsys-pdftex.def"
File: pgfsys-pdftex.def 2014/10/11  (rcs-revision 1.35)

("C:\Program Files\MiKTeX 2.9\tex\generic\pgf\systemlayer\pgfsys-common-pdf.def
"
File: pgfsys-common-pdf.def 2013/10/10  (rcs-revision 1.13)
)))
("C:\Program Files\MiKTeX 2.9\tex\generic\pgf\systemlayer\pgfsyssoftpath.code.t
ex"
File: pgfsyssoftpath.code.tex 2013/09/09  (rcs-revision 1.9)
\pgfsyssoftpath@smallbuffer@items=\count112
\pgfsyssoftpath@bigbuffer@items=\count113
)
("C:\Program Files\MiKTeX 2.9\tex\generic\pgf\systemlayer\pgfsysprotocol.code.t
ex"
File: pgfsysprotocol.code.tex 2006/10/16  (rcs-revision 1.4)
)) ("C:\Program Files\MiKTeX 2.9\tex\latex\xcolor\xcolor.sty"
Package: xcolor 2016/05/11 v2.12 LaTeX color extensions (UK)

("C:\Users\rain\AppData\Local\Programs\MiKTeX 2.9\tex\latex\graphics-cfg\color.
cfg"
File: color.cfg 2016/01/02 v1.6 sample color configuration
)
Package xcolor Info: Driver file: pdftex.def on input line 225.
Package xcolor Info: Model `cmy' substituted by `cmy0' on input line 1348.
Package xcolor Info: Model `hsb' substituted by `rgb' on input line 1352.
Package xcolor Info: Model `RGB' extended on input line 1364.
Package xcolor Info: Model `HTML' substituted by `rgb' on input line 1366.
Package xcolor Info: Model `Hsb' substituted by `hsb' on input line 1367.
Package xcolor Info: Model `tHsb' substituted by `hsb' on input line 1368.
Package xcolor Info: Model `HSB' substituted by `hsb' on input line 1369.
Package xcolor Info: Model `Gray' substituted by `gray' on input line 1370.
Package xcolor Info: Model `wave' substituted by `hsb' on input line 1371.
) ("C:\Program Files\MiKTeX 2.9\tex\generic\pgf\basiclayer\pgfcore.code.tex"
Package: pgfcore 2010/04/11 v3.0.1a (rcs-revision 1.7)
 ("C:\Program Files\MiKTeX 2.9\tex\generic\pgf\math\pgfmath.code.tex"
("C:\Program Files\MiKTeX 2.9\tex\generic\pgf\math\pgfmathcalc.code.tex"
("C:\Program Files\MiKTeX 2.9\tex\generic\pgf\math\pgfmathutil.code.tex")
("C:\Program Files\MiKTeX 2.9\tex\generic\pgf\math\pgfmathparser.code.tex"
\pgfmath@dimen=\dimen138
\pgfmath@count=\count114
\pgfmath@box=\box35
\pgfmath@toks=\toks23
\pgfmath@stack@operand=\toks24
\pgfmath@stack@operation=\toks25
)
("C:\Program Files\MiKTeX 2.9\tex\generic\pgf\math\pgfmathfunctions.code.tex"
("C:\Program Files\MiKTeX 2.9\tex\generic\pgf\math\pgfmathfunctions.basic.code.
tex")
("C:\Program Files\MiKTeX 2.9\tex\generic\pgf\math\pgfmathfunctions.trigonometr
ic.code.tex")
("C:\Program Files\MiKTeX 2.9\tex\generic\pgf\math\pgfmathfunctions.random.code
.tex")
("C:\Program Files\MiKTeX 2.9\tex\generic\pgf\math\pgfmathfunctions.comparison.
code.tex")
("C:\Program Files\MiKTeX 2.9\tex\generic\pgf\math\pgfmathfunctions.base.code.t
ex")
("C:\Program Files\MiKTeX 2.9\tex\generic\pgf\math\pgfmathfunctions.round.code.
tex")
("C:\Program Files\MiKTeX 2.9\tex\generic\pgf\math\pgfmathfunctions.misc.code.t
ex")
("C:\Program Files\MiKTeX 2.9\tex\generic\pgf\math\pgfmathfunctions.integerarit
hmetics.code.tex")))
("C:\Program Files\MiKTeX 2.9\tex\generic\pgf\math\pgfmathfloat.code.tex"
\c@pgfmathroundto@lastzeros=\count115
))
("C:\Program Files\MiKTeX 2.9\tex\generic\pgf\basiclayer\pgfcorepoints.code.tex
"
File: pgfcorepoints.code.tex 2013/10/07  (rcs-revision 1.27)
\pgf@picminx=\dimen139
\pgf@picmaxx=\dimen140
\pgf@picminy=\dimen141
\pgf@picmaxy=\dimen142
\pgf@pathminx=\dimen143
\pgf@pathmaxx=\dimen144
\pgf@pathminy=\dimen145
\pgf@pathmaxy=\dimen146
\pgf@xx=\dimen147
\pgf@xy=\dimen148
\pgf@yx=\dimen149
\pgf@yy=\dimen150
\pgf@zx=\dimen151
\pgf@zy=\dimen152
)
("C:\Program Files\MiKTeX 2.9\tex\generic\pgf\basiclayer\pgfcorepathconstruct.c
ode.tex"
File: pgfcorepathconstruct.code.tex 2013/10/07  (rcs-revision 1.29)
\pgf@path@lastx=\dimen153
\pgf@path@lasty=\dimen154
)
("C:\Program Files\MiKTeX 2.9\tex\generic\pgf\basiclayer\pgfcorepathusage.code.
tex"
File: pgfcorepathusage.code.tex 2014/11/02  (rcs-revision 1.24)
\pgf@shorten@end@additional=\dimen155
\pgf@shorten@start@additional=\dimen156
)
("C:\Program Files\MiKTeX 2.9\tex\generic\pgf\basiclayer\pgfcorescopes.code.tex
"
File: pgfcorescopes.code.tex 2015/05/08  (rcs-revision 1.46)
\pgfpic=\box36
\pgf@hbox=\box37
\pgf@layerbox@main=\box38
\pgf@picture@serial@count=\count116
)
("C:\Program Files\MiKTeX 2.9\tex\generic\pgf\basiclayer\pgfcoregraphicstate.co
de.tex"
File: pgfcoregraphicstate.code.tex 2014/11/02  (rcs-revision 1.12)
\pgflinewidth=\dimen157
)
("C:\Program Files\MiKTeX 2.9\tex\generic\pgf\basiclayer\pgfcoretransformations
.code.tex"
File: pgfcoretransformations.code.tex 2015/08/07  (rcs-revision 1.20)
\pgf@pt@x=\dimen158
\pgf@pt@y=\dimen159
\pgf@pt@temp=\dimen160
)
("C:\Program Files\MiKTeX 2.9\tex\generic\pgf\basiclayer\pgfcorequick.code.tex"
File: pgfcorequick.code.tex 2008/10/09  (rcs-revision 1.3)
)
("C:\Program Files\MiKTeX 2.9\tex\generic\pgf\basiclayer\pgfcoreobjects.code.te
x"
File: pgfcoreobjects.code.tex 2006/10/11  (rcs-revision 1.2)
)
("C:\Program Files\MiKTeX 2.9\tex\generic\pgf\basiclayer\pgfcorepathprocessing.
code.tex"
File: pgfcorepathprocessing.code.tex 2013/09/09  (rcs-revision 1.9)
)
("C:\Program Files\MiKTeX 2.9\tex\generic\pgf\basiclayer\pgfcorearrows.code.tex
"
File: pgfcorearrows.code.tex 2015/05/14  (rcs-revision 1.43)
\pgfarrowsep=\dimen161
)
("C:\Program Files\MiKTeX 2.9\tex\generic\pgf\basiclayer\pgfcoreshade.code.tex"
File: pgfcoreshade.code.tex 2013/07/15  (rcs-revision 1.15)
\pgf@max=\dimen162
\pgf@sys@shading@range@num=\count117
) ("C:\Program Files\MiKTeX 2.9\tex\generic\pgf\basiclayer\pgfcoreimage.code.te
x"
File: pgfcoreimage.code.tex 2013/07/15  (rcs-revision 1.18)

("C:\Program Files\MiKTeX 2.9\tex\generic\pgf\basiclayer\pgfcoreexternal.code.t
ex"
File: pgfcoreexternal.code.tex 2014/07/09  (rcs-revision 1.21)
\pgfexternal@startupbox=\box39
))
("C:\Program Files\MiKTeX 2.9\tex\generic\pgf\basiclayer\pgfcorelayers.code.tex
"
File: pgfcorelayers.code.tex 2013/07/18  (rcs-revision 1.7)
)
("C:\Program Files\MiKTeX 2.9\tex\generic\pgf\basiclayer\pgfcoretransparency.co
de.tex"
File: pgfcoretransparency.code.tex 2013/09/30  (rcs-revision 1.5)
)
("C:\Program Files\MiKTeX 2.9\tex\generic\pgf\basiclayer\pgfcorepatterns.code.t
ex"
File: pgfcorepatterns.code.tex 2013/11/07  (rcs-revision 1.5)
))) ("C:\Program Files\MiKTeX 2.9\tex\latex\pgf\utilities\xxcolor.sty"
Package: xxcolor 2003/10/24 ver 0.1
\XC@nummixins=\count118
\XC@countmixins=\count119
)
("C:\Users\rain\AppData\Local\Programs\MiKTeX 2.9\tex\generic\oberdiek\atbegshi
.sty"
Package: atbegshi 2016/06/09 v1.18 At begin shipout hook (HO)

("C:\Users\rain\AppData\Local\Programs\MiKTeX 2.9\tex\generic\oberdiek\infwarer
r.sty"
Package: infwarerr 2016/05/16 v1.4 Providing info/warning/error messages (HO)
)
("C:\Users\rain\AppData\Local\Programs\MiKTeX 2.9\tex\generic\oberdiek\ltxcmds.
sty"
Package: ltxcmds 2016/05/16 v1.23 LaTeX kernel commands for general use (HO)
))
("C:\Users\rain\AppData\Local\Programs\MiKTeX 2.9\tex\latex\hyperref\hyperref.s
ty"
Package: hyperref 2018/02/06 v6.86b Hypertext links for LaTeX

("C:\Users\rain\AppData\Local\Programs\MiKTeX 2.9\tex\generic\oberdiek\hobsub-h
yperref.sty"
Package: hobsub-hyperref 2016/05/16 v1.14 Bundle oberdiek, subset hyperref (HO)


("C:\Users\rain\AppData\Local\Programs\MiKTeX 2.9\tex\generic\oberdiek\hobsub-g
eneric.sty"
Package: hobsub-generic 2016/05/16 v1.14 Bundle oberdiek, subset generic (HO)
Package: hobsub 2016/05/16 v1.14 Construct package bundles (HO)
Package hobsub Info: Skipping package `infwarerr' (already loaded).
Package hobsub Info: Skipping package `ltxcmds' (already loaded).
Package: ifluatex 2016/05/16 v1.4 Provides the ifluatex switch (HO)
Package ifluatex Info: LuaTeX not detected.
Package hobsub Info: Skipping package `ifvtex' (already loaded).
Package: intcalc 2016/05/16 v1.2 Expandable calculations with integers (HO)
Package hobsub Info: Skipping package `ifpdf' (already loaded).
Package: etexcmds 2016/05/16 v1.6 Avoid name clashes with e-TeX commands (HO)
Package etexcmds Info: Could not find \expanded.
(etexcmds)             That can mean that you are not using pdfTeX 1.50 or
(etexcmds)             that some package has redefined \expanded.
(etexcmds)             In the latter case, load this package earlier.
Package: kvsetkeys 2016/05/16 v1.17 Key value parser (HO)
Package: kvdefinekeys 2016/05/16 v1.4 Define keys (HO)
Package: pdftexcmds 2018/01/21 v0.26 Utility functions of pdfTeX for LuaTeX (HO
)
Package pdftexcmds Info: LuaTeX not detected.
Package pdftexcmds Info: \pdf@primitive is available.
Package pdftexcmds Info: \pdf@ifprimitive is available.
Package pdftexcmds Info: \pdfdraftmode found.
Package: pdfescape 2016/05/16 v1.14 Implements pdfTeX's escape features (HO)
Package: bigintcalc 2016/05/16 v1.4 Expandable calculations on big integers (HO
)
Package: bitset 2016/05/16 v1.2 Handle bit-vector datatype (HO)
Package: uniquecounter 2016/05/16 v1.3 Provide unlimited unique counter (HO)
)
Package hobsub Info: Skipping package `hobsub' (already loaded).
Package: letltxmacro 2016/05/16 v1.5 Let assignment for LaTeX macros (HO)
Package: hopatch 2016/05/16 v1.3 Wrapper for package hooks (HO)
Package: xcolor-patch 2016/05/16 xcolor patch
Package: atveryend 2016/05/16 v1.9 Hooks at the very end of document (HO)
Package hobsub Info: Skipping package `atbegshi' (already loaded).
Package: refcount 2016/05/16 v3.5 Data extraction from label references (HO)
Package: hycolor 2016/05/16 v1.8 Color options for hyperref/bookmark (HO)
)
("C:\Users\rain\AppData\Local\Programs\MiKTeX 2.9\tex\latex\oberdiek\auxhook.st
y"
Package: auxhook 2016/05/16 v1.4 Hooks for auxiliary files (HO)
)
("C:\Users\rain\AppData\Local\Programs\MiKTeX 2.9\tex\latex\oberdiek\kvoptions.
sty"
Package: kvoptions 2016/05/16 v3.12 Key value format for package options (HO)
)
\@linkdim=\dimen163
\Hy@linkcounter=\count120
\Hy@pagecounter=\count121

("C:\Users\rain\AppData\Local\Programs\MiKTeX 2.9\tex\latex\hyperref\pd1enc.def
"
File: pd1enc.def 2018/02/06 v6.86b Hyperref: PDFDocEncoding definition (HO)
)
\Hy@SavedSpaceFactor=\count122

("C:\Users\rain\AppData\Local\Programs\MiKTeX 2.9\tex\latex\00miktex\hyperref.c
fg"
File: hyperref.cfg 2002/06/06 v1.2 hyperref configuration of TeXLive
)
Package hyperref Info: Option `bookmarks' set `true' on input line 4383.
Package hyperref Info: Option `bookmarksopen' set `true' on input line 4383.
Package hyperref Info: Option `implicit' set `false' on input line 4383.
Package hyperref Info: Hyper figures OFF on input line 4509.
Package hyperref Info: Link nesting OFF on input line 4514.
Package hyperref Info: Hyper index ON on input line 4517.
Package hyperref Info: Plain pages OFF on input line 4524.
Package hyperref Info: Backreferencing OFF on input line 4529.
Package hyperref Info: Implicit mode OFF; no redefinition of LaTeX internals.
Package hyperref Info: Bookmarks ON on input line 4762.
\c@Hy@tempcnt=\count123
 ("C:\Program Files\MiKTeX 2.9\tex\latex\ltxmisc\url.sty"
\Urlmuskip=\muskip10
Package: url 2006/04/12  ver 3.3  Verb mode for urls, etc.
)
LaTeX Info: Redefining \url on input line 5115.
\XeTeXLinkMargin=\dimen164
\Fld@menulength=\count124
\Field@Width=\dimen165
\Fld@charsize=\dimen166
Package hyperref Info: Hyper figures OFF on input line 6369.
Package hyperref Info: Link nesting OFF on input line 6374.
Package hyperref Info: Hyper index ON on input line 6377.
Package hyperref Info: backreferencing OFF on input line 6384.
Package hyperref Info: Link coloring OFF on input line 6389.
Package hyperref Info: Link coloring with OCG OFF on input line 6394.
Package hyperref Info: PDF/A mode OFF on input line 6399.
LaTeX Info: Redefining \ref on input line 6439.
LaTeX Info: Redefining \pageref on input line 6443.
\Hy@abspage=\count125


Package hyperref Message: Stopped early.

)
Package hyperref Info: Driver (autodetected): hpdftex.

("C:\Users\rain\AppData\Local\Programs\MiKTeX 2.9\tex\latex\hyperref\hpdftex.de
f"
File: hpdftex.def 2018/02/06 v6.86b Hyperref driver for pdfTeX
\Fld@listcount=\count126
\c@bookmark@seq@number=\count127

("C:\Users\rain\AppData\Local\Programs\MiKTeX 2.9\tex\latex\oberdiek\rerunfilec
heck.sty"
Package: rerunfilecheck 2016/05/16 v1.8 Rerun checks for auxiliary files (HO)
Package uniquecounter Info: New unique counter `rerunfilecheck' on input line 2
82.
))
("C:\Program Files\MiKTeX 2.9\tex\latex\beamer\beamerbaserequires.sty"
("C:\Program Files\MiKTeX 2.9\tex\latex\beamer\beamerbasecompatibility.sty")
("C:\Program Files\MiKTeX 2.9\tex\latex\beamer\beamerbasefont.sty"
("C:\Users\rain\AppData\Local\Programs\MiKTeX 2.9\tex\latex\amsfonts\amssymb.st
y"
Package: amssymb 2013/01/14 v3.01 AMS font symbols

("C:\Users\rain\AppData\Local\Programs\MiKTeX 2.9\tex\latex\amsfonts\amsfonts.s
ty"
Package: amsfonts 2013/01/14 v3.01 Basic AMSFonts support
\@emptytoks=\toks26
\symAMSa=\mathgroup4
\symAMSb=\mathgroup5
LaTeX Font Info:    Overwriting math alphabet `\mathfrak' in version `bold'
(Font)                  U/euf/m/n --> U/euf/b/n on input line 106.
)) (Z:\資工系\大三下\開放平台\Latex_Slide\sansmathaccent.sty
Package: sansmathaccent 2013/03/28

(Z:\資工系\大三下\開放平台\Latex_Slide\filehook.sty
Package: filehook 2011/10/12 v0.5d Hooks for input files
)))
("C:\Program Files\MiKTeX 2.9\tex\latex\beamer\beamerbasetranslator.sty"
(Z:\資工系\大三下\開放平台\Latex_Slide\translator.sty
Package: translator 2018/01/04 v1.12 Easy translation of strings in LaTeX
))
("C:\Program Files\MiKTeX 2.9\tex\latex\beamer\beamerbasemisc.sty")
("C:\Program Files\MiKTeX 2.9\tex\latex\beamer\beamerbasetwoscreens.sty")
("C:\Program Files\MiKTeX 2.9\tex\latex\beamer\beamerbaseoverlay.sty"
\beamer@argscount=\count128
\beamer@lastskipcover=\skip44
\beamer@trivlistdepth=\count129
)
("C:\Program Files\MiKTeX 2.9\tex\latex\beamer\beamerbasetitle.sty")
("C:\Program Files\MiKTeX 2.9\tex\latex\beamer\beamerbasesection.sty"
\c@lecture=\count130
\c@part=\count131
\c@section=\count132
\c@subsection=\count133
\c@subsubsection=\count134
)
("C:\Program Files\MiKTeX 2.9\tex\latex\beamer\beamerbaseframe.sty"
\beamer@framebox=\box40
\beamer@frametitlebox=\box41
\beamer@zoombox=\box42
\beamer@zoomcount=\count135
\beamer@zoomframecount=\count136
\beamer@frametextheight=\dimen167
\c@subsectionslide=\count137
\beamer@frametopskip=\skip45
\beamer@framebottomskip=\skip46
\beamer@frametopskipautobreak=\skip47
\beamer@framebottomskipautobreak=\skip48
\beamer@envbody=\toks27
\framewidth=\dimen168
\c@framenumber=\count138
)
("C:\Program Files\MiKTeX 2.9\tex\latex\beamer\beamerbaseverbatim.sty"
\beamer@verbatimfileout=\write4
)
("C:\Program Files\MiKTeX 2.9\tex\latex\beamer\beamerbaseframesize.sty"
\beamer@splitbox=\box43
\beamer@autobreakcount=\count139
\beamer@autobreaklastheight=\dimen169
\beamer@frametitletoks=\toks28
\beamer@framesubtitletoks=\toks29
)
("C:\Program Files\MiKTeX 2.9\tex\latex\beamer\beamerbaseframecomponents.sty"
\beamer@footins=\box44
)
("C:\Program Files\MiKTeX 2.9\tex\latex\beamer\beamerbasecolor.sty"
\beamer@bg@ht=\dimen170
\beamer@bg@wd=\dimen171
\beamer@bg@dp=\dimen172
)
("C:\Program Files\MiKTeX 2.9\tex\latex\beamer\beamerbasenotes.sty"
\beamer@frameboxcopy=\box45
)
("C:\Program Files\MiKTeX 2.9\tex\latex\beamer\beamerbasetoc.sty")
("C:\Program Files\MiKTeX 2.9\tex\latex\beamer\beamerbasetemplates.sty"
\beamer@sbttoks=\toks30

("C:\Program Files\MiKTeX 2.9\tex\latex\beamer\beamerbaseauxtemplates.sty"
("C:\Program Files\MiKTeX 2.9\tex\latex\beamer\beamerbaseboxes.sty"
\bmb@box=\box46
\bmb@colorbox=\box47
\bmb@boxshadow=\box48
\bmb@boxshadowball=\box49
\bmb@boxshadowballlarge=\box50
\bmb@temp=\dimen173
\bmb@dima=\dimen174
\bmb@dimb=\dimen175
\bmb@prevheight=\dimen176
)
\beamer@blockheadheight=\dimen177
))
("C:\Program Files\MiKTeX 2.9\tex\latex\beamer\beamerbaselocalstructure.sty"
("C:\Users\rain\AppData\Local\Programs\MiKTeX 2.9\tex\latex\tools\enumerate.sty
"
Package: enumerate 2015/07/23 v3.00 enumerate extensions (DPC)
\@enLab=\toks31
)
\c@figure=\count140
\c@table=\count141
\abovecaptionskip=\skip49
\belowcaptionskip=\skip50
) ("C:\Program Files\MiKTeX 2.9\tex\latex\beamer\beamerbasenavigation.sty"
\beamer@section@min@dim=\dimen178
)
("C:\Program Files\MiKTeX 2.9\tex\latex\beamer\beamerbasetheorems.sty"
("C:\Users\rain\AppData\Local\Programs\MiKTeX 2.9\tex\latex\amsmath\amsmath.sty
"
Package: amsmath 2017/09/02 v2.17a AMS math features
\@mathmargin=\skip51

For additional information on amsmath, use the `?' option.
("C:\Users\rain\AppData\Local\Programs\MiKTeX 2.9\tex\latex\amsmath\amstext.sty
"
Package: amstext 2000/06/29 v2.01 AMS text
 ("C:\Users\rain\AppData\Local\Programs\MiKTeX 2.9\tex\latex\amsmath\amsgen.sty
"
File: amsgen.sty 1999/11/30 v2.0 generic functions
\@emptytoks=\toks32
\ex@=\dimen179
))
("C:\Users\rain\AppData\Local\Programs\MiKTeX 2.9\tex\latex\amsmath\amsbsy.sty"
Package: amsbsy 1999/11/29 v1.2d Bold Symbols
\pmbraise@=\dimen180
) ("C:\Users\rain\AppData\Local\Programs\MiKTeX 2.9\tex\latex\amsmath\amsopn.st
y"
Package: amsopn 2016/03/08 v2.02 operator names
)
\inf@bad=\count142
LaTeX Info: Redefining \frac on input line 213.
\uproot@=\count143
\leftroot@=\count144
LaTeX Info: Redefining \overline on input line 375.
\classnum@=\count145
\DOTSCASE@=\count146
LaTeX Info: Redefining \ldots on input line 472.
LaTeX Info: Redefining \dots on input line 475.
LaTeX Info: Redefining \cdots on input line 596.
\Mathstrutbox@=\box51
\strutbox@=\box52
\big@size=\dimen181
LaTeX Font Info:    Redeclaring font encoding OML on input line 712.
LaTeX Font Info:    Redeclaring font encoding OMS on input line 713.
\macc@depth=\count147
\c@MaxMatrixCols=\count148
\dotsspace@=\muskip11
\c@parentequation=\count149
\dspbrk@lvl=\count150
\tag@help=\toks33
\row@=\count151
\column@=\count152
\maxfields@=\count153
\andhelp@=\toks34
\eqnshift@=\dimen182
\alignsep@=\dimen183
\tagshift@=\dimen184
\tagwidth@=\dimen185
\totwidth@=\dimen186
\lineht@=\dimen187
\@envbody=\toks35
\multlinegap=\skip52
\multlinetaggap=\skip53
\mathdisplay@stack=\toks36
LaTeX Info: Redefining \[ on input line 2817.
LaTeX Info: Redefining \] on input line 2818.
)
("C:\Users\rain\AppData\Local\Programs\MiKTeX 2.9\tex\latex\amscls\amsthm.sty"
Package: amsthm 2017/10/31 v2.20.4
\thm@style=\toks37
\thm@bodyfont=\toks38
\thm@headfont=\toks39
\thm@notefont=\toks40
\thm@headpunct=\toks41
\thm@preskip=\skip54
\thm@postskip=\skip55
\thm@headsep=\skip56
\dth@everypar=\toks42
)
\c@theorem=\count154
) ("C:\Program Files\MiKTeX 2.9\tex\latex\beamer\beamerbasethemes.sty"))
("C:\Program Files\MiKTeX 2.9\tex\latex\beamer\beamerthemedefault.sty"
("C:\Program Files\MiKTeX 2.9\tex\latex\beamer\beamerfontthemedefault.sty")
("C:\Program Files\MiKTeX 2.9\tex\latex\beamer\beamercolorthemedefault.sty")
("C:\Program Files\MiKTeX 2.9\tex\latex\beamer\beamerinnerthemedefault.sty"
\beamer@dima=\dimen188
\beamer@dimb=\dimen189
)
("C:\Program Files\MiKTeX 2.9\tex\latex\beamer\beamerouterthemedefault.sty")))
("C:\Users\rain\AppData\Local\Programs\MiKTeX 2.9\tex\latex\base\fontenc.sty"
Package: fontenc 2017/04/05 v2.0i Standard LaTeX package

("C:\Users\rain\AppData\Local\Programs\MiKTeX 2.9\tex\latex\base\t1enc.def"
File: t1enc.def 2017/04/05 v2.0i Standard LaTeX file
LaTeX Font Info:    Redeclaring font encoding T1 on input line 48.
))
("C:\Program Files\MiKTeX 2.9\tex\latex\cjk\CJKutf8.sty"
Package: CJKutf8 2015/04/18 4.8.4

("C:\Users\rain\AppData\Local\Programs\MiKTeX 2.9\tex\latex\base\inputenc.sty"
Package: inputenc 2015/03/17 v1.2c Input encoding file
\inpenc@prehook=\toks43
\inpenc@posthook=\toks44

("C:\Users\rain\AppData\Local\Programs\MiKTeX 2.9\tex\latex\base\utf8.def"
File: utf8.def 2017/01/28 v1.1t UTF-8 support for inputenc
Now handling font encoding OML ...
... no UTF-8 mapping file for font encoding OML
Now handling font encoding T1 ...
... processing UTF-8 mapping file for font encoding T1

("C:\Users\rain\AppData\Local\Programs\MiKTeX 2.9\tex\latex\base\t1enc.dfu"
File: t1enc.dfu 2017/01/28 v1.1t UTF-8 support for inputenc
   defining Unicode char U+00A0 (decimal 160)
   defining Unicode char U+00A1 (decimal 161)
   defining Unicode char U+00A3 (decimal 163)
   defining Unicode char U+00AB (decimal 171)
   defining Unicode char U+00AD (decimal 173)
   defining Unicode char U+00BB (decimal 187)
   defining Unicode char U+00BF (decimal 191)
   defining Unicode char U+00C0 (decimal 192)
   defining Unicode char U+00C1 (decimal 193)
   defining Unicode char U+00C2 (decimal 194)
   defining Unicode char U+00C3 (decimal 195)
   defining Unicode char U+00C4 (decimal 196)
   defining Unicode char U+00C5 (decimal 197)
   defining Unicode char U+00C6 (decimal 198)
   defining Unicode char U+00C7 (decimal 199)
   defining Unicode char U+00C8 (decimal 200)
   defining Unicode char U+00C9 (decimal 201)
   defining Unicode char U+00CA (decimal 202)
   defining Unicode char U+00CB (decimal 203)
   defining Unicode char U+00CC (decimal 204)
   defining Unicode char U+00CD (decimal 205)
   defining Unicode char U+00CE (decimal 206)
   defining Unicode char U+00CF (decimal 207)
   defining Unicode char U+00D0 (decimal 208)
   defining Unicode char U+00D1 (decimal 209)
   defining Unicode char U+00D2 (decimal 210)
   defining Unicode char U+00D3 (decimal 211)
   defining Unicode char U+00D4 (decimal 212)
   defining Unicode char U+00D5 (decimal 213)
   defining Unicode char U+00D6 (decimal 214)
   defining Unicode char U+00D8 (decimal 216)
   defining Unicode char U+00D9 (decimal 217)
   defining Unicode char U+00DA (decimal 218)
   defining Unicode char U+00DB (decimal 219)
   defining Unicode char U+00DC (decimal 220)
   defining Unicode char U+00DD (decimal 221)
   defining Unicode char U+00DE (decimal 222)
   defining Unicode char U+00DF (decimal 223)
   defining Unicode char U+00E0 (decimal 224)
   defining Unicode char U+00E1 (decimal 225)
   defining Unicode char U+00E2 (decimal 226)
   defining Unicode char U+00E3 (decimal 227)
   defining Unicode char U+00E4 (decimal 228)
   defining Unicode char U+00E5 (decimal 229)
   defining Unicode char U+00E6 (decimal 230)
   defining Unicode char U+00E7 (decimal 231)
   defining Unicode char U+00E8 (decimal 232)
   defining Unicode char U+00E9 (decimal 233)
   defining Unicode char U+00EA (decimal 234)
   defining Unicode char U+00EB (decimal 235)
   defining Unicode char U+00EC (decimal 236)
   defining Unicode char U+00ED (decimal 237)
   defining Unicode char U+00EE (decimal 238)
   defining Unicode char U+00EF (decimal 239)
   defining Unicode char U+00F0 (decimal 240)
   defining Unicode char U+00F1 (decimal 241)
   defining Unicode char U+00F2 (decimal 242)
   defining Unicode char U+00F3 (decimal 243)
   defining Unicode char U+00F4 (decimal 244)
   defining Unicode char U+00F5 (decimal 245)
   defining Unicode char U+00F6 (decimal 246)
   defining Unicode char U+00F8 (decimal 248)
   defining Unicode char U+00F9 (decimal 249)
   defining Unicode char U+00FA (decimal 250)
   defining Unicode char U+00FB (decimal 251)
   defining Unicode char U+00FC (decimal 252)
   defining Unicode char U+00FD (decimal 253)
   defining Unicode char U+00FE (decimal 254)
   defining Unicode char U+00FF (decimal 255)
   defining Unicode char U+0100 (decimal 256)
   defining Unicode char U+0101 (decimal 257)
   defining Unicode char U+0102 (decimal 258)
   defining Unicode char U+0103 (decimal 259)
   defining Unicode char U+0104 (decimal 260)
   defining Unicode char U+0105 (decimal 261)
   defining Unicode char U+0106 (decimal 262)
   defining Unicode char U+0107 (decimal 263)
   defining Unicode char U+0108 (decimal 264)
   defining Unicode char U+0109 (decimal 265)
   defining Unicode char U+010A (decimal 266)
   defining Unicode char U+010B (decimal 267)
   defining Unicode char U+010C (decimal 268)
   defining Unicode char U+010D (decimal 269)
   defining Unicode char U+010E (decimal 270)
   defining Unicode char U+010F (decimal 271)
   defining Unicode char U+0110 (decimal 272)
   defining Unicode char U+0111 (decimal 273)
   defining Unicode char U+0112 (decimal 274)
   defining Unicode char U+0113 (decimal 275)
   defining Unicode char U+0114 (decimal 276)
   defining Unicode char U+0115 (decimal 277)
   defining Unicode char U+0116 (decimal 278)
   defining Unicode char U+0117 (decimal 279)
   defining Unicode char U+0118 (decimal 280)
   defining Unicode char U+0119 (decimal 281)
   defining Unicode char U+011A (decimal 282)
   defining Unicode char U+011B (decimal 283)
   defining Unicode char U+011C (decimal 284)
   defining Unicode char U+011D (decimal 285)
   defining Unicode char U+011E (decimal 286)
   defining Unicode char U+011F (decimal 287)
   defining Unicode char U+0120 (decimal 288)
   defining Unicode char U+0121 (decimal 289)
   defining Unicode char U+0122 (decimal 290)
   defining Unicode char U+0123 (decimal 291)
   defining Unicode char U+0124 (decimal 292)
   defining Unicode char U+0125 (decimal 293)
   defining Unicode char U+0128 (decimal 296)
   defining Unicode char U+0129 (decimal 297)
   defining Unicode char U+012A (decimal 298)
   defining Unicode char U+012B (decimal 299)
   defining Unicode char U+012C (decimal 300)
   defining Unicode char U+012D (decimal 301)
   defining Unicode char U+012E (decimal 302)
   defining Unicode char U+012F (decimal 303)
   defining Unicode char U+0130 (decimal 304)
   defining Unicode char U+0131 (decimal 305)
   defining Unicode char U+0132 (decimal 306)
   defining Unicode char U+0133 (decimal 307)
   defining Unicode char U+0134 (decimal 308)
   defining Unicode char U+0135 (decimal 309)
   defining Unicode char U+0136 (decimal 310)
   defining Unicode char U+0137 (decimal 311)
   defining Unicode char U+0139 (decimal 313)
   defining Unicode char U+013A (decimal 314)
   defining Unicode char U+013B (decimal 315)
   defining Unicode char U+013C (decimal 316)
   defining Unicode char U+013D (decimal 317)
   defining Unicode char U+013E (decimal 318)
   defining Unicode char U+0141 (decimal 321)
   defining Unicode char U+0142 (decimal 322)
   defining Unicode char U+0143 (decimal 323)
   defining Unicode char U+0144 (decimal 324)
   defining Unicode char U+0145 (decimal 325)
   defining Unicode char U+0146 (decimal 326)
   defining Unicode char U+0147 (decimal 327)
   defining Unicode char U+0148 (decimal 328)
   defining Unicode char U+014A (decimal 330)
   defining Unicode char U+014B (decimal 331)
   defining Unicode char U+014C (decimal 332)
   defining Unicode char U+014D (decimal 333)
   defining Unicode char U+014E (decimal 334)
   defining Unicode char U+014F (decimal 335)
   defining Unicode char U+0150 (decimal 336)
   defining Unicode char U+0151 (decimal 337)
   defining Unicode char U+0152 (decimal 338)
   defining Unicode char U+0153 (decimal 339)
   defining Unicode char U+0154 (decimal 340)
   defining Unicode char U+0155 (decimal 341)
   defining Unicode char U+0156 (decimal 342)
   defining Unicode char U+0157 (decimal 343)
   defining Unicode char U+0158 (decimal 344)
   defining Unicode char U+0159 (decimal 345)
   defining Unicode char U+015A (decimal 346)
   defining Unicode char U+015B (decimal 347)
   defining Unicode char U+015C (decimal 348)
   defining Unicode char U+015D (decimal 349)
   defining Unicode char U+015E (decimal 350)
   defining Unicode char U+015F (decimal 351)
   defining Unicode char U+0160 (decimal 352)
   defining Unicode char U+0161 (decimal 353)
   defining Unicode char U+0162 (decimal 354)
   defining Unicode char U+0163 (decimal 355)
   defining Unicode char U+0164 (decimal 356)
   defining Unicode char U+0165 (decimal 357)
   defining Unicode char U+0168 (decimal 360)
   defining Unicode char U+0169 (decimal 361)
   defining Unicode char U+016A (decimal 362)
   defining Unicode char U+016B (decimal 363)
   defining Unicode char U+016C (decimal 364)
   defining Unicode char U+016D (decimal 365)
   defining Unicode char U+016E (decimal 366)
   defining Unicode char U+016F (decimal 367)
   defining Unicode char U+0170 (decimal 368)
   defining Unicode char U+0171 (decimal 369)
   defining Unicode char U+0172 (decimal 370)
   defining Unicode char U+0173 (decimal 371)
   defining Unicode char U+0174 (decimal 372)
   defining Unicode char U+0175 (decimal 373)
   defining Unicode char U+0176 (decimal 374)
   defining Unicode char U+0177 (decimal 375)
   defining Unicode char U+0178 (decimal 376)
   defining Unicode char U+0179 (decimal 377)
   defining Unicode char U+017A (decimal 378)
   defining Unicode char U+017B (decimal 379)
   defining Unicode char U+017C (decimal 380)
   defining Unicode char U+017D (decimal 381)
   defining Unicode char U+017E (decimal 382)
   defining Unicode char U+01CD (decimal 461)
   defining Unicode char U+01CE (decimal 462)
   defining Unicode char U+01CF (decimal 463)
   defining Unicode char U+01D0 (decimal 464)
   defining Unicode char U+01D1 (decimal 465)
   defining Unicode char U+01D2 (decimal 466)
   defining Unicode char U+01D3 (decimal 467)
   defining Unicode char U+01D4 (decimal 468)
   defining Unicode char U+01E2 (decimal 482)
   defining Unicode char U+01E3 (decimal 483)
   defining Unicode char U+01E6 (decimal 486)
   defining Unicode char U+01E7 (decimal 487)
   defining Unicode char U+01E8 (decimal 488)
   defining Unicode char U+01E9 (decimal 489)
   defining Unicode char U+01EA (decimal 490)
   defining Unicode char U+01EB (decimal 491)
   defining Unicode char U+01F0 (decimal 496)
   defining Unicode char U+01F4 (decimal 500)
   defining Unicode char U+01F5 (decimal 501)
   defining Unicode char U+0218 (decimal 536)
   defining Unicode char U+0219 (decimal 537)
   defining Unicode char U+021A (decimal 538)
   defining Unicode char U+021B (decimal 539)
   defining Unicode char U+0232 (decimal 562)
   defining Unicode char U+0233 (decimal 563)
   defining Unicode char U+1E02 (decimal 7682)
   defining Unicode char U+1E03 (decimal 7683)
   defining Unicode char U+200C (decimal 8204)
   defining Unicode char U+2010 (decimal 8208)
   defining Unicode char U+2011 (decimal 8209)
   defining Unicode char U+2012 (decimal 8210)
   defining Unicode char U+2013 (decimal 8211)
   defining Unicode char U+2014 (decimal 8212)
   defining Unicode char U+2015 (decimal 8213)
   defining Unicode char U+2018 (decimal 8216)
   defining Unicode char U+2019 (decimal 8217)
   defining Unicode char U+201A (decimal 8218)
   defining Unicode char U+201C (decimal 8220)
   defining Unicode char U+201D (decimal 8221)
   defining Unicode char U+201E (decimal 8222)
   defining Unicode char U+2030 (decimal 8240)
   defining Unicode char U+2031 (decimal 8241)
   defining Unicode char U+2039 (decimal 8249)
   defining Unicode char U+203A (decimal 8250)
   defining Unicode char U+2423 (decimal 9251)
   defining Unicode char U+1E20 (decimal 7712)
   defining Unicode char U+1E21 (decimal 7713)
)
Now handling font encoding OT1 ...
... processing UTF-8 mapping file for font encoding OT1

("C:\Users\rain\AppData\Local\Programs\MiKTeX 2.9\tex\latex\base\ot1enc.dfu"
File: ot1enc.dfu 2017/01/28 v1.1t UTF-8 support for inputenc
   defining Unicode char U+00A0 (decimal 160)
   defining Unicode char U+00A1 (decimal 161)
   defining Unicode char U+00A3 (decimal 163)
   defining Unicode char U+00AD (decimal 173)
   defining Unicode char U+00B8 (decimal 184)
   defining Unicode char U+00BF (decimal 191)
   defining Unicode char U+00C5 (decimal 197)
   defining Unicode char U+00C6 (decimal 198)
   defining Unicode char U+00D8 (decimal 216)
   defining Unicode char U+00DF (decimal 223)
   defining Unicode char U+00E6 (decimal 230)
   defining Unicode char U+00EC (decimal 236)
   defining Unicode char U+00ED (decimal 237)
   defining Unicode char U+00EE (decimal 238)
   defining Unicode char U+00EF (decimal 239)
   defining Unicode char U+00F8 (decimal 248)
   defining Unicode char U+0131 (decimal 305)
   defining Unicode char U+0141 (decimal 321)
   defining Unicode char U+0142 (decimal 322)
   defining Unicode char U+0152 (decimal 338)
   defining Unicode char U+0153 (decimal 339)
   defining Unicode char U+0174 (decimal 372)
   defining Unicode char U+0175 (decimal 373)
   defining Unicode char U+0176 (decimal 374)
   defining Unicode char U+0177 (decimal 375)
   defining Unicode char U+0218 (decimal 536)
   defining Unicode char U+0219 (decimal 537)
   defining Unicode char U+021A (decimal 538)
   defining Unicode char U+021B (decimal 539)
   defining Unicode char U+2013 (decimal 8211)
   defining Unicode char U+2014 (decimal 8212)
   defining Unicode char U+2018 (decimal 8216)
   defining Unicode char U+2019 (decimal 8217)
   defining Unicode char U+201C (decimal 8220)
   defining Unicode char U+201D (decimal 8221)
)
Now handling font encoding OMS ...
... processing UTF-8 mapping file for font encoding OMS

("C:\Users\rain\AppData\Local\Programs\MiKTeX 2.9\tex\latex\base\omsenc.dfu"
File: omsenc.dfu 2017/01/28 v1.1t UTF-8 support for inputenc
   defining Unicode char U+00A7 (decimal 167)
   defining Unicode char U+00B6 (decimal 182)
   defining Unicode char U+00B7 (decimal 183)
   defining Unicode char U+2020 (decimal 8224)
   defining Unicode char U+2021 (decimal 8225)
   defining Unicode char U+2022 (decimal 8226)
)
Now handling font encoding OMX ...
... no UTF-8 mapping file for font encoding OMX
Now handling font encoding U ...
... no UTF-8 mapping file for font encoding U
Now handling font encoding PD1 ...
... no UTF-8 mapping file for font encoding PD1
   defining Unicode char U+00A9 (decimal 169)
   defining Unicode char U+00AA (decimal 170)
   defining Unicode char U+00AE (decimal 174)
   defining Unicode char U+00BA (decimal 186)
   defining Unicode char U+02C6 (decimal 710)
   defining Unicode char U+02DC (decimal 732)
   defining Unicode char U+200C (decimal 8204)
   defining Unicode char U+2026 (decimal 8230)
   defining Unicode char U+2122 (decimal 8482)
   defining Unicode char U+2423 (decimal 9251)
)) ("C:\Program Files\MiKTeX 2.9\tex\latex\cjk\CJK.sty"
Package: CJK 2015/04/18 4.8.4

("C:\Program Files\MiKTeX 2.9\tex\latex\cjk\mule\MULEenc.sty"
Package: MULEenc 2015/04/18 4.8.4
)
("C:\Program Files\MiKTeX 2.9\tex\latex\cjk\CJK.enc"
File: CJK.enc 2015/04/18 4.8.4
Now handling font encoding C00 ...
... no UTF-8 mapping file for font encoding C00
Now handling font encoding C05 ...
... no UTF-8 mapping file for font encoding C05
Now handling font encoding C09 ...
... no UTF-8 mapping file for font encoding C09
Now handling font encoding C10 ...
... no UTF-8 mapping file for font encoding C10
Now handling font encoding C20 ...
... no UTF-8 mapping file for font encoding C20
Now handling font encoding C19 ...
... no UTF-8 mapping file for font encoding C19
Now handling font encoding C40 ...
... no UTF-8 mapping file for font encoding C40
Now handling font encoding C42 ...
... no UTF-8 mapping file for font encoding C42
Now handling font encoding C43 ...
... no UTF-8 mapping file for font encoding C43
Now handling font encoding C50 ...
... no UTF-8 mapping file for font encoding C50
Now handling font encoding C52 ...
... no UTF-8 mapping file for font encoding C52
Now handling font encoding C49 ...
... no UTF-8 mapping file for font encoding C49
Now handling font encoding C60 ...
... no UTF-8 mapping file for font encoding C60
Now handling font encoding C61 ...
... no UTF-8 mapping file for font encoding C61
Now handling font encoding C63 ...
... no UTF-8 mapping file for font encoding C63
Now handling font encoding C64 ...
... no UTF-8 mapping file for font encoding C64
Now handling font encoding C65 ...
... no UTF-8 mapping file for font encoding C65
Now handling font encoding C70 ...
... no UTF-8 mapping file for font encoding C70
Now handling font encoding C31 ...
... no UTF-8 mapping file for font encoding C31
Now handling font encoding C32 ...
... no UTF-8 mapping file for font encoding C32
Now handling font encoding C33 ...
... no UTF-8 mapping file for font encoding C33
Now handling font encoding C34 ...
... no UTF-8 mapping file for font encoding C34
Now handling font encoding C35 ...
... no UTF-8 mapping file for font encoding C35
Now handling font encoding C36 ...
... no UTF-8 mapping file for font encoding C36
Now handling font encoding C37 ...
... no UTF-8 mapping file for font encoding C37
Now handling font encoding C80 ...
... no UTF-8 mapping file for font encoding C80
Now handling font encoding C81 ...
... no UTF-8 mapping file for font encoding C81
Now handling font encoding C01 ...
... no UTF-8 mapping file for font encoding C01
Now handling font encoding C11 ...
... no UTF-8 mapping file for font encoding C11
Now handling font encoding C21 ...
... no UTF-8 mapping file for font encoding C21
Now handling font encoding C41 ...
... no UTF-8 mapping file for font encoding C41
Now handling font encoding C62 ...
... no UTF-8 mapping file for font encoding C62
)
LaTeX Info: Redefining \selectfont on input line 755.
\CJK@indent=\box53
)
("C:\Users\rain\AppData\Local\Programs\MiKTeX 2.9\tex\latex\base\fontenc.sty"
Package: fontenc 2017/04/05 v2.0i Standard LaTeX package
)) (Z:\資工系\大三下\開放平台\Latex_Slide\BeamerColor.sty
Package: BeamerColor 08/01/2008
)
("C:\Users\rain\AppData\Local\Programs\MiKTeX 2.9\tex\latex\psnfss\times.sty"
Package: times 2005/04/12 PSNFSS-v9.2a (SPQR) 
)
("C:\Program Files\MiKTeX 2.9\tex\latex\setspace\setspace.sty"
Package: setspace 2011/12/19 v6.7a set line spacing
)
("C:\Program Files\MiKTeX 2.9\tex\latex\cite\cite.sty"
LaTeX Info: Redefining \cite on input line 302.
LaTeX Info: Redefining \nocite on input line 332.
Package: cite 2015/02/27  v 5.5
)
("C:\Users\rain\AppData\Local\Programs\MiKTeX 2.9\tex\latex\graphics\epsfig.sty
"
Package: epsfig 2017/06/25 v1.7b (e)psfig emulation (SPQR)
\epsfxsize=\dimen190
\epsfysize=\dimen191
) ("C:\Program Files\MiKTeX 2.9\tex\latex\booktabs\booktabs.sty"
Package: booktabs 2005/04/14 v1.61803 publication quality tables
\heavyrulewidth=\dimen192
\lightrulewidth=\dimen193
\cmidrulewidth=\dimen194
\belowrulesep=\dimen195
\belowbottomsep=\dimen196
\aboverulesep=\dimen197
\abovetopsep=\dimen198
\cmidrulesep=\dimen199
\cmidrulekern=\dimen200
\defaultaddspace=\dimen201
\@cmidla=\count155
\@cmidlb=\count156
\@aboverulesep=\dimen202
\@belowrulesep=\dimen203
\@thisruleclass=\count157
\@lastruleclass=\count158
\@thisrulewidth=\dimen204
)
("C:\Users\rain\AppData\Local\Programs\MiKTeX 2.9\tex\latex\oberdiek\epstopdf.s
ty"
Package: epstopdf 2016/05/15 v2.6 Conversion with epstopdf on the fly (HO)

("C:\Users\rain\AppData\Local\Programs\MiKTeX 2.9\tex\latex\oberdiek\epstopdf-b
ase.sty"
Package: epstopdf-base 2016/05/15 v2.6 Base part for package epstopdf

("C:\Users\rain\AppData\Local\Programs\MiKTeX 2.9\tex\latex\oberdiek\grfext.sty
"
Package: grfext 2016/05/16 v1.2 Manage graphics extensions (HO)
)
Package epstopdf-base Info: Redefining graphics rule for `.eps' on input line 4
38.
Package grfext Info: Graphics extension search list:
(grfext)             [.pdf,.png,.jpg,.mps,.jpeg,.jbig2,.jb2,.PDF,.PNG,.JPG,.JPE
G,.JBIG2,.JB2,.eps]
(grfext)             \AppendGraphicsExtensions on input line 456.
)) ("C:\Program Files\MiKTeX 2.9\tex\latex\algorithms\algorithmic.sty"
Package: algorithmic 2009/08/24 v0.1 Document Style `algorithmic'

("C:\Users\rain\AppData\Local\Programs\MiKTeX 2.9\tex\latex\base\ifthen.sty"
Package: ifthen 2014/09/29 v1.1c Standard LaTeX ifthen package (DPC)
)
\c@ALC@unique=\count159
\c@ALC@line=\count160
\c@ALC@rem=\count161
\c@ALC@depth=\count162
\ALC@tlm=\skip57
\algorithmicindent=\skip58
)
(Z:\資工系\大三下\開放平台\Latex_Slide\midfloat.sty
Package: midfloat 2012/05/29 v1.1 Insert some material in full-width on double-
column page
Package: midfloat 1997/10/01
\juo@sar=\toks45
\stripsep=\skip59
\m@addvipersep=\skip60
\c@addvipersep=\skip61
\ht@strip=\dimen205
\right@cor=\dimen206
\cor@height=\dimen207
\juo@pr=\dimen208
\juo@ht=\dimen209
\c@colht=\dimen210
\@viper=\box54
\@rightcolumn=\box55
\juo@sk=\count163
)
("C:\Program Files\MiKTeX 2.9\tex\latex\algorithm2e\algorithm2e.sty"
Package: algorithm2e 2017/07/18 v5.2 algorithms environments
\c@AlgoLine=\count164
\algocf@hangindent=\skip62

("C:\Program Files\MiKTeX 2.9\tex\latex\ifoddpage\ifoddpage.sty"
Package: ifoddpage 2016/04/23 v1.1 Conditionals for odd/even page detection
\c@checkoddpage=\count165
)
("C:\Users\rain\AppData\Local\Programs\MiKTeX 2.9\tex\latex\tools\xspace.sty"
Package: xspace 2014/10/28 v1.13 Space after command names (DPC,MH)
)
("C:\Users\rain\AppData\Local\Programs\MiKTeX 2.9\tex\latex\ltxmisc\relsize.sty
"
Package: relsize 2003/07/04 ver 3.1
)
\skiptotal=\skip63
\skiplinenumber=\skip64
\skiprule=\skip65
\skiphlne=\skip66
\skiptext=\skip67
\skiplength=\skip68
\algomargin=\skip69
\skipalgocfslide=\skip70
\algowidth=\dimen211
\inoutsize=\dimen212
\inoutindent=\dimen213
\interspacetitleruled=\dimen214
\interspacealgoruled=\dimen215
\interspacetitleboxruled=\dimen216
\algocf@ruledwidth=\skip71
\algocf@inoutbox=\box56
\algocf@inputbox=\box57
\AlCapSkip=\skip72
\AlCapHSkip=\skip73
\algoskipindent=\skip74
\algocf@nlbox=\box58
\algocf@hangingbox=\box59
\algocf@untilbox=\box60
\algocf@skipuntil=\skip75
\algocf@capbox=\box61
\algocf@lcaptionbox=\skip76
\algoheightruledefault=\skip77
\algoheightrule=\skip78
\algotitleheightruledefault=\skip79
\algotitleheightrule=\skip80
\c@algocfline=\count166
\c@algocfproc=\count167
\c@algocf=\count168
\algocf@algoframe=\box62
\algocf@algobox=\box63
)
("C:\Users\rain\AppData\Local\Programs\MiKTeX 2.9\tex\latex\multirow\multirow.s
ty"
Package: multirow 2016/11/25 v2.2 Span multiple rows of a table
\multirow@colwidth=\skip81
\multirow@cntb=\count169
\multirow@dima=\skip82
\bigstrutjot=\dimen217
)
("C:\Users\rain\AppData\Local\Programs\MiKTeX 2.9\tex\latex\tools\tabularx.sty"
Package: tabularx 2016/02/03 v2.11 `tabularx' package (DPC)
("C:\Users\rain\AppData\Local\Programs\MiKTeX 2.9\tex\latex\tools\array.sty"
Package: array 2016/10/06 v2.4d Tabular extension package (FMi)
\col@sep=\dimen218
\extrarowheight=\dimen219
\NC@list=\toks46
\extratabsurround=\skip83
\backup@length=\skip84
)
\TX@col@width=\dimen220
\TX@old@table=\dimen221
\TX@old@col=\dimen222
\TX@target=\dimen223
\TX@delta=\dimen224
\TX@cols=\count170
\TX@ftn=\toks47
)
(Z:\資工系\大三下\開放平台\Latex_Slide\textpos.sty
Package: textpos 2003/09/07 v1.4

Package: `textpos' 1.4 <2003/09/07>
\TP@textbox=\box64
\TPHorizModule=\dimen225
\TPVertModule=\dimen226
Grid set 16 x 16 = 22.7622pt x 17.07166pt
\TPboxrulesize=\dimen227
\TP@tbargs=\toks48
\TP@prevdepth=\dimen228
) ("C:\Program Files\MiKTeX 2.9\tex\latex\beamer\beamercolorthemestructure.sty"
) ("C:\Program Files\MiKTeX 2.9\tex\latex\beamer\beamerthemeMadrid.sty"
("C:\Program Files\MiKTeX 2.9\tex\latex\beamer\beamercolorthemewhale.sty")
("C:\Program Files\MiKTeX 2.9\tex\latex\beamer\beamercolorthemeorchid.sty")
("C:\Program Files\MiKTeX 2.9\tex\latex\beamer\beamerinnerthemerounded.sty")
("C:\Program Files\MiKTeX 2.9\tex\latex\beamer\beamerouterthemeinfolines.sty"))
("C:\Program Files\MiKTeX 2.9\tex\latex\beamer\beamerfontthemestructurebold.sty
") (Z:\資工系\大三下\開放平台\Latex_Slide\AI_Comforter.aux)
LaTeX Font Info:    Checking defaults for OML/cmm/m/it on input line 47.
LaTeX Font Info:    ... okay on input line 47.
LaTeX Font Info:    Checking defaults for T1/cmr/m/n on input line 47.
LaTeX Font Info:    ... okay on input line 47.
LaTeX Font Info:    Checking defaults for OT1/cmr/m/n on input line 47.
LaTeX Font Info:    ... okay on input line 47.
LaTeX Font Info:    Checking defaults for OMS/cmsy/m/n on input line 47.
LaTeX Font Info:    ... okay on input line 47.
LaTeX Font Info:    Checking defaults for OMX/cmex/m/n on input line 47.
LaTeX Font Info:    ... okay on input line 47.
LaTeX Font Info:    Checking defaults for U/cmr/m/n on input line 47.
LaTeX Font Info:    ... okay on input line 47.
LaTeX Font Info:    Checking defaults for PD1/pdf/m/n on input line 47.
LaTeX Font Info:    ... okay on input line 47.
LaTeX Font Info:    Checking defaults for C00/song/m/n on input line 47.
LaTeX Font Info:    ... okay on input line 47.
LaTeX Font Info:    Checking defaults for C05/song/m/n on input line 47.
LaTeX Font Info:    ... okay on input line 47.
LaTeX Font Info:    Checking defaults for C09/song/m/n on input line 47.
LaTeX Font Info:    ... okay on input line 47.
LaTeX Font Info:    Checking defaults for C10/song/m/n on input line 47.
LaTeX Font Info:    ... okay on input line 47.
LaTeX Font Info:    Checking defaults for C20/song/m/n on input line 47.
LaTeX Font Info:    ... okay on input line 47.
LaTeX Font Info:    Checking defaults for C19/song/m/n on input line 47.
LaTeX Font Info:    ... okay on input line 47.
LaTeX Font Info:    Checking defaults for C40/song/m/n on input line 47.
LaTeX Font Info:    ... okay on input line 47.
LaTeX Font Info:    Checking defaults for C42/song/m/n on input line 47.
LaTeX Font Info:    ... okay on input line 47.
LaTeX Font Info:    Checking defaults for C43/song/m/n on input line 47.
LaTeX Font Info:    ... okay on input line 47.
LaTeX Font Info:    Checking defaults for C50/song/m/n on input line 47.
LaTeX Font Info:    ... okay on input line 47.
LaTeX Font Info:    Checking defaults for C52/song/m/n on input line 47.
LaTeX Font Info:    ... okay on input line 47.
LaTeX Font Info:    Checking defaults for C49/song/m/n on input line 47.
LaTeX Font Info:    ... okay on input line 47.
LaTeX Font Info:    Checking defaults for C60/mj/m/n on input line 47.
LaTeX Font Info:    ... okay on input line 47.
LaTeX Font Info:    Checking defaults for C61/mj/m/n on input line 47.
LaTeX Font Info:    ... okay on input line 47.
LaTeX Font Info:    Checking defaults for C63/mj/m/n on input line 47.
LaTeX Font Info:    ... okay on input line 47.
LaTeX Font Info:    Checking defaults for C64/mj/m/n on input line 47.
LaTeX Font Info:    ... okay on input line 47.
LaTeX Font Info:    Checking defaults for C65/mj/m/n on input line 47.
LaTeX Font Info:    ... okay on input line 47.
LaTeX Font Info:    Checking defaults for C70/song/m/n on input line 47.
LaTeX Font Info:    ... okay on input line 47.
LaTeX Font Info:    Checking defaults for C31/song/m/n on input line 47.
LaTeX Font Info:    ... okay on input line 47.
LaTeX Font Info:    Checking defaults for C32/song/m/n on input line 47.
LaTeX Font Info:    ... okay on input line 47.
LaTeX Font Info:    Checking defaults for C33/song/m/n on input line 47.
LaTeX Font Info:    ... okay on input line 47.
LaTeX Font Info:    Checking defaults for C34/song/m/n on input line 47.
LaTeX Font Info:    ... okay on input line 47.
LaTeX Font Info:    Checking defaults for C35/song/m/n on input line 47.
LaTeX Font Info:    ... okay on input line 47.
LaTeX Font Info:    Checking defaults for C36/song/m/n on input line 47.
LaTeX Font Info:    ... okay on input line 47.
LaTeX Font Info:    Checking defaults for C37/song/m/n on input line 47.
LaTeX Font Info:    ... okay on input line 47.
LaTeX Font Info:    Checking defaults for C80/song/m/n on input line 47.
LaTeX Font Info:    ... okay on input line 47.
LaTeX Font Info:    Checking defaults for C81/song/m/n on input line 47.
LaTeX Font Info:    ... okay on input line 47.
LaTeX Font Info:    Checking defaults for C01/song/m/n on input line 47.
LaTeX Font Info:    ... okay on input line 47.
LaTeX Font Info:    Checking defaults for C11/song/m/n on input line 47.
LaTeX Font Info:    ... okay on input line 47.
LaTeX Font Info:    Checking defaults for C21/song/m/n on input line 47.
LaTeX Font Info:    ... okay on input line 47.
LaTeX Font Info:    Checking defaults for C41/song/m/n on input line 47.
LaTeX Font Info:    ... okay on input line 47.
LaTeX Font Info:    Checking defaults for C62/song/m/n on input line 47.
LaTeX Font Info:    ... okay on input line 47.
LaTeX Font Info:    Try loading font information for T1+phv on input line 47.

("C:\Users\rain\AppData\Local\Programs\MiKTeX 2.9\tex\latex\psnfss\t1phv.fd"
File: t1phv.fd 2001/06/04 scalable font definitions for T1/phv.
)
*geometry* driver: auto-detecting
*geometry* detected driver: pdftex
*geometry* verbose mode - [ preamble ] result:
* driver: pdftex
* paper: custom
* layout: <same size as paper>
* layoutoffset:(h,v)=(0.0pt,0.0pt)
* modes: includehead includefoot 
* h-part:(L,W,R)=(9.99756pt, 344.20024pt, 9.99756pt)
* v-part:(T,H,B)=(0.0pt, 273.14662pt, 0.0pt)
* \paperwidth=364.19536pt
* \paperheight=273.14662pt
* \textwidth=344.20024pt
* \textheight=244.6939pt
* \oddsidemargin=-62.27243pt
* \evensidemargin=-62.27243pt
* \topmargin=-72.26999pt
* \headheight=14.22636pt
* \headsep=0.0pt
* \topskip=10.0pt
* \footskip=14.22636pt
* \marginparwidth=3.0pt
* \marginparsep=11.0pt
* \columnsep=10.0pt
* \skip\footins=9.0pt plus 4.0pt minus 2.0pt
* \hoffset=0.0pt
* \voffset=0.0pt
* \mag=1000
* \@twocolumnfalse
* \@twosidefalse
* \@mparswitchfalse
* \@reversemarginfalse
* (1in=72.27pt=25.4mm, 1cm=28.453pt)

("C:\Program Files\MiKTeX 2.9\tex\context\base\supp-pdf.mkii"
[Loading MPS to PDF converter (version 2006.09.02).]
\scratchcounter=\count171
\scratchdimen=\dimen229
\scratchbox=\box65
\nofMPsegments=\count172
\nofMParguments=\count173
\everyMPshowfont=\toks49
\MPscratchCnt=\count174
\MPscratchDim=\dimen230
\MPnumerator=\count175
\makeMPintoPDFobject=\count176
\everyMPtoPDFconversion=\toks50
)
\AtBeginShipoutBox=\box66
Package hyperref Info: Link coloring OFF on input line 47.

("C:\Users\rain\AppData\Local\Programs\MiKTeX 2.9\tex\latex\hyperref\nameref.st
y"
Package: nameref 2016/05/21 v2.44 Cross-referencing by name of section

("C:\Users\rain\AppData\Local\Programs\MiKTeX 2.9\tex\generic\oberdiek\gettitle
string.sty"
Package: gettitlestring 2016/05/16 v1.5 Cleanup title references (HO)
)
\c@section@level=\count177
)
LaTeX Info: Redefining \ref on input line 47.
LaTeX Info: Redefining \pageref on input line 47.
LaTeX Info: Redefining \nameref on input line 47.
 (Z:\資工系\大三下\開放平台\Latex_Slide\AI_Comforter.out) (Z:\資工
\大三下\開放平台\Latex_Slide\AI_Comforter.out)
\@outlinefile=\write5
LaTeX Font Info:    Overwriting symbol font `operators' in version `normal'
(Font)                  OT1/cmr/m/n --> OT1/cmss/m/n on input line 47.
LaTeX Font Info:    Overwriting symbol font `operators' in version `bold'
(Font)                  OT1/cmr/bx/n --> OT1/cmss/bx/n on input line 47.
\symnumbers=\mathgroup6
\sympureletters=\mathgroup7
LaTeX Font Info:    Overwriting math alphabet `\mathrm' in version `normal'
(Font)                  OT1/cmss/m/n --> T1/ptm/m/n on input line 47.
LaTeX Font Info:    Redeclaring math alphabet \mathbf on input line 47.
LaTeX Font Info:    Overwriting math alphabet `\mathbf' in version `normal'
(Font)                  OT1/cmr/bx/n --> T1/phv/bx/n on input line 47.
LaTeX Font Info:    Overwriting math alphabet `\mathbf' in version `bold'
(Font)                  OT1/cmr/bx/n --> T1/phv/bx/n on input line 47.
LaTeX Font Info:    Redeclaring math alphabet \mathsf on input line 47.
LaTeX Font Info:    Overwriting math alphabet `\mathsf' in version `normal'
(Font)                  OT1/cmss/m/n --> T1/phv/m/n on input line 47.
LaTeX Font Info:    Overwriting math alphabet `\mathsf' in version `bold'
(Font)                  OT1/cmss/bx/n --> T1/phv/m/n on input line 47.
LaTeX Font Info:    Redeclaring math alphabet \mathit on input line 47.
LaTeX Font Info:    Overwriting math alphabet `\mathit' in version `normal'
(Font)                  OT1/cmr/m/it --> T1/phv/m/it on input line 47.
LaTeX Font Info:    Overwriting math alphabet `\mathit' in version `bold'
(Font)                  OT1/cmr/bx/it --> T1/phv/m/it on input line 47.
LaTeX Font Info:    Redeclaring math alphabet \mathtt on input line 47.
LaTeX Font Info:    Overwriting math alphabet `\mathtt' in version `normal'
(Font)                  OT1/cmtt/m/n --> T1/pcr/m/n on input line 47.
LaTeX Font Info:    Overwriting math alphabet `\mathtt' in version `bold'
(Font)                  OT1/cmtt/m/n --> T1/pcr/m/n on input line 47.
LaTeX Font Info:    Overwriting symbol font `numbers' in version `bold'
(Font)                  T1/phv/m/n --> T1/phv/bx/n on input line 47.
LaTeX Font Info:    Overwriting symbol font `pureletters' in version `bold'
(Font)                  T1/phv/m/it --> T1/phv/bx/it on input line 47.
LaTeX Font Info:    Overwriting math alphabet `\mathrm' in version `bold'
(Font)                  OT1/cmss/bx/n --> T1/ptm/bx/n on input line 47.
LaTeX Font Info:    Overwriting math alphabet `\mathbf' in version `bold'
(Font)                  T1/phv/bx/n --> T1/phv/bx/n on input line 47.
LaTeX Font Info:    Overwriting math alphabet `\mathsf' in version `bold'
(Font)                  T1/phv/m/n --> T1/phv/bx/n on input line 47.
LaTeX Font Info:    Overwriting math alphabet `\mathit' in version `bold'
(Font)                  T1/phv/m/it --> T1/phv/bx/it on input line 47.
LaTeX Font Info:    Overwriting math alphabet `\mathtt' in version `bold'
(Font)                  T1/pcr/m/n --> T1/pcr/bx/n on input line 47.

(Z:\資工系\大三下\開放平台\Latex_Slide\translator-basic-dictionary-En
glish.dict
Dictionary: translator-basic-dictionary, Language: English 
)
(Z:\資工系\大三下\開放平台\Latex_Slide\translator-bibliography-dictio
nary-English.dict
Dictionary: translator-bibliography-dictionary, Language: English 
)
(Z:\資工系\大三下\開放平台\Latex_Slide\translator-environment-diction
ary-English.dict
Dictionary: translator-environment-dictionary, Language: English 
)
(Z:\資工系\大三下\開放平台\Latex_Slide\translator-months-dictionary-E
nglish.dict
Dictionary: translator-months-dictionary, Language: English 
)
(Z:\資工系\大三下\開放平台\Latex_Slide\translator-numbers-dictionary-
English.dict
Dictionary: translator-numbers-dictionary, Language: English 
)
(Z:\資工系\大三下\開放平台\Latex_Slide\translator-theorem-dictionary-
English.dict
Dictionary: translator-theorem-dictionary, Language: English 
) ("C:\Program Files\MiKTeX 2.9\tex\latex\cjk\UTF8\UTF8.bdg"
File: UTF8.bdg 2015/04/18 4.8.4
)
("C:\Program Files\MiKTeX 2.9\tex\latex\cjk\UTF8\UTF8.enc"
File: UTF8.enc 2015/04/18 4.8.4
)
("C:\Program Files\MiKTeX 2.9\tex\latex\cjk\UTF8\UTF8.chr"
File: UTF8.chr 2015/04/18 4.8.4
)
(Z:\資工系\大三下\開放平台\Latex_Slide\AI_Comforter.nav)
LaTeX Font Info:    Font shape `T1/phv/bx/n' in size <5> not available
(Font)              Font shape `T1/phv/b/n' tried instead on input line 47.


Package hyperref Warning: Option `pdfauthor' has already been used,
(hyperref)                setting the option has no effect on input line 56.

LaTeX Font Info:    Try loading font information for C70+bkai on input line 80.

("C:\Program Files\MiKTeX 2.9\tex\latex\cjk\UTF8\c70bkai.fd"
File: c70bkai.fd 2015/04/18 4.8.4
)
("C:\Program Files\MiKTeX 2.9\tex\latex\cjk\UTF8\c70bkai.fdx"
File: c70bkai.fdx 2015/04/18 4.8.4
)
<./Figures/AI_Comforter_5.png, id=61, 658.46pt x 347.2975pt>
File: ./Figures/AI_Comforter_5.png Graphic file (type png)
<use ./Figures/AI_Comforter_5.png>
Package pdftex.def Info: ./Figures/AI_Comforter_5.png  used on input line 80.
(pdftex.def)             Requested size: 42.67912pt x 22.50623pt.
<./Figures/yzu-logo.png, id=63, 284.5029pt x 282.93706pt>
File: ./Figures/yzu-logo.png Graphic file (type png)
<use ./Figures/yzu-logo.png>
Package pdftex.def Info: ./Figures/yzu-logo.png  used on input line 80.
(pdftex.def)             Requested size: 25.6073pt x 25.46323pt.
LaTeX Font Info:    Font shape `T1/phv/bx/n' in size <4> not available
(Font)              Font shape `T1/phv/b/n' tried instead on input line 80.

Overfull \hbox (3.08716pt too wide) has occurred while \output is active
 [][]  
 []

[1

{C:/Users/rain/AppData/Local/MiKTeX/2.9/pdftex/config/pdftex.map} <Z:/資工系
/大三下/開放平台/Latex_Slide/Figures/AI_Comforter_5.png> <Z:/資工系/
三下/開放平台/Latex_Slide/Figures/yzu-logo.png>]
(Z:\資工系\大三下\開放平台\Latex_Slide\AI_Comforter.toc
LaTeX Font Info:    Font shape `T1/phv/bx/n' in size <7> not available
(Font)              Font shape `T1/phv/b/n' tried instead on input line 1.
)
File: ./Figures/AI_Comforter_5.png Graphic file (type png)
<use ./Figures/AI_Comforter_5.png>
Package pdftex.def Info: ./Figures/AI_Comforter_5.png  used on input line 87.
(pdftex.def)             Requested size: 42.67912pt x 22.50623pt.

Overfull \hbox (3.08716pt too wide) has occurred while \output is active
 [][]  
 []

[2

] (Z:\資工系\大三下\開放平台\Latex_Slide\AI_Comforter.toc)
File: ./Figures/AI_Comforter_5.png Graphic file (type png)
<use ./Figures/AI_Comforter_5.png>
Package pdftex.def Info: ./Figures/AI_Comforter_5.png  used on input line 89.
(pdftex.def)             Requested size: 42.67912pt x 22.50623pt.

Overfull \hbox (3.08716pt too wide) has occurred while \output is active
 [][]  
 []

[3

]
<./Figures/0.jpg, id=207, 642.4pt x 481.8pt>
File: ./Figures/0.jpg Graphic file (type jpg)
<use ./Figures/0.jpg>
Package pdftex.def Info: ./Figures/0.jpg  used on input line 106.
(pdftex.def)             Requested size: 199.16928pt x 149.37851pt.
File: ./Figures/AI_Comforter_5.png Graphic file (type png)
<use ./Figures/AI_Comforter_5.png>
Package pdftex.def Info: ./Figures/AI_Comforter_5.png  used on input line 106.
(pdftex.def)             Requested size: 42.67912pt x 22.50623pt.

Overfull \hbox (3.08716pt too wide) has occurred while \output is active
 [][]  
 []

[4

 <Z:/資工系/大三下/開放平台/Latex_Slide/Figures/0.jpg>]
<./Figures/fig_disease.pdf, id=238, 749.80125pt x 228.855pt>
File: ./Figures/fig_disease.pdf Graphic file (type pdf)
<use ./Figures/fig_disease.pdf>
Package pdftex.def Info: ./Figures/fig_disease.pdf  used on input line 124.
(pdftex.def)             Requested size: 341.43306pt x 104.21298pt.
File: ./Figures/AI_Comforter_5.png Graphic file (type png)
<use ./Figures/AI_Comforter_5.png>
Package pdftex.def Info: ./Figures/AI_Comforter_5.png  used on input line 124.
(pdftex.def)             Requested size: 42.67912pt x 22.50623pt.

Overfull \hbox (3.08716pt too wide) has occurred while \output is active
 [][]  
 []

[5

 <Z:/資工系/大三下/開放平台/Latex_Slide/Figures/fig_disease.pdf>]
<./Figures/fig_doctor.pdf, id=296, 634.37pt x 201.75375pt>
File: ./Figures/fig_doctor.pdf Graphic file (type pdf)
<use ./Figures/fig_doctor.pdf>
Package pdftex.def Info: ./Figures/fig_doctor.pdf  used on input line 141.
(pdftex.def)             Requested size: 327.20668pt x 104.06595pt.
File: ./Figures/AI_Comforter_5.png Graphic file (type png)
<use ./Figures/AI_Comforter_5.png>
Package pdftex.def Info: ./Figures/AI_Comforter_5.png  used on input line 141.
(pdftex.def)             Requested size: 42.67912pt x 22.50623pt.

Overfull \hbox (3.08716pt too wide) has occurred while \output is active
 [][]  
 []

[6

 <Z:/資工系/大三下/開放平台/Latex_Slide/Figures/fig_doctor.pdf>]
(Z:\資工系\大三下\開放平台\Latex_Slide\AI_Comforter.toc)
File: ./Figures/AI_Comforter_5.png Graphic file (type png)
<use ./Figures/AI_Comforter_5.png>
Package pdftex.def Info: ./Figures/AI_Comforter_5.png  used on input line 143.
(pdftex.def)             Requested size: 42.67912pt x 22.50623pt.

Overfull \hbox (3.08716pt too wide) has occurred while \output is active
 [][]  
 []

[7

]
<./Figures/fig_theory.pdf, id=376, 651.43375pt x 196.23312pt>
File: ./Figures/fig_theory.pdf Graphic file (type pdf)
<use ./Figures/fig_theory.pdf>
Package pdftex.def Info: ./Figures/fig_theory.pdf  used on input line 159.
(pdftex.def)             Requested size: 355.65944pt x 107.13805pt.

Overfull \hbox (11.4592pt too wide) in paragraph at lines 159--159
 [] 
 []

File: ./Figures/AI_Comforter_5.png Graphic file (type png)
<use ./Figures/AI_Comforter_5.png>
Package pdftex.def Info: ./Figures/AI_Comforter_5.png  used on input line 159.
(pdftex.def)             Requested size: 42.67912pt x 22.50623pt.

Overfull \hbox (3.08716pt too wide) has occurred while \output is active
 [][]  
 []

[8

 <Z:/資工系/大三下/開放平台/Latex_Slide/Figures/fig_theory.pdf>]
LaTeX Font Info:    Font shape `T1/phv/bx/n' in size <12> not available
(Font)              Font shape `T1/phv/b/n' tried instead on input line 191.
LaTeX Font Info:    Try loading font information for U+msa on input line 191.

("C:\Users\rain\AppData\Local\Programs\MiKTeX 2.9\tex\latex\amsfonts\umsa.fd"
File: umsa.fd 2013/01/14 v3.01 AMS symbols A
)
LaTeX Font Info:    Try loading font information for U+msb on input line 191.

("C:\Users\rain\AppData\Local\Programs\MiKTeX 2.9\tex\latex\amsfonts\umsb.fd"
File: umsb.fd 2013/01/14 v3.01 AMS symbols B
)
LaTeX Font Info:    Font shape `T1/phv/m/it' in size <10> not available
(Font)              Font shape `T1/phv/m/sl' tried instead on input line 191.
LaTeX Font Info:    Font shape `T1/phv/m/it' in size <7> not available
(Font)              Font shape `T1/phv/m/sl' tried instead on input line 191.
LaTeX Font Info:    Font shape `T1/phv/m/it' in size <5> not available
(Font)              Font shape `T1/phv/m/sl' tried instead on input line 191.
<Figures/9.jpg, id=414, 1483.5425pt x 1112.155pt>
File: Figures/9.jpg Graphic file (type jpg)
<use Figures/9.jpg>
Package pdftex.def Info: Figures/9.jpg  used on input line 191.
(pdftex.def)             Requested size: 185.86874pt x 139.3245pt.
File: ./Figures/AI_Comforter_5.png Graphic file (type png)
<use ./Figures/AI_Comforter_5.png>
Package pdftex.def Info: ./Figures/AI_Comforter_5.png  used on input line 191.
(pdftex.def)             Requested size: 42.67912pt x 22.50623pt.

Overfull \hbox (3.08716pt too wide) has occurred while \output is active
 [][]  
 []

[9

 <Z:/資工系/大三下/開放平台/Latex_Slide/Figures/9.jpg>]
<Figures/3.jpg, id=449, 602.25pt x 401.5pt>
File: Figures/3.jpg Graphic file (type jpg)
<use Figures/3.jpg>
Package pdftex.def Info: Figures/3.jpg  used on input line 224.
(pdftex.def)             Requested size: 185.86874pt x 123.91232pt.
File: ./Figures/AI_Comforter_5.png Graphic file (type png)
<use ./Figures/AI_Comforter_5.png>
Package pdftex.def Info: ./Figures/AI_Comforter_5.png  used on input line 224.
(pdftex.def)             Requested size: 42.67912pt x 22.50623pt.

Overfull \hbox (3.08716pt too wide) has occurred while \output is active
 [][]  
 []

[10

 <Z:/資工系/大三下/開放平台/Latex_Slide/Figures/3.jpg>]
LaTeX Font Info:    Font shape `T1/phv/m/it' in size <9> not available
(Font)              Font shape `T1/phv/m/sl' tried instead on input line 250.
LaTeX Font Info:    Font shape `T1/phv/m/it' in size <6> not available
(Font)              Font shape `T1/phv/m/sl' tried instead on input line 250.
File: ./Figures/AI_Comforter_5.png Graphic file (type png)
<use ./Figures/AI_Comforter_5.png>
Package pdftex.def Info: ./Figures/AI_Comforter_5.png  used on input line 250.
(pdftex.def)             Requested size: 42.67912pt x 22.50623pt.

Overfull \hbox (3.08716pt too wide) has occurred while \output is active
 [][]  
 []

[11

]
LaTeX Font Info:    Font shape `T1/phv/bx/n' in size <14.4> not available
(Font)              Font shape `T1/phv/b/n' tried instead on input line 278.
<Figures/DetectResult.pdf, id=512, 511.9125pt x 383.93437pt>
File: Figures/DetectResult.pdf Graphic file (type pdf)
<use Figures/DetectResult.pdf>
Package pdftex.def Info: Figures/DetectResult.pdf  used on input line 278.
(pdftex.def)             Requested size: 154.88904pt x 116.16539pt.
File: ./Figures/AI_Comforter_5.png Graphic file (type png)
<use ./Figures/AI_Comforter_5.png>
Package pdftex.def Info: ./Figures/AI_Comforter_5.png  used on input line 278.
(pdftex.def)             Requested size: 42.67912pt x 22.50623pt.

Overfull \hbox (3.08716pt too wide) has occurred while \output is active
 [][]  
 []

[12

 <Z:/資工系/大三下/開放平台/Latex_Slide/Figures/DetectResult.pdf>] (Z
:\資工系\大三下\開放平台\Latex_Slide\AI_Comforter.toc)
File: ./Figures/AI_Comforter_5.png Graphic file (type png)
<use ./Figures/AI_Comforter_5.png>
Package pdftex.def Info: ./Figures/AI_Comforter_5.png  used on input line 281.
(pdftex.def)             Requested size: 42.67912pt x 22.50623pt.

Overfull \hbox (3.08716pt too wide) has occurred while \output is active
 [][]  
 []

[13

]
<./Figures/UserAndServer.pdf, id=574, 980.91469pt x 659.46375pt>
File: ./Figures/UserAndServer.pdf Graphic file (type pdf)
<use ./Figures/UserAndServer.pdf>
Package pdftex.def Info: ./Figures/UserAndServer.pdf  used on input line 296.
(pdftex.def)             Requested size: 267.45572pt x 179.80847pt.
File: ./Figures/AI_Comforter_5.png Graphic file (type png)
<use ./Figures/AI_Comforter_5.png>
Package pdftex.def Info: ./Figures/AI_Comforter_5.png  used on input line 296.
(pdftex.def)             Requested size: 42.67912pt x 22.50623pt.

Overfull \hbox (3.08716pt too wide) has occurred while \output is active
 [][]  
 []

[14

 <Z:/資工系/大三下/開放平台/Latex_Slide/Figures/UserAndServer.pdf>]
<./Figures/framework_vertical.pdf, id=642, 711.15688pt x 540.51938pt>
File: ./Figures/framework_vertical.pdf Graphic file (type pdf)
<use ./Figures/framework_vertical.pdf>
Package pdftex.def Info: ./Figures/framework_vertical.pdf  used on input line 3
11.
(pdftex.def)             Requested size: 256.0748pt x 194.6363pt.
File: ./Figures/AI_Comforter_5.png Graphic file (type png)
<use ./Figures/AI_Comforter_5.png>
Package pdftex.def Info: ./Figures/AI_Comforter_5.png  used on input line 311.
(pdftex.def)             Requested size: 42.67912pt x 22.50623pt.

Overfull \hbox (3.08716pt too wide) has occurred while \output is active
 [][]  
 []

[15

 <Z:/資工系/大三下/開放平台/Latex_Slide/Figures/framework_vertical.pd
f>]
<./Figures/framework1.pdf, id=720, 1223.06938pt x 341.275pt>
File: ./Figures/framework1.pdf Graphic file (type pdf)
<use ./Figures/framework1.pdf>
Package pdftex.def Info: ./Figures/framework1.pdf  used on input line 329.
(pdftex.def)             Requested size: 142.26378pt x 39.69102pt.
<./Figures/Detect7Emotion.pdf, id=721, 571.38469pt x 244.66406pt>
File: ./Figures/Detect7Emotion.pdf Graphic file (type pdf)
<use ./Figures/Detect7Emotion.pdf>
Package pdftex.def Info: ./Figures/Detect7Emotion.pdf  used on input line 329.
(pdftex.def)             Requested size: 349.96898pt x 149.8571pt.

Overfull \hbox (5.76874pt too wide) in paragraph at lines 329--329
 [] 
 []

File: ./Figures/AI_Comforter_5.png Graphic file (type png)
<use ./Figures/AI_Comforter_5.png>
Package pdftex.def Info: ./Figures/AI_Comforter_5.png  used on input line 329.
(pdftex.def)             Requested size: 42.67912pt x 22.50623pt.

Overfull \hbox (3.08716pt too wide) has occurred while \output is active
 [][]  
 []

[16

 <Z:/資工系/大三下/開放平台/Latex_Slide/Figures/framework1.pdf> <Z:/
工系/大三下/開放平台/Latex_Slide/Figures/Detect7Emotion.pdf>]
<./Figures/framework2.pdf, id=812, 1223.06938pt x 341.275pt>
File: ./Figures/framework2.pdf Graphic file (type pdf)
<use ./Figures/framework2.pdf>
Package pdftex.def Info: ./Figures/framework2.pdf  used on input line 347.
(pdftex.def)             Requested size: 142.26378pt x 39.69102pt.
<./Figures/FrameworkFirst.pdf, id=813, 582.67688pt x 270.25969pt>
File: ./Figures/FrameworkFirst.pdf Graphic file (type pdf)
<use ./Figures/FrameworkFirst.pdf>
Package pdftex.def Info: ./Figures/FrameworkFirst.pdf  used on input line 347.
(pdftex.def)             Requested size: 349.96898pt x 162.32613pt.

Overfull \hbox (5.76874pt too wide) in paragraph at lines 347--347
 [] 
 []

File: ./Figures/AI_Comforter_5.png Graphic file (type png)
<use ./Figures/AI_Comforter_5.png>
Package pdftex.def Info: ./Figures/AI_Comforter_5.png  used on input line 347.
(pdftex.def)             Requested size: 42.67912pt x 22.50623pt.

Overfull \hbox (3.08716pt too wide) has occurred while \output is active
 [][]  
 []

[17

 <Z:/資工系/大三下/開放平台/Latex_Slide/Figures/framework2.pdf> <Z:/
工系/大三下/開放平台/Latex_Slide/Figures/FrameworkFirst.pdf>]
<./Figures/framework3.pdf, id=916, 1223.06938pt x 341.275pt>
File: ./Figures/framework3.pdf Graphic file (type pdf)
<use ./Figures/framework3.pdf>
Package pdftex.def Info: ./Figures/framework3.pdf  used on input line 371.
(pdftex.def)             Requested size: 142.26378pt x 39.69102pt.
<./Figures/501.png, id=919, 641.2758pt x 172.9662pt>
File: ./Figures/501.png Graphic file (type png)
<use ./Figures/501.png>
Package pdftex.def Info: ./Figures/501.png  used on input line 371.
(pdftex.def)             Requested size: 349.96898pt x 94.39534pt.

Overfull \hbox (5.76874pt too wide) in paragraph at lines 371--371
 [] 
 []

File: ./Figures/AI_Comforter_5.png Graphic file (type png)
<use ./Figures/AI_Comforter_5.png>
Package pdftex.def Info: ./Figures/AI_Comforter_5.png  used on input line 371.
(pdftex.def)             Requested size: 42.67912pt x 22.50623pt.

Overfull \hbox (3.08716pt too wide) has occurred while \output is active
 [][]  
 []

[18

 <Z:/資工系/大三下/開放平台/Latex_Slide/Figures/framework3.pdf> <Z:/
工系/大三下/開放平台/Latex_Slide/Figures/501.png>]
File: ./Figures/framework3.pdf Graphic file (type pdf)
<use ./Figures/framework3.pdf>
Package pdftex.def Info: ./Figures/framework3.pdf  used on input line 389.
(pdftex.def)             Requested size: 142.26378pt x 39.69102pt.
<./Figures/502.jpg, id=999, 492.3996pt x 343.0416pt>
File: ./Figures/502.jpg Graphic file (type jpg)
<use ./Figures/502.jpg>
Package pdftex.def Info: ./Figures/502.jpg  used on input line 389.
(pdftex.def)             Requested size: 256.0748pt x 178.40881pt.
File: ./Figures/AI_Comforter_5.png Graphic file (type png)
<use ./Figures/AI_Comforter_5.png>
Package pdftex.def Info: ./Figures/AI_Comforter_5.png  used on input line 389.
(pdftex.def)             Requested size: 42.67912pt x 22.50623pt.

Overfull \hbox (3.08716pt too wide) has occurred while \output is active
 [][]  
 []

[19

 <Z:/資工系/大三下/開放平台/Latex_Slide/Figures/502.jpg>]
File: ./Figures/framework3.pdf Graphic file (type pdf)
<use ./Figures/framework3.pdf>
Package pdftex.def Info: ./Figures/framework3.pdf  used on input line 407.
(pdftex.def)             Requested size: 142.26378pt x 39.69102pt.
<./Figures/503.jpg, id=1027, 486.618pt x 246.1998pt>
File: ./Figures/503.jpg Graphic file (type jpg)
<use ./Figures/503.jpg>
Package pdftex.def Info: ./Figures/503.jpg  used on input line 407.
(pdftex.def)             Requested size: 256.0748pt x 129.56111pt.
File: ./Figures/AI_Comforter_5.png Graphic file (type png)
<use ./Figures/AI_Comforter_5.png>
Package pdftex.def Info: ./Figures/AI_Comforter_5.png  used on input line 407.
(pdftex.def)             Requested size: 42.67912pt x 22.50623pt.

Overfull \hbox (3.08716pt too wide) has occurred while \output is active
 [][]  
 []

[20

 <Z:/資工系/大三下/開放平台/Latex_Slide/Figures/503.jpg>]
File: ./Figures/framework3.pdf Graphic file (type pdf)
<use ./Figures/framework3.pdf>
Package pdftex.def Info: ./Figures/framework3.pdf  used on input line 431.
(pdftex.def)             Requested size: 142.26378pt x 39.69102pt.
<./Figures/DetectResult.pdf, id=1054, 511.9125pt x 383.93437pt>
File: ./Figures/DetectResult.pdf Graphic file (type pdf)
<use ./Figures/DetectResult.pdf>
Package pdftex.def Info: ./Figures/DetectResult.pdf  used on input line 431.
(pdftex.def)             Requested size: 227.62204pt x 170.71259pt.
File: ./Figures/AI_Comforter_5.png Graphic file (type png)
<use ./Figures/AI_Comforter_5.png>
Package pdftex.def Info: ./Figures/AI_Comforter_5.png  used on input line 431.
(pdftex.def)             Requested size: 42.67912pt x 22.50623pt.

Overfull \vbox (7.28062pt too high) detected at line 431
 []


Overfull \hbox (3.08716pt too wide) has occurred while \output is active
 [][]  
 []

[21

 <Z:/資工系/大三下/開放平台/Latex_Slide/Figures/DetectResult.pdf>]
<./Figures/framework9.pdf, id=1084, 1223.06938pt x 341.275pt>
File: ./Figures/framework9.pdf Graphic file (type pdf)
<use ./Figures/framework9.pdf>
Package pdftex.def Info: ./Figures/framework9.pdf  used on input line 455.
(pdftex.def)             Requested size: 142.26378pt x 39.69102pt.
<./Figures/FrameworkSecond.pdf, id=1085, 645.16031pt x 167.12437pt>
File: ./Figures/FrameworkSecond.pdf Graphic file (type pdf)
<use ./Figures/FrameworkSecond.pdf>
Package pdftex.def Info: ./Figures/FrameworkSecond.pdf  used on input line 455.

(pdftex.def)             Requested size: 341.43306pt x 88.44542pt.
File: ./Figures/AI_Comforter_5.png Graphic file (type png)
<use ./Figures/AI_Comforter_5.png>
Package pdftex.def Info: ./Figures/AI_Comforter_5.png  used on input line 455.
(pdftex.def)             Requested size: 42.67912pt x 22.50623pt.

Overfull \hbox (3.08716pt too wide) has occurred while \output is active
 [][]  
 []

[22

 <Z:/資工系/大三下/開放平台/Latex_Slide/Figures/framework9.pdf> <Z:/
工系/大三下/開放平台/Latex_Slide/Figures/FrameworkSecond.pdf>]
<./Figures/framework4.pdf, id=1196, 1223.06938pt x 341.275pt>
File: ./Figures/framework4.pdf Graphic file (type pdf)
<use ./Figures/framework4.pdf>
Package pdftex.def Info: ./Figures/framework4.pdf  used on input line 479.
(pdftex.def)             Requested size: 142.26378pt x 39.69102pt.
<./Figures/505.jpg, id=1197, 622.4856pt x 249.5724pt>
File: ./Figures/505.jpg Graphic file (type jpg)
<use ./Figures/505.jpg>
Package pdftex.def Info: ./Figures/505.jpg  used on input line 479.
(pdftex.def)             Requested size: 341.43306pt x 136.89203pt.
File: ./Figures/AI_Comforter_5.png Graphic file (type png)
<use ./Figures/AI_Comforter_5.png>
Package pdftex.def Info: ./Figures/AI_Comforter_5.png  used on input line 479.
(pdftex.def)             Requested size: 42.67912pt x 22.50623pt.

Overfull \hbox (3.08716pt too wide) has occurred while \output is active
 [][]  
 []

[23

 <Z:/資工系/大三下/開放平台/Latex_Slide/Figures/framework4.pdf> <Z:/
工系/大三下/開放平台/Latex_Slide/Figures/505.jpg>]
<./Figures/framework5.pdf, id=1274, 1223.06938pt x 341.275pt>
File: ./Figures/framework5.pdf Graphic file (type pdf)
<use ./Figures/framework5.pdf>
Package pdftex.def Info: ./Figures/framework5.pdf  used on input line 503.
(pdftex.def)             Requested size: 142.26378pt x 39.69102pt.
<./Figures/504.jpg, id=1278, 622.4856pt x 249.5724pt>
File: ./Figures/504.jpg Graphic file (type jpg)
<use ./Figures/504.jpg>
Package pdftex.def Info: ./Figures/504.jpg  used on input line 503.
(pdftex.def)             Requested size: 341.43306pt x 136.89203pt.
File: ./Figures/AI_Comforter_5.png Graphic file (type png)
<use ./Figures/AI_Comforter_5.png>
Package pdftex.def Info: ./Figures/AI_Comforter_5.png  used on input line 503.
(pdftex.def)             Requested size: 42.67912pt x 22.50623pt.

Overfull \hbox (3.08716pt too wide) has occurred while \output is active
 [][]  
 []

[24

 <Z:/資工系/大三下/開放平台/Latex_Slide/Figures/framework5.pdf> <Z:/
工系/大三下/開放平台/Latex_Slide/Figures/504.jpg>]
<./Figures/framework6.pdf, id=1358, 1223.06938pt x 341.275pt>
File: ./Figures/framework6.pdf Graphic file (type pdf)
<use ./Figures/framework6.pdf>
Package pdftex.def Info: ./Figures/framework6.pdf  used on input line 527.
(pdftex.def)             Requested size: 142.26378pt x 39.69102pt.
<./Figures/506.jpg, id=1361, 555.0336pt x 214.401pt>
File: ./Figures/506.jpg Graphic file (type jpg)
<use ./Figures/506.jpg>
Package pdftex.def Info: ./Figures/506.jpg  used on input line 527.
(pdftex.def)             Requested size: 341.43306pt x 131.89017pt.
File: ./Figures/AI_Comforter_5.png Graphic file (type png)
<use ./Figures/AI_Comforter_5.png>
Package pdftex.def Info: ./Figures/AI_Comforter_5.png  used on input line 527.
(pdftex.def)             Requested size: 42.67912pt x 22.50623pt.

Overfull \hbox (3.08716pt too wide) has occurred while \output is active
 [][]  
 []

[25

 <Z:/資工系/大三下/開放平台/Latex_Slide/Figures/framework6.pdf> <Z:/
工系/大三下/開放平台/Latex_Slide/Figures/506.jpg>]
<./Figures/framework7.pdf, id=1441, 1223.06938pt x 341.275pt>
File: ./Figures/framework7.pdf Graphic file (type pdf)
<use ./Figures/framework7.pdf>
Package pdftex.def Info: ./Figures/framework7.pdf  used on input line 551.
(pdftex.def)             Requested size: 142.26378pt x 39.69102pt.
<./Figures/507.jpg, id=1442, 560.3334pt x 268.3626pt>
File: ./Figures/507.jpg Graphic file (type jpg)
<use ./Figures/507.jpg>
Package pdftex.def Info: ./Figures/507.jpg  used on input line 551.
(pdftex.def)             Requested size: 284.52756pt x 136.27344pt.
File: ./Figures/AI_Comforter_5.png Graphic file (type png)
<use ./Figures/AI_Comforter_5.png>
Package pdftex.def Info: ./Figures/AI_Comforter_5.png  used on input line 551.
(pdftex.def)             Requested size: 42.67912pt x 22.50623pt.

Overfull \hbox (3.08716pt too wide) has occurred while \output is active
 [][]  
 []

[26

 <Z:/資工系/大三下/開放平台/Latex_Slide/Figures/framework7.pdf> <Z:/
工系/大三下/開放平台/Latex_Slide/Figures/507.jpg>]
<./Figures/framework8.pdf, id=1519, 1223.06938pt x 341.275pt>
File: ./Figures/framework8.pdf Graphic file (type pdf)
<use ./Figures/framework8.pdf>
Package pdftex.def Info: ./Figures/framework8.pdf  used on input line 575.
(pdftex.def)             Requested size: 142.26378pt x 39.69102pt.
<./Figures/result.pdf, id=1521, 398.23781pt x 187.45032pt>
File: ./Figures/result.pdf Graphic file (type pdf)
<use ./Figures/result.pdf>
Package pdftex.def Info: ./Figures/result.pdf  used on input line 575.
(pdftex.def)             Requested size: 312.9803pt x 147.32614pt.
File: ./Figures/AI_Comforter_5.png Graphic file (type png)
<use ./Figures/AI_Comforter_5.png>
Package pdftex.def Info: ./Figures/AI_Comforter_5.png  used on input line 575.
(pdftex.def)             Requested size: 42.67912pt x 22.50623pt.

Overfull \hbox (3.08716pt too wide) has occurred while \output is active
 [][]  
 []

[27

 <Z:/資工系/大三下/開放平台/Latex_Slide/Figures/framework8.pdf> <Z:/
工系/大三下/開放平台/Latex_Slide/Figures/result.pdf>]
<./Figures/UserAndServer2.pdf, id=1612, 981.16562pt x 663.98062pt>
File: ./Figures/UserAndServer2.pdf Graphic file (type pdf)
<use ./Figures/UserAndServer2.pdf>
Package pdftex.def Info: ./Figures/UserAndServer2.pdf  used on input line 590.
(pdftex.def)             Requested size: 267.45572pt x 180.98938pt.
File: ./Figures/AI_Comforter_5.png Graphic file (type png)
<use ./Figures/AI_Comforter_5.png>
Package pdftex.def Info: ./Figures/AI_Comforter_5.png  used on input line 590.
(pdftex.def)             Requested size: 42.67912pt x 22.50623pt.

Overfull \hbox (3.08716pt too wide) has occurred while \output is active
 [][]  
 []

[28

 <Z:/資工系/大三下/開放平台/Latex_Slide/Figures/UserAndServer2.pdf>]
<./Figures/web.pdf, id=1679, 320.19624pt x 173.14688pt>
File: ./Figures/web.pdf Graphic file (type pdf)
<use ./Figures/web.pdf>
Package pdftex.def Info: ./Figures/web.pdf  used on input line 609.
(pdftex.def)             Requested size: 275.99164pt x 149.24423pt.
File: ./Figures/AI_Comforter_5.png Graphic file (type png)
<use ./Figures/AI_Comforter_5.png>
Package pdftex.def Info: ./Figures/AI_Comforter_5.png  used on input line 609.
(pdftex.def)             Requested size: 42.67912pt x 22.50623pt.

Overfull \hbox (3.08716pt too wide) has occurred while \output is active
 [][]  
 []

[29

 <Z:/資工系/大三下/開放平台/Latex_Slide/Figures/web.pdf>]
<./Figures/web2.pdf, id=1710, 320.19624pt x 135.50626pt>
File: ./Figures/web2.pdf Graphic file (type pdf)
<use ./Figures/web2.pdf>
Package pdftex.def Info: ./Figures/web2.pdf  used on input line 624.
(pdftex.def)             Requested size: 275.99164pt x 116.79982pt.
File: ./Figures/AI_Comforter_5.png Graphic file (type png)
<use ./Figures/AI_Comforter_5.png>
Package pdftex.def Info: ./Figures/AI_Comforter_5.png  used on input line 624.
(pdftex.def)             Requested size: 42.67912pt x 22.50623pt.

Overfull \hbox (3.08716pt too wide) has occurred while \output is active
 [][]  
 []

[30

 <Z:/資工系/大三下/開放平台/Latex_Slide/Figures/web2.pdf>]
<./Figures/web3.pdf, id=1749, 320.19624pt x 187.70125pt>
File: ./Figures/web3.pdf Graphic file (type pdf)
<use ./Figures/web3.pdf>
Package pdftex.def Info: ./Figures/web3.pdf  used on input line 639.
(pdftex.def)             Requested size: 275.99164pt x 161.78938pt.
File: ./Figures/AI_Comforter_5.png Graphic file (type png)
<use ./Figures/AI_Comforter_5.png>
Package pdftex.def Info: ./Figures/AI_Comforter_5.png  used on input line 639.
(pdftex.def)             Requested size: 42.67912pt x 22.50623pt.

Overfull \hbox (3.08716pt too wide) has occurred while \output is active
 [][]  
 []

[31

 <Z:/資工系/大三下/開放平台/Latex_Slide/Figures/web3.pdf>]
<./Figures/web4.pdf, id=1792, 320.19624pt x 187.70125pt>
File: ./Figures/web4.pdf Graphic file (type pdf)
<use ./Figures/web4.pdf>
Package pdftex.def Info: ./Figures/web4.pdf  used on input line 654.
(pdftex.def)             Requested size: 275.99164pt x 161.78938pt.
File: ./Figures/AI_Comforter_5.png Graphic file (type png)
<use ./Figures/AI_Comforter_5.png>
Package pdftex.def Info: ./Figures/AI_Comforter_5.png  used on input line 654.
(pdftex.def)             Requested size: 42.67912pt x 22.50623pt.

Overfull \hbox (3.08716pt too wide) has occurred while \output is active
 [][]  
 []

[32

 <Z:/資工系/大三下/開放平台/Latex_Slide/Figures/web4.pdf>]
(Z:\資工系\大三下\開放平台\Latex_Slide\AI_Comforter.toc)
File: ./Figures/AI_Comforter_5.png Graphic file (type png)
<use ./Figures/AI_Comforter_5.png>
Package pdftex.def Info: ./Figures/AI_Comforter_5.png  used on input line 656.
(pdftex.def)             Requested size: 42.67912pt x 22.50623pt.

Overfull \hbox (3.08716pt too wide) has occurred while \output is active
 [][]  
 []

[33

]
<./Figures/508.jpg, id=1861, 409.53pt x 141.7816pt>
File: ./Figures/508.jpg Graphic file (type jpg)
<use ./Figures/508.jpg>
Package pdftex.def Info: ./Figures/508.jpg  used on input line 676.
(pdftex.def)             Requested size: 227.62204pt x 78.80653pt.
<./Figures/509.jpg, id=1862, 717.882pt x 115.632pt>
File: ./Figures/509.jpg Graphic file (type jpg)
<use ./Figures/509.jpg>
Package pdftex.def Info: ./Figures/509.jpg  used on input line 676.
(pdftex.def)             Requested size: 341.43306pt x 54.99457pt.
File: ./Figures/AI_Comforter_5.png Graphic file (type png)
<use ./Figures/AI_Comforter_5.png>
Package pdftex.def Info: ./Figures/AI_Comforter_5.png  used on input line 676.
(pdftex.def)             Requested size: 42.67912pt x 22.50623pt.

Overfull \hbox (3.08716pt too wide) has occurred while \output is active
 [][]  
 []

[34

 <Z:/資工系/大三下/開放平台/Latex_Slide/Figures/508.jpg> <Z:/資工
/大三下/開放平台/Latex_Slide/Figures/509.jpg>]
<./Figures/510.jpg, id=1889, 196.0926pt x 141.22992pt>
File: ./Figures/510.jpg Graphic file (type jpg)
<use ./Figures/510.jpg>
Package pdftex.def Info: ./Figures/510.jpg  used on input line 696.
(pdftex.def)             Requested size: 113.81102pt x 81.97157pt.
<./Figures/511.jpg, id=1890, 389.7762pt x 144.0582pt>
File: ./Figures/511.jpg Graphic file (type jpg)
<use ./Figures/511.jpg>
Package pdftex.def Info: ./Figures/511.jpg  used on input line 696.
(pdftex.def)             Requested size: 227.62204pt x 84.12752pt.
File: ./Figures/AI_Comforter_5.png Graphic file (type png)
<use ./Figures/AI_Comforter_5.png>
Package pdftex.def Info: ./Figures/AI_Comforter_5.png  used on input line 696.
(pdftex.def)             Requested size: 42.67912pt x 22.50623pt.

Overfull \hbox (3.08716pt too wide) has occurred while \output is active
 [][]  
 []

[35

 <Z:/資工系/大三下/開放平台/Latex_Slide/Figures/510.jpg> <Z:/資工
/大三下/開放平台/Latex_Slide/Figures/511.jpg>]
(Z:\資工系\大三下\開放平台\Latex_Slide\AI_Comforter.toc)
File: ./Figures/AI_Comforter_5.png Graphic file (type png)
<use ./Figures/AI_Comforter_5.png>
Package pdftex.def Info: ./Figures/AI_Comforter_5.png  used on input line 698.
(pdftex.def)             Requested size: 42.67912pt x 22.50623pt.

Overfull \hbox (3.08716pt too wide) has occurred while \output is active
 [][]  
 []

[36

]
File: Figures/DetectResult.pdf Graphic file (type pdf)
<use Figures/DetectResult.pdf>
Package pdftex.def Info: Figures/DetectResult.pdf  used on input line 724.
(pdftex.def)             Requested size: 154.88904pt x 116.16539pt.
File: ./Figures/AI_Comforter_5.png Graphic file (type png)
<use ./Figures/AI_Comforter_5.png>
Package pdftex.def Info: ./Figures/AI_Comforter_5.png  used on input line 724.
(pdftex.def)             Requested size: 42.67912pt x 22.50623pt.

Overfull \hbox (3.08716pt too wide) has occurred while \output is active
 [][]  
 []

[37

]
File: ./Figures/AI_Comforter_5.png Graphic file (type png)
<use ./Figures/AI_Comforter_5.png>
Package pdftex.def Info: ./Figures/AI_Comforter_5.png  used on input line 748.
(pdftex.def)             Requested size: 42.67912pt x 22.50623pt.

Overfull \hbox (3.08716pt too wide) has occurred while \output is active
 [][]  
 []

[38

]
File: ./Figures/AI_Comforter_5.png Graphic file (type png)
<use ./Figures/AI_Comforter_5.png>
Package pdftex.def Info: ./Figures/AI_Comforter_5.png  used on input line 771.
(pdftex.def)             Requested size: 42.67912pt x 22.50623pt.

Overfull \hbox (3.08716pt too wide) has occurred while \output is active
 [][]  
 []

[39

]
\tf@nav=\write6
\tf@toc=\write7
\tf@snm=\write8
Package atveryend Info: Empty hook `BeforeClearDocument' on input line 774.
Package atveryend Info: Empty hook `AfterLastShipout' on input line 774.
 (Z:\資工系\大三下\開放平台\Latex_Slide\AI_Comforter.aux)
Package atveryend Info: Executing hook `AtVeryEndDocument' on input line 774.
Package atveryend Info: Executing hook `AtEndAfterFileList' on input line 774.
Package rerunfilecheck Info: File `AI_Comforter.out' has not changed.
(rerunfilecheck)             Checksum: 65C33C7EF01F033C81F982E70D4B1703;328.
 ) 
Here is how much of TeX's memory you used:
 22125 strings out of 494045
 401091 string characters out of 3148389
 482197 words of memory out of 3000000
 24504 multiletter control sequences out of 15000+200000
 90737 words of font info for 211 fonts, out of 3000000 for 9000
 715 hyphenation exceptions out of 8191
 56i,16n,64p,779b,1446s stack positions out of 5000i,500n,10000p,200000b,50000s
{C:/Users/rain/AppData/Local/Programs/MiKTeX 2.9/fonts/enc/dvips/base/8r.enc}
<C:/Program Files/MiKTeX 2.9/fonts/type1/arphic/bkaiu/bkaiu03.pfb><C:/Program F
iles/MiKTeX 2.9/fonts/type1/arphic/bkaiu/bkaiu30.pfb><C:/Program Files/MiKTeX 2
.9/fonts/type1/arphic/bkaiu/bkaiu4e.pfb><C:/Program Files/MiKTeX 2.9/fonts/type
1/arphic/bkaiu/bkaiu4f.pfb><C:/Program Files/MiKTeX 2.9/fonts/type1/arphic/bkai
u/bkaiu50.pfb><C:/Program Files/MiKTeX 2.9/fonts/type1/arphic/bkaiu/bkaiu51.pfb
><C:/Program Files/MiKTeX 2.9/fonts/type1/arphic/bkaiu/bkaiu52.pfb><C:/Program 
Files/MiKTeX 2.9/fonts/type1/arphic/bkaiu/bkaiu53.pfb><C:/Program Files/MiKTeX 
2.9/fonts/type1/arphic/bkaiu/bkaiu54.pfb><C:/Program Files/MiKTeX 2.9/fonts/typ
e1/arphic/bkaiu/bkaiu55.pfb><C:/Program Files/MiKTeX 2.9/fonts/type1/arphic/bka
iu/bkaiu56.pfb><C:/Program Files/MiKTeX 2.9/fonts/type1/arphic/bkaiu/bkaiu57.pf
b><C:/Program Files/MiKTeX 2.9/fonts/type1/arphic/bkaiu/bkaiu59.pfb><C:/Program
 Files/MiKTeX 2.9/fonts/type1/arphic/bkaiu/bkaiu5b.pfb><C:/Program Files/MiKTeX
 2.9/fonts/type1/arphic/bkaiu/bkaiu5c.pfb><C:/Program Files/MiKTeX 2.9/fonts/ty
pe1/arphic/bkaiu/bkaiu5e.pfb><C:/Program Files/MiKTeX 2.9/fonts/type1/arphic/bk
aiu/bkaiu5f.pfb><C:/Program Files/MiKTeX 2.9/fonts/type1/arphic/bkaiu/bkaiu60.p
fb><C:/Program Files/MiKTeX 2.9/fonts/type1/arphic/bkaiu/bkaiu61.pfb><C:/Progra
m Files/MiKTeX 2.9/fonts/type1/arphic/bkaiu/bkaiu62.pfb><C:/Program Files/MiKTe
X 2.9/fonts/type1/arphic/bkaiu/bkaiu63.pfb><C:/Program Files/MiKTeX 2.9/fonts/t
ype1/arphic/bkaiu/bkaiu64.pfb><C:/Program Files/MiKTeX 2.9/fonts/type1/arphic/b
kaiu/bkaiu65.pfb><C:/Program Files/MiKTeX 2.9/fonts/type1/arphic/bkaiu/bkaiu66.
pfb><C:/Program Files/MiKTeX 2.9/fonts/type1/arphic/bkaiu/bkaiu67.pfb><C:/Progr
am Files/MiKTeX 2.9/fonts/type1/arphic/bkaiu/bkaiu69.pfb><C:/Program Files/MiKT
eX 2.9/fonts/type1/arphic/bkaiu/bkaiu6a.pfb><C:/Program Files/MiKTeX 2.9/fonts/
type1/arphic/bkaiu/bkaiu6b.pfb><C:/Program Files/MiKTeX 2.9/fonts/type1/arphic/
bkaiu/bkaiu6c.pfb><C:/Program Files/MiKTeX 2.9/fonts/type1/arphic/bkaiu/bkaiu6d
.pfb><C:/Program Files/MiKTeX 2.9/fonts/type1/arphic/bkaiu/bkaiu6e.pfb><C:/Prog
ram Files/MiKTeX 2.9/fonts/type1/arphic/bkaiu/bkaiu72.pfb><C:/Program Files/MiK
TeX 2.9/fonts/type1/arphic/bkaiu/bkaiu73.pfb><C:/Program Files/MiKTeX 2.9/fonts
/type1/arphic/bkaiu/bkaiu74.pfb><C:/Program Files/MiKTeX 2.9/fonts/type1/arphic
/bkaiu/bkaiu75.pfb><C:/Program Files/MiKTeX 2.9/fonts/type1/arphic/bkaiu/bkaiu7
6.pfb><C:/Program Files/MiKTeX 2.9/fonts/type1/arphic/bkaiu/bkaiu77.pfb><C:/Pro
gram Files/MiKTeX 2.9/fonts/type1/arphic/bkaiu/bkaiu78.pfb><C:/Program Files/Mi
KTeX 2.9/fonts/type1/arphic/bkaiu/bkaiu7a.pfb><C:/Program Files/MiKTeX 2.9/font
s/type1/arphic/bkaiu/bkaiu7b.pfb><C:/Program Files/MiKTeX 2.9/fonts/type1/arphi
c/bkaiu/bkaiu7c.pfb><C:/Program Files/MiKTeX 2.9/fonts/type1/arphic/bkaiu/bkaiu
7d.pfb><C:/Program Files/MiKTeX 2.9/fonts/type1/arphic/bkaiu/bkaiu7e.pfb><C:/Pr
ogram Files/MiKTeX 2.9/fonts/type1/arphic/bkaiu/bkaiu80.pfb><C:/Program Files/M
iKTeX 2.9/fonts/type1/arphic/bkaiu/bkaiu82.pfb><C:/Program Files/MiKTeX 2.9/fon
ts/type1/arphic/bkaiu/bkaiu85.pfb><C:/Program Files/MiKTeX 2.9/fonts/type1/arph
ic/bkaiu/bkaiu87.pfb><C:/Program Files/MiKTeX 2.9/fonts/type1/arphic/bkaiu/bkai
u88.pfb><C:/Program Files/MiKTeX 2.9/fonts/type1/arphic/bkaiu/bkaiu89.pfb><C:/P
rogram Files/MiKTeX 2.9/fonts/type1/arphic/bkaiu/bkaiu8a.pfb><C:/Program Files/
MiKTeX 2.9/fonts/type1/arphic/bkaiu/bkaiu8b.pfb><C:/Program Files/MiKTeX 2.9/fo
nts/type1/arphic/bkaiu/bkaiu8c.pfb><C:/Program Files/MiKTeX 2.9/fonts/type1/arp
hic/bkaiu/bkaiu8d.pfb><C:/Program Files/MiKTeX 2.9/fonts/type1/arphic/bkaiu/bka
iu8e.pfb><C:/Program Files/MiKTeX 2.9/fonts/type1/arphic/bkaiu/bkaiu8f.pfb><C:/
Program Files/MiKTeX 2.9/fonts/type1/arphic/bkaiu/bkaiu91.pfb><C:/Program Files
/MiKTeX 2.9/fonts/type1/arphic/bkaiu/bkaiu93.pfb><C:/Program Files/MiKTeX 2.9/f
onts/type1/arphic/bkaiu/bkaiu95.pfb><C:/Program Files/MiKTeX 2.9/fonts/type1/ar
phic/bkaiu/bkaiu96.pfb><C:/Program Files/MiKTeX 2.9/fonts/type1/arphic/bkaiu/bk
aiu97.pfb><C:/Program Files/MiKTeX 2.9/fonts/type1/arphic/bkaiu/bkaiu98.pfb><C:
/Program Files/MiKTeX 2.9/fonts/type1/arphic/bkaiu/bkaiu9a.pfb><C:/Program File
s/MiKTeX 2.9/fonts/type1/arphic/bkaiu/bkaiu9f.pfb><C:/Program Files/MiKTeX 2.9/
fonts/type1/arphic/bkaiu/bkaiuff.pfb><C:/Users/rain/AppData/Local/Programs/MiKT
eX 2.9/fonts/type1/urw/helvetic/uhvb8a.pfb><C:/Users/rain/AppData/Local/Program
s/MiKTeX 2.9/fonts/type1/urw/helvetic/uhvr8a.pfb>
Output written on AI_Comforter.pdf (39 pages, 7258990 bytes).
PDF statistics:
 2254 PDF objects out of 2487 (max. 8388607)
 86 named destinations out of 1000 (max. 500000)
 580 words of extra memory for PDF output out of 10000 (max. 10000000)

